<?xml version="1.0" encoding="UTF-8"?>
<testsuite xmlns:xsi="http://www.w3.org/2001/XMLSchema-instance" xsi:schemaLocation="https://maven.apache.org/surefire/maven-surefire-plugin/xsd/surefire-test-report.xsd" name="TestSuite" time="393.649" tests="24" errors="0" skipped="2" failures="1">
  <properties>
[...]
</properties>
  <testcase name="TC_18_JumpPoints_001_Alpina" classname="uk.co.sytner.hompage.JumpPoint" time="15.568"/>
  <testcase name="TC_19_JumpPoints_002_Audi" classname="uk.co.sytner.hompage.JumpPoint" time="17.057"/>
  <testcase name="TC_20_JumpPoints_003_Bentley" classname="uk.co.sytner.hompage.JumpPoint" time="16.58"/>
  <testcase name="TC_21_JumpPoints_004_BMW" classname="uk.co.sytner.hompage.JumpPoint" time="13.3"/>
  <testcase name="TC_22_JumpPoints_005_Ferrari" classname="uk.co.sytner.hompage.JumpPoint" time="15.084"/>
  <testcase name="TC_23_JumpPoints_006_AstonMartin" classname="uk.co.sytner.hompage.JumpPoint" time="10.501"/>
  <testcase name="TC_24_JumpPoints_007_Jaguar" classname="uk.co.sytner.hompage.JumpPoint" time="12.398"/>
  <testcase name="TC_25_JumpPoints_008_LandRover" classname="uk.co.sytner.hompage.JumpPoint" time="0">
    <skipped/>
    <system-out><![CDATA[2019-08-14 23:07:45,277 INFO  uk.co.sytner.hompage.JumpPoint - JumpPoint Alpine - VP: Verify if LandRover jump point is displayed
2019-08-14 23:07:46,269 INFO  uk.co.sytner.hompage.JumpPoint - ===PASSED==
2019-08-14 23:07:46,269 INFO  uk.co.sytner.hompage.JumpPoint - JumpPoint Alpine - Step 01: Move On LandRover jump point
2019-08-14 23:07:49,329 INFO  uk.co.sytner.hompage.JumpPoint - JumpPoint Alpine - VP: Verify if LandRover icon is displayed
2019-08-14 23:07:49,382 INFO  uk.co.sytner.hompage.JumpPoint - ===PASSED==
2019-08-14 23:07:49,383 INFO  uk.co.sytner.hompage.JumpPoint - JumpPoint Alpine - Step 02: Click On LandRover jump point
2019-08-14 23:07:57,687 INFO  uk.co.sytner.hompage.JumpPoint - JumpPoint Alpine - VP: Verify if LandRover page is displayed
2019-08-14 23:07:57,695 INFO  uk.co.sytner.hompage.JumpPoint - ===FAILED==
2019-08-14 23:07:57,700 INFO  uk.co.sytner.hompage.JumpPoint - JumpPoint Alpine - Post-condition: Click to Sytner Logo to back to homepage
Retry test name: TC_25_JumpPoints_008_LandRover with: 1time(s).
]]></system-out>
  </testcase>
  <testcase name="TC_25_JumpPoints_008_LandRover" classname="uk.co.sytner.hompage.JumpPoint" time="0">
    <skipped/>
    <system-out><![CDATA[2019-08-14 23:08:00,392 INFO  uk.co.sytner.hompage.JumpPoint - JumpPoint Alpine - VP: Verify if LandRover jump point is displayed
2019-08-14 23:08:01,680 INFO  uk.co.sytner.hompage.JumpPoint - ===PASSED==
2019-08-14 23:08:01,681 INFO  uk.co.sytner.hompage.JumpPoint - JumpPoint Alpine - Step 01: Move On LandRover jump point
2019-08-14 23:08:04,240 INFO  uk.co.sytner.hompage.JumpPoint - JumpPoint Alpine - VP: Verify if LandRover icon is displayed
2019-08-14 23:08:04,301 INFO  uk.co.sytner.hompage.JumpPoint - ===PASSED==
2019-08-14 23:08:04,301 INFO  uk.co.sytner.hompage.JumpPoint - JumpPoint Alpine - Step 02: Click On LandRover jump point
2019-08-14 23:08:06,812 INFO  uk.co.sytner.hompage.JumpPoint - JumpPoint Alpine - VP: Verify if LandRover page is displayed
2019-08-14 23:08:07,170 INFO  uk.co.sytner.hompage.JumpPoint - ===FAILED==
2019-08-14 23:08:07,171 INFO  uk.co.sytner.hompage.JumpPoint - JumpPoint Alpine - Post-condition: Click to Sytner Logo to back to homepage
Retry test name: TC_25_JumpPoints_008_LandRover with: 2time(s).
]]></system-out>
  </testcase>
  <testcase name="TC_25_JumpPoints_008_LandRover" classname="uk.co.sytner.hompage.JumpPoint" time="17.04">
    <failure message="expected [true] but found [false]" type="java.lang.AssertionError">java.lang.AssertionError: expected [true] but found [false]
	at uk.co.sytner.hompage.JumpPoint.TC_25_JumpPoints_008_LandRover(JumpPoint.java:187)
</failure>
    <system-out><![CDATA[2019-08-14 23:08:14,470 INFO  uk.co.sytner.hompage.JumpPoint - JumpPoint Alpine - VP: Verify if LandRover jump point is displayed
2019-08-14 23:08:16,877 INFO  uk.co.sytner.hompage.JumpPoint - ===PASSED==
2019-08-14 23:08:16,878 INFO  uk.co.sytner.hompage.JumpPoint - JumpPoint Alpine - Step 01: Move On LandRover jump point
2019-08-14 23:08:20,669 INFO  uk.co.sytner.hompage.JumpPoint - JumpPoint Alpine - VP: Verify if LandRover icon is displayed
2019-08-14 23:08:20,718 INFO  uk.co.sytner.hompage.JumpPoint - ===PASSED==
2019-08-14 23:08:20,718 INFO  uk.co.sytner.hompage.JumpPoint - JumpPoint Alpine - Step 02: Click On LandRover jump point
2019-08-14 23:08:23,324 INFO  uk.co.sytner.hompage.JumpPoint - JumpPoint Alpine - VP: Verify if LandRover page is displayed
2019-08-14 23:08:23,711 INFO  uk.co.sytner.hompage.JumpPoint - ===FAILED==
2019-08-14 23:08:23,712 INFO  uk.co.sytner.hompage.JumpPoint - JumpPoint Alpine - Post-condition: Click to Sytner Logo to back to homepage
]]></system-out>
  </testcase>
  <testcase name="TC_26_JumpPoints_009_Lamborghini" classname="uk.co.sytner.hompage.JumpPoint" time="10.653"/>
  <testcase name="TC_27_JumpPoints_010_SytnerSelect" classname="uk.co.sytner.hompage.JumpPoint" time="14.872"/>
  <testcase name="TC_28_JumpPoints_011_Maserati" classname="uk.co.sytner.hompage.JumpPoint" time="17.147"/>
  <testcase name="TC_29_JumpPoints_012_McLaren" classname="uk.co.sytner.hompage.JumpPoint" time="17.23"/>
  <testcase name="TC_30_JumpPoints_013_MercedesBenz" classname="uk.co.sytner.hompage.JumpPoint" time="14.933"/>
  <testcase name="TC_31_JumpPoints_014_Mini" classname="uk.co.sytner.hompage.JumpPoint" time="18.065"/>
  <testcase name="TC_32_JumpPoints_015_Porsche" classname="uk.co.sytner.hompage.JumpPoint" time="18.248"/>
  <testcase name="TC_33_JumpPoints_016_RollsRoyce" classname="uk.co.sytner.hompage.JumpPoint" time="12.502"/>
  <testcase name="TC_34_JumpPoints_017_Seat" classname="uk.co.sytner.hompage.JumpPoint" time="18.839"/>
  <testcase name="TC_35_JumpPoints_018_Skoda" classname="uk.co.sytner.hompage.JumpPoint" time="14.201"/>
  <testcase name="TC_36_JumpPoints_019_Smart" classname="uk.co.sytner.hompage.JumpPoint" time="14.179"/>
  <testcase name="TC_37_JumpPoints_020_Volkswagen" classname="uk.co.sytner.hompage.JumpPoint" time="12.998"/>
  <testcase name="TC_38_JumpPoints_021_VolkswagenCommercial" classname="uk.co.sytner.hompage.JumpPoint" time="13.984"/>
  <testcase name="TC_39_JumpPoints_022_Volvo" classname="uk.co.sytner.hompage.JumpPoint" time="14.898"/>
</testsuite>