<?xml version="1.0" encoding="UTF-8"?>
<testng-results skipped="44" failed="22" total="66" passed="0">
  <reporter-output>
    <line>
      <![CDATA[2020-09-20 19:49:47,341 INFO  uk.co.sytner.hompage.JumpPoint - JumpPoint Alpine - VP: Verify if Alpina jump point is displayed
]]>
    </line>
    <line>
      <![CDATA[2020-09-20 19:49:47,782 INFO  uk.co.sytner.hompage.JumpPoint - ===PASSED==
]]>
    </line>
    <line>
      <![CDATA[2020-09-20 19:49:47,783 INFO  uk.co.sytner.hompage.JumpPoint - JumpPoint Alpine - Step 01: Move On Alpina jump point
]]>
    </line>
    <line>
      <![CDATA[2020-09-20 19:50:18,143 INFO  uk.co.sytner.hompage.JumpPoint - JumpPoint Alpine - VP: Verify if Alpina jump point is displayed
]]>
    </line>
    <line>
      <![CDATA[2020-09-20 19:50:18,188 INFO  uk.co.sytner.hompage.JumpPoint - ===PASSED==
]]>
    </line>
    <line>
      <![CDATA[2020-09-20 19:50:18,188 INFO  uk.co.sytner.hompage.JumpPoint - JumpPoint Alpine - Step 01: Move On Alpina jump point
]]>
    </line>
    <line>
      <![CDATA[2020-09-20 19:50:48,323 INFO  uk.co.sytner.hompage.JumpPoint - JumpPoint Alpine - VP: Verify if Alpina jump point is displayed
]]>
    </line>
    <line>
      <![CDATA[2020-09-20 19:50:48,361 INFO  uk.co.sytner.hompage.JumpPoint - ===PASSED==
]]>
    </line>
    <line>
      <![CDATA[2020-09-20 19:50:48,361 INFO  uk.co.sytner.hompage.JumpPoint - JumpPoint Alpine - Step 01: Move On Alpina jump point
]]>
    </line>
    <line>
      <![CDATA[2020-09-20 19:51:18,602 INFO  uk.co.sytner.hompage.JumpPoint - JumpPoint Alpine - VP: Verify if Audi jump point is displayed
]]>
    </line>
    <line>
      <![CDATA[2020-09-20 19:51:18,644 INFO  uk.co.sytner.hompage.JumpPoint - ===PASSED==
]]>
    </line>
    <line>
      <![CDATA[2020-09-20 19:51:18,644 INFO  uk.co.sytner.hompage.JumpPoint - JumpPoint Alpine - Step 01: Move On Audi jump point
]]>
    </line>
    <line>
      <![CDATA[2020-09-20 19:51:48,771 INFO  uk.co.sytner.hompage.JumpPoint - JumpPoint Alpine - VP: Verify if Audi jump point is displayed
]]>
    </line>
    <line>
      <![CDATA[2020-09-20 19:51:48,805 INFO  uk.co.sytner.hompage.JumpPoint - ===PASSED==
]]>
    </line>
    <line>
      <![CDATA[2020-09-20 19:51:48,805 INFO  uk.co.sytner.hompage.JumpPoint - JumpPoint Alpine - Step 01: Move On Audi jump point
]]>
    </line>
    <line>
      <![CDATA[2020-09-20 19:52:18,998 INFO  uk.co.sytner.hompage.JumpPoint - JumpPoint Alpine - VP: Verify if Audi jump point is displayed
]]>
    </line>
    <line>
      <![CDATA[2020-09-20 19:52:19,050 INFO  uk.co.sytner.hompage.JumpPoint - ===PASSED==
]]>
    </line>
    <line>
      <![CDATA[2020-09-20 19:52:19,050 INFO  uk.co.sytner.hompage.JumpPoint - JumpPoint Alpine - Step 01: Move On Audi jump point
]]>
    </line>
    <line>
      <![CDATA[2020-09-20 19:52:49,292 INFO  uk.co.sytner.hompage.JumpPoint - JumpPoint Alpine - VP: Verify if Bentley jump point is displayed
]]>
    </line>
    <line>
      <![CDATA[2020-09-20 19:52:49,342 INFO  uk.co.sytner.hompage.JumpPoint - ===PASSED==
]]>
    </line>
    <line>
      <![CDATA[2020-09-20 19:52:49,342 INFO  uk.co.sytner.hompage.JumpPoint - JumpPoint Alpine - Step 01: Move On Bentley jump point
]]>
    </line>
    <line>
      <![CDATA[2020-09-20 19:53:19,807 INFO  uk.co.sytner.hompage.JumpPoint - JumpPoint Alpine - VP: Verify if Bentley jump point is displayed
]]>
    </line>
    <line>
      <![CDATA[2020-09-20 19:53:19,847 INFO  uk.co.sytner.hompage.JumpPoint - ===PASSED==
]]>
    </line>
    <line>
      <![CDATA[2020-09-20 19:53:19,847 INFO  uk.co.sytner.hompage.JumpPoint - JumpPoint Alpine - Step 01: Move On Bentley jump point
]]>
    </line>
    <line>
      <![CDATA[2020-09-20 19:53:50,143 INFO  uk.co.sytner.hompage.JumpPoint - JumpPoint Alpine - VP: Verify if Bentley jump point is displayed
]]>
    </line>
    <line>
      <![CDATA[2020-09-20 19:53:50,203 INFO  uk.co.sytner.hompage.JumpPoint - ===PASSED==
]]>
    </line>
    <line>
      <![CDATA[2020-09-20 19:53:50,203 INFO  uk.co.sytner.hompage.JumpPoint - JumpPoint Alpine - Step 01: Move On Bentley jump point
]]>
    </line>
    <line>
      <![CDATA[2020-09-20 19:54:20,448 INFO  uk.co.sytner.hompage.JumpPoint - JumpPoint Alpine - VP: Verify if BMW jump point is displayed
]]>
    </line>
    <line>
      <![CDATA[2020-09-20 19:54:20,489 INFO  uk.co.sytner.hompage.JumpPoint - ===PASSED==
]]>
    </line>
    <line>
      <![CDATA[2020-09-20 19:54:20,489 INFO  uk.co.sytner.hompage.JumpPoint - JumpPoint Alpine - Step 01: Move On BMW jump point
]]>
    </line>
    <line>
      <![CDATA[2020-09-20 19:54:50,644 INFO  uk.co.sytner.hompage.JumpPoint - JumpPoint Alpine - VP: Verify if BMW jump point is displayed
]]>
    </line>
    <line>
      <![CDATA[2020-09-20 19:54:50,678 INFO  uk.co.sytner.hompage.JumpPoint - ===PASSED==
]]>
    </line>
    <line>
      <![CDATA[2020-09-20 19:54:50,679 INFO  uk.co.sytner.hompage.JumpPoint - JumpPoint Alpine - Step 01: Move On BMW jump point
]]>
    </line>
    <line>
      <![CDATA[2020-09-20 19:55:20,977 INFO  uk.co.sytner.hompage.JumpPoint - JumpPoint Alpine - VP: Verify if BMW jump point is displayed
]]>
    </line>
    <line>
      <![CDATA[2020-09-20 19:55:21,010 INFO  uk.co.sytner.hompage.JumpPoint - ===PASSED==
]]>
    </line>
    <line>
      <![CDATA[2020-09-20 19:55:21,010 INFO  uk.co.sytner.hompage.JumpPoint - JumpPoint Alpine - Step 01: Move On BMW jump point
]]>
    </line>
    <line>
      <![CDATA[2020-09-20 19:55:51,228 INFO  uk.co.sytner.hompage.JumpPoint - JumpPoint Alpine - VP: Verify if Ferrari jump point is displayed
]]>
    </line>
    <line>
      <![CDATA[2020-09-20 19:55:51,269 INFO  uk.co.sytner.hompage.JumpPoint - ===PASSED==
]]>
    </line>
    <line>
      <![CDATA[2020-09-20 19:55:51,269 INFO  uk.co.sytner.hompage.JumpPoint - JumpPoint Alpine - Step 01: Move On Ferrari jump point
]]>
    </line>
    <line>
      <![CDATA[2020-09-20 19:56:21,350 INFO  uk.co.sytner.hompage.JumpPoint - JumpPoint Alpine - VP: Verify if Ferrari jump point is displayed
]]>
    </line>
    <line>
      <![CDATA[2020-09-20 19:56:21,385 INFO  uk.co.sytner.hompage.JumpPoint - ===PASSED==
]]>
    </line>
    <line>
      <![CDATA[2020-09-20 19:56:21,385 INFO  uk.co.sytner.hompage.JumpPoint - JumpPoint Alpine - Step 01: Move On Ferrari jump point
]]>
    </line>
    <line>
      <![CDATA[2020-09-20 19:56:51,920 INFO  uk.co.sytner.hompage.JumpPoint - JumpPoint Alpine - VP: Verify if Ferrari jump point is displayed
]]>
    </line>
    <line>
      <![CDATA[2020-09-20 19:56:51,961 INFO  uk.co.sytner.hompage.JumpPoint - ===PASSED==
]]>
    </line>
    <line>
      <![CDATA[2020-09-20 19:56:51,961 INFO  uk.co.sytner.hompage.JumpPoint - JumpPoint Alpine - Step 01: Move On Ferrari jump point
]]>
    </line>
    <line>
      <![CDATA[2020-09-20 19:57:22,185 INFO  uk.co.sytner.hompage.JumpPoint - JumpPoint Alpine - VP: Verify if Aston Martin jump point is displayed
]]>
    </line>
    <line>
      <![CDATA[2020-09-20 19:57:22,253 INFO  uk.co.sytner.hompage.JumpPoint - ===PASSED==
]]>
    </line>
    <line>
      <![CDATA[2020-09-20 19:57:22,253 INFO  uk.co.sytner.hompage.JumpPoint - JumpPoint Alpine - Step 01: Move On Aston Martin jump point
]]>
    </line>
    <line>
      <![CDATA[2020-09-20 19:57:52,520 INFO  uk.co.sytner.hompage.JumpPoint - JumpPoint Alpine - VP: Verify if Aston Martin jump point is displayed
]]>
    </line>
    <line>
      <![CDATA[2020-09-20 19:57:52,561 INFO  uk.co.sytner.hompage.JumpPoint - ===PASSED==
]]>
    </line>
    <line>
      <![CDATA[2020-09-20 19:57:52,561 INFO  uk.co.sytner.hompage.JumpPoint - JumpPoint Alpine - Step 01: Move On Aston Martin jump point
]]>
    </line>
    <line>
      <![CDATA[2020-09-20 19:57:54,276 INFO  uk.co.sytner.hompage.JumpPoint - JumpPoint Alpine - VP: Verify if Aston Martin icon is displayed
]]>
    </line>
    <line>
      <![CDATA[2020-09-20 19:58:04,371 INFO  uk.co.sytner.hompage.JumpPoint - JumpPoint Alpine - VP: Verify if Aston Martin jump point is displayed
]]>
    </line>
    <line>
      <![CDATA[2020-09-20 19:58:04,405 INFO  uk.co.sytner.hompage.JumpPoint - ===PASSED==
]]>
    </line>
    <line>
      <![CDATA[2020-09-20 19:58:04,405 INFO  uk.co.sytner.hompage.JumpPoint - JumpPoint Alpine - Step 01: Move On Aston Martin jump point
]]>
    </line>
    <line>
      <![CDATA[2020-09-20 19:58:34,585 INFO  uk.co.sytner.hompage.JumpPoint - JumpPoint Alpine - VP: Verify if Jaguar jump point is displayed
]]>
    </line>
    <line>
      <![CDATA[2020-09-20 19:58:34,627 INFO  uk.co.sytner.hompage.JumpPoint - ===PASSED==
]]>
    </line>
    <line>
      <![CDATA[2020-09-20 19:58:34,627 INFO  uk.co.sytner.hompage.JumpPoint - JumpPoint Alpine - Step 01: Move On Jaguar jump point
]]>
    </line>
    <line>
      <![CDATA[2020-09-20 19:59:04,747 INFO  uk.co.sytner.hompage.JumpPoint - JumpPoint Alpine - VP: Verify if Jaguar jump point is displayed
]]>
    </line>
    <line>
      <![CDATA[2020-09-20 19:59:04,784 INFO  uk.co.sytner.hompage.JumpPoint - ===PASSED==
]]>
    </line>
    <line>
      <![CDATA[2020-09-20 19:59:04,784 INFO  uk.co.sytner.hompage.JumpPoint - JumpPoint Alpine - Step 01: Move On Jaguar jump point
]]>
    </line>
    <line>
      <![CDATA[2020-09-20 19:59:34,858 INFO  uk.co.sytner.hompage.JumpPoint - JumpPoint Alpine - VP: Verify if Jaguar jump point is displayed
]]>
    </line>
    <line>
      <![CDATA[2020-09-20 19:59:34,900 INFO  uk.co.sytner.hompage.JumpPoint - ===PASSED==
]]>
    </line>
    <line>
      <![CDATA[2020-09-20 19:59:34,900 INFO  uk.co.sytner.hompage.JumpPoint - JumpPoint Alpine - Step 01: Move On Jaguar jump point
]]>
    </line>
    <line>
      <![CDATA[2020-09-20 20:00:05,109 INFO  uk.co.sytner.hompage.JumpPoint - JumpPoint Alpine - VP: Verify if LandRover jump point is displayed
]]>
    </line>
    <line>
      <![CDATA[2020-09-20 20:00:05,166 INFO  uk.co.sytner.hompage.JumpPoint - ===PASSED==
]]>
    </line>
    <line>
      <![CDATA[2020-09-20 20:00:05,166 INFO  uk.co.sytner.hompage.JumpPoint - JumpPoint Alpine - Step 01: Move On LandRover jump point
]]>
    </line>
    <line>
      <![CDATA[2020-09-20 20:00:35,249 INFO  uk.co.sytner.hompage.JumpPoint - JumpPoint Alpine - VP: Verify if LandRover jump point is displayed
]]>
    </line>
    <line>
      <![CDATA[2020-09-20 20:00:35,282 INFO  uk.co.sytner.hompage.JumpPoint - ===PASSED==
]]>
    </line>
    <line>
      <![CDATA[2020-09-20 20:00:35,282 INFO  uk.co.sytner.hompage.JumpPoint - JumpPoint Alpine - Step 01: Move On LandRover jump point
]]>
    </line>
    <line>
      <![CDATA[2020-09-20 20:01:05,351 INFO  uk.co.sytner.hompage.JumpPoint - JumpPoint Alpine - VP: Verify if LandRover jump point is displayed
]]>
    </line>
    <line>
      <![CDATA[2020-09-20 20:01:05,385 INFO  uk.co.sytner.hompage.JumpPoint - ===PASSED==
]]>
    </line>
    <line>
      <![CDATA[2020-09-20 20:01:05,385 INFO  uk.co.sytner.hompage.JumpPoint - JumpPoint Alpine - Step 01: Move On LandRover jump point
]]>
    </line>
    <line>
      <![CDATA[2020-09-20 20:01:35,449 INFO  uk.co.sytner.hompage.JumpPoint - JumpPoint Alpine - VP: Verify if Lamborghini jump point is displayed
]]>
    </line>
    <line>
      <![CDATA[2020-09-20 20:01:35,489 INFO  uk.co.sytner.hompage.JumpPoint - ===PASSED==
]]>
    </line>
    <line>
      <![CDATA[2020-09-20 20:01:35,489 INFO  uk.co.sytner.hompage.JumpPoint - JumpPoint Alpine - Step 01: Move On Lamborghini jump point
]]>
    </line>
    <line>
      <![CDATA[2020-09-20 20:02:05,670 INFO  uk.co.sytner.hompage.JumpPoint - JumpPoint Alpine - VP: Verify if Lamborghini jump point is displayed
]]>
    </line>
    <line>
      <![CDATA[2020-09-20 20:02:05,705 INFO  uk.co.sytner.hompage.JumpPoint - ===PASSED==
]]>
    </line>
    <line>
      <![CDATA[2020-09-20 20:02:05,705 INFO  uk.co.sytner.hompage.JumpPoint - JumpPoint Alpine - Step 01: Move On Lamborghini jump point
]]>
    </line>
    <line>
      <![CDATA[2020-09-20 20:02:35,973 INFO  uk.co.sytner.hompage.JumpPoint - JumpPoint Alpine - VP: Verify if Lamborghini jump point is displayed
]]>
    </line>
    <line>
      <![CDATA[2020-09-20 20:02:36,012 INFO  uk.co.sytner.hompage.JumpPoint - ===PASSED==
]]>
    </line>
    <line>
      <![CDATA[2020-09-20 20:02:36,012 INFO  uk.co.sytner.hompage.JumpPoint - JumpPoint Alpine - Step 01: Move On Lamborghini jump point
]]>
    </line>
    <line>
      <![CDATA[2020-09-20 20:03:06,317 INFO  uk.co.sytner.hompage.JumpPoint - JumpPoint Alpine - VP: Verify if Sytner Select jump point is displayed
]]>
    </line>
    <line>
      <![CDATA[2020-09-20 20:03:06,358 INFO  uk.co.sytner.hompage.JumpPoint - ===PASSED==
]]>
    </line>
    <line>
      <![CDATA[2020-09-20 20:03:06,358 INFO  uk.co.sytner.hompage.JumpPoint - JumpPoint Alpine - Step 01: Move On Sytner Select jump point
]]>
    </line>
    <line>
      <![CDATA[2020-09-20 20:03:36,749 INFO  uk.co.sytner.hompage.JumpPoint - JumpPoint Alpine - VP: Verify if Sytner Select jump point is displayed
]]>
    </line>
    <line>
      <![CDATA[2020-09-20 20:03:36,785 INFO  uk.co.sytner.hompage.JumpPoint - ===PASSED==
]]>
    </line>
    <line>
      <![CDATA[2020-09-20 20:03:36,785 INFO  uk.co.sytner.hompage.JumpPoint - JumpPoint Alpine - Step 01: Move On Sytner Select jump point
]]>
    </line>
    <line>
      <![CDATA[2020-09-20 20:04:07,048 INFO  uk.co.sytner.hompage.JumpPoint - JumpPoint Alpine - VP: Verify if Sytner Select jump point is displayed
]]>
    </line>
    <line>
      <![CDATA[2020-09-20 20:04:07,095 INFO  uk.co.sytner.hompage.JumpPoint - ===PASSED==
]]>
    </line>
    <line>
      <![CDATA[2020-09-20 20:04:07,096 INFO  uk.co.sytner.hompage.JumpPoint - JumpPoint Alpine - Step 01: Move On Sytner Select jump point
]]>
    </line>
    <line>
      <![CDATA[2020-09-20 20:04:37,603 INFO  uk.co.sytner.hompage.JumpPoint - JumpPoint Alpine - VP: Verify if Maserati jump point is displayed
]]>
    </line>
    <line>
      <![CDATA[2020-09-20 20:04:37,655 INFO  uk.co.sytner.hompage.JumpPoint - ===PASSED==
]]>
    </line>
    <line>
      <![CDATA[2020-09-20 20:04:37,655 INFO  uk.co.sytner.hompage.JumpPoint - JumpPoint Alpine - Step 01: Move On Maserati jump point
]]>
    </line>
    <line>
      <![CDATA[2020-09-20 20:05:07,856 INFO  uk.co.sytner.hompage.JumpPoint - JumpPoint Alpine - VP: Verify if Maserati jump point is displayed
]]>
    </line>
    <line>
      <![CDATA[2020-09-20 20:05:07,916 INFO  uk.co.sytner.hompage.JumpPoint - ===PASSED==
]]>
    </line>
    <line>
      <![CDATA[2020-09-20 20:05:07,916 INFO  uk.co.sytner.hompage.JumpPoint - JumpPoint Alpine - Step 01: Move On Maserati jump point
]]>
    </line>
    <line>
      <![CDATA[2020-09-20 20:05:37,974 INFO  uk.co.sytner.hompage.JumpPoint - JumpPoint Alpine - VP: Verify if Maserati jump point is displayed
]]>
    </line>
    <line>
      <![CDATA[2020-09-20 20:05:38,011 INFO  uk.co.sytner.hompage.JumpPoint - ===PASSED==
]]>
    </line>
    <line>
      <![CDATA[2020-09-20 20:05:38,011 INFO  uk.co.sytner.hompage.JumpPoint - JumpPoint Alpine - Step 01: Move On Maserati jump point
]]>
    </line>
    <line>
      <![CDATA[2020-09-20 20:06:08,262 INFO  uk.co.sytner.hompage.JumpPoint - JumpPoint Alpine - VP: Verify if McLaren jump point is displayed
]]>
    </line>
    <line>
      <![CDATA[2020-09-20 20:06:08,309 INFO  uk.co.sytner.hompage.JumpPoint - ===PASSED==
]]>
    </line>
    <line>
      <![CDATA[2020-09-20 20:06:08,309 INFO  uk.co.sytner.hompage.JumpPoint - JumpPoint Alpine - Step 01: Move On McLaren jump point
]]>
    </line>
    <line>
      <![CDATA[2020-09-20 20:06:38,467 INFO  uk.co.sytner.hompage.JumpPoint - JumpPoint Alpine - VP: Verify if McLaren jump point is displayed
]]>
    </line>
    <line>
      <![CDATA[2020-09-20 20:06:38,500 INFO  uk.co.sytner.hompage.JumpPoint - ===PASSED==
]]>
    </line>
    <line>
      <![CDATA[2020-09-20 20:06:38,501 INFO  uk.co.sytner.hompage.JumpPoint - JumpPoint Alpine - Step 01: Move On McLaren jump point
]]>
    </line>
    <line>
      <![CDATA[2020-09-20 20:07:08,789 INFO  uk.co.sytner.hompage.JumpPoint - JumpPoint Alpine - VP: Verify if McLaren jump point is displayed
]]>
    </line>
    <line>
      <![CDATA[2020-09-20 20:07:08,825 INFO  uk.co.sytner.hompage.JumpPoint - ===PASSED==
]]>
    </line>
    <line>
      <![CDATA[2020-09-20 20:07:08,825 INFO  uk.co.sytner.hompage.JumpPoint - JumpPoint Alpine - Step 01: Move On McLaren jump point
]]>
    </line>
    <line>
      <![CDATA[2020-09-20 20:07:39,129 INFO  uk.co.sytner.hompage.JumpPoint - JumpPoint Alpine - VP: Verify if MercedesBenz jump point is displayed
]]>
    </line>
    <line>
      <![CDATA[2020-09-20 20:07:39,172 INFO  uk.co.sytner.hompage.JumpPoint - ===PASSED==
]]>
    </line>
    <line>
      <![CDATA[2020-09-20 20:07:39,172 INFO  uk.co.sytner.hompage.JumpPoint - JumpPoint Alpine - Step 01: Move On MercedesBenz jump point
]]>
    </line>
    <line>
      <![CDATA[2020-09-20 20:08:09,639 INFO  uk.co.sytner.hompage.JumpPoint - JumpPoint Alpine - VP: Verify if MercedesBenz jump point is displayed
]]>
    </line>
    <line>
      <![CDATA[2020-09-20 20:08:09,679 INFO  uk.co.sytner.hompage.JumpPoint - ===PASSED==
]]>
    </line>
    <line>
      <![CDATA[2020-09-20 20:08:09,679 INFO  uk.co.sytner.hompage.JumpPoint - JumpPoint Alpine - Step 01: Move On MercedesBenz jump point
]]>
    </line>
    <line>
      <![CDATA[2020-09-20 20:08:40,073 INFO  uk.co.sytner.hompage.JumpPoint - JumpPoint Alpine - VP: Verify if MercedesBenz jump point is displayed
]]>
    </line>
    <line>
      <![CDATA[2020-09-20 20:08:40,113 INFO  uk.co.sytner.hompage.JumpPoint - ===PASSED==
]]>
    </line>
    <line>
      <![CDATA[2020-09-20 20:08:40,113 INFO  uk.co.sytner.hompage.JumpPoint - JumpPoint Alpine - Step 01: Move On MercedesBenz jump point
]]>
    </line>
    <line>
      <![CDATA[2020-09-20 20:09:10,572 INFO  uk.co.sytner.hompage.JumpPoint - JumpPoint Alpine - VP: Verify if MINI jump point is displayed
]]>
    </line>
    <line>
      <![CDATA[2020-09-20 20:09:10,615 INFO  uk.co.sytner.hompage.JumpPoint - ===PASSED==
]]>
    </line>
    <line>
      <![CDATA[2020-09-20 20:09:10,615 INFO  uk.co.sytner.hompage.JumpPoint - JumpPoint Alpine - Step 01: Move On MINI jump point
]]>
    </line>
    <line>
      <![CDATA[2020-09-20 20:09:41,007 INFO  uk.co.sytner.hompage.JumpPoint - JumpPoint Alpine - VP: Verify if MINI jump point is displayed
]]>
    </line>
    <line>
      <![CDATA[2020-09-20 20:09:41,042 INFO  uk.co.sytner.hompage.JumpPoint - ===PASSED==
]]>
    </line>
    <line>
      <![CDATA[2020-09-20 20:09:41,042 INFO  uk.co.sytner.hompage.JumpPoint - JumpPoint Alpine - Step 01: Move On MINI jump point
]]>
    </line>
    <line>
      <![CDATA[2020-09-20 20:10:11,385 INFO  uk.co.sytner.hompage.JumpPoint - JumpPoint Alpine - VP: Verify if MINI jump point is displayed
]]>
    </line>
    <line>
      <![CDATA[2020-09-20 20:10:11,455 INFO  uk.co.sytner.hompage.JumpPoint - ===PASSED==
]]>
    </line>
    <line>
      <![CDATA[2020-09-20 20:10:11,455 INFO  uk.co.sytner.hompage.JumpPoint - JumpPoint Alpine - Step 01: Move On MINI jump point
]]>
    </line>
    <line>
      <![CDATA[2020-09-20 20:10:41,781 INFO  uk.co.sytner.hompage.JumpPoint - JumpPoint Alpine - VP: Verify if Porsche jump point is displayed
]]>
    </line>
    <line>
      <![CDATA[2020-09-20 20:10:41,828 INFO  uk.co.sytner.hompage.JumpPoint - ===PASSED==
]]>
    </line>
    <line>
      <![CDATA[2020-09-20 20:10:41,828 INFO  uk.co.sytner.hompage.JumpPoint - JumpPoint Alpine - Step 01: Move On Porsche jump point
]]>
    </line>
    <line>
      <![CDATA[2020-09-20 20:11:12,096 INFO  uk.co.sytner.hompage.JumpPoint - JumpPoint Alpine - VP: Verify if Porsche jump point is displayed
]]>
    </line>
    <line>
      <![CDATA[2020-09-20 20:11:12,128 INFO  uk.co.sytner.hompage.JumpPoint - ===PASSED==
]]>
    </line>
    <line>
      <![CDATA[2020-09-20 20:11:12,128 INFO  uk.co.sytner.hompage.JumpPoint - JumpPoint Alpine - Step 01: Move On Porsche jump point
]]>
    </line>
    <line>
      <![CDATA[2020-09-20 20:11:42,323 INFO  uk.co.sytner.hompage.JumpPoint - JumpPoint Alpine - VP: Verify if Porsche jump point is displayed
]]>
    </line>
    <line>
      <![CDATA[2020-09-20 20:11:42,367 INFO  uk.co.sytner.hompage.JumpPoint - ===PASSED==
]]>
    </line>
    <line>
      <![CDATA[2020-09-20 20:11:42,367 INFO  uk.co.sytner.hompage.JumpPoint - JumpPoint Alpine - Step 01: Move On Porsche jump point
]]>
    </line>
    <line>
      <![CDATA[2020-09-20 20:12:12,715 INFO  uk.co.sytner.hompage.JumpPoint - JumpPoint Alpine - VP: Verify if Rolls Royce jump point is displayed
]]>
    </line>
    <line>
      <![CDATA[2020-09-20 20:12:12,757 INFO  uk.co.sytner.hompage.JumpPoint - ===PASSED==
]]>
    </line>
    <line>
      <![CDATA[2020-09-20 20:12:12,757 INFO  uk.co.sytner.hompage.JumpPoint - JumpPoint Alpine - Step 01: Move On Rolls Royce jump point
]]>
    </line>
    <line>
      <![CDATA[2020-09-20 20:12:42,950 INFO  uk.co.sytner.hompage.JumpPoint - JumpPoint Alpine - VP: Verify if Rolls Royce jump point is displayed
]]>
    </line>
    <line>
      <![CDATA[2020-09-20 20:12:43,001 INFO  uk.co.sytner.hompage.JumpPoint - ===PASSED==
]]>
    </line>
    <line>
      <![CDATA[2020-09-20 20:12:43,001 INFO  uk.co.sytner.hompage.JumpPoint - JumpPoint Alpine - Step 01: Move On Rolls Royce jump point
]]>
    </line>
    <line>
      <![CDATA[2020-09-20 20:13:13,148 INFO  uk.co.sytner.hompage.JumpPoint - JumpPoint Alpine - VP: Verify if Rolls Royce jump point is displayed
]]>
    </line>
    <line>
      <![CDATA[2020-09-20 20:13:13,181 INFO  uk.co.sytner.hompage.JumpPoint - ===PASSED==
]]>
    </line>
    <line>
      <![CDATA[2020-09-20 20:13:13,181 INFO  uk.co.sytner.hompage.JumpPoint - JumpPoint Alpine - Step 01: Move On Rolls Royce jump point
]]>
    </line>
    <line>
      <![CDATA[2020-09-20 20:13:43,319 INFO  uk.co.sytner.hompage.JumpPoint - JumpPoint Alpine - VP: Verify if SEAT jump point is displayed
]]>
    </line>
    <line>
      <![CDATA[2020-09-20 20:13:43,363 INFO  uk.co.sytner.hompage.JumpPoint - ===PASSED==
]]>
    </line>
    <line>
      <![CDATA[2020-09-20 20:13:43,363 INFO  uk.co.sytner.hompage.JumpPoint - JumpPoint Alpine - Step 01: Move On SEAT jump point
]]>
    </line>
    <line>
      <![CDATA[2020-09-20 20:14:13,563 INFO  uk.co.sytner.hompage.JumpPoint - JumpPoint Alpine - VP: Verify if SEAT jump point is displayed
]]>
    </line>
    <line>
      <![CDATA[2020-09-20 20:14:13,607 INFO  uk.co.sytner.hompage.JumpPoint - ===PASSED==
]]>
    </line>
    <line>
      <![CDATA[2020-09-20 20:14:13,607 INFO  uk.co.sytner.hompage.JumpPoint - JumpPoint Alpine - Step 01: Move On SEAT jump point
]]>
    </line>
    <line>
      <![CDATA[2020-09-20 20:14:43,784 INFO  uk.co.sytner.hompage.JumpPoint - JumpPoint Alpine - VP: Verify if SEAT jump point is displayed
]]>
    </line>
    <line>
      <![CDATA[2020-09-20 20:14:43,816 INFO  uk.co.sytner.hompage.JumpPoint - ===PASSED==
]]>
    </line>
    <line>
      <![CDATA[2020-09-20 20:14:43,816 INFO  uk.co.sytner.hompage.JumpPoint - JumpPoint Alpine - Step 01: Move On SEAT jump point
]]>
    </line>
    <line>
      <![CDATA[2020-09-20 20:15:13,952 INFO  uk.co.sytner.hompage.JumpPoint - JumpPoint Alpine - VP: Verify if Skoda jump point is displayed
]]>
    </line>
    <line>
      <![CDATA[2020-09-20 20:15:13,991 INFO  uk.co.sytner.hompage.JumpPoint - ===PASSED==
]]>
    </line>
    <line>
      <![CDATA[2020-09-20 20:15:13,991 INFO  uk.co.sytner.hompage.JumpPoint - JumpPoint Alpine - Step 01: Move On Skoda jump point
]]>
    </line>
    <line>
      <![CDATA[2020-09-20 20:15:44,235 INFO  uk.co.sytner.hompage.JumpPoint - JumpPoint Alpine - VP: Verify if Skoda jump point is displayed
]]>
    </line>
    <line>
      <![CDATA[2020-09-20 20:15:44,282 INFO  uk.co.sytner.hompage.JumpPoint - ===PASSED==
]]>
    </line>
    <line>
      <![CDATA[2020-09-20 20:15:44,282 INFO  uk.co.sytner.hompage.JumpPoint - JumpPoint Alpine - Step 01: Move On Skoda jump point
]]>
    </line>
    <line>
      <![CDATA[2020-09-20 20:16:14,799 INFO  uk.co.sytner.hompage.JumpPoint - JumpPoint Alpine - VP: Verify if Skoda jump point is displayed
]]>
    </line>
    <line>
      <![CDATA[2020-09-20 20:16:14,832 INFO  uk.co.sytner.hompage.JumpPoint - ===PASSED==
]]>
    </line>
    <line>
      <![CDATA[2020-09-20 20:16:14,832 INFO  uk.co.sytner.hompage.JumpPoint - JumpPoint Alpine - Step 01: Move On Skoda jump point
]]>
    </line>
    <line>
      <![CDATA[2020-09-20 20:16:45,017 INFO  uk.co.sytner.hompage.JumpPoint - JumpPoint Alpine - VP: Verify if smart jump point is displayed
]]>
    </line>
    <line>
      <![CDATA[2020-09-20 20:16:45,057 INFO  uk.co.sytner.hompage.JumpPoint - ===PASSED==
]]>
    </line>
    <line>
      <![CDATA[2020-09-20 20:16:45,057 INFO  uk.co.sytner.hompage.JumpPoint - JumpPoint Alpine - Step 01: Move On smart jump point
]]>
    </line>
    <line>
      <![CDATA[2020-09-20 20:17:15,203 INFO  uk.co.sytner.hompage.JumpPoint - JumpPoint Alpine - VP: Verify if smart jump point is displayed
]]>
    </line>
    <line>
      <![CDATA[2020-09-20 20:17:15,235 INFO  uk.co.sytner.hompage.JumpPoint - ===PASSED==
]]>
    </line>
    <line>
      <![CDATA[2020-09-20 20:17:15,235 INFO  uk.co.sytner.hompage.JumpPoint - JumpPoint Alpine - Step 01: Move On smart jump point
]]>
    </line>
    <line>
      <![CDATA[2020-09-20 20:17:45,485 INFO  uk.co.sytner.hompage.JumpPoint - JumpPoint Alpine - VP: Verify if smart jump point is displayed
]]>
    </line>
    <line>
      <![CDATA[2020-09-20 20:17:45,517 INFO  uk.co.sytner.hompage.JumpPoint - ===PASSED==
]]>
    </line>
    <line>
      <![CDATA[2020-09-20 20:17:45,517 INFO  uk.co.sytner.hompage.JumpPoint - JumpPoint Alpine - Step 01: Move On smart jump point
]]>
    </line>
    <line>
      <![CDATA[2020-09-20 20:18:15,687 INFO  uk.co.sytner.hompage.JumpPoint - JumpPoint Alpine - VP: Verify if Volkswagen jump point is displayed
]]>
    </line>
    <line>
      <![CDATA[2020-09-20 20:18:25,740 INFO  uk.co.sytner.hompage.JumpPoint - JumpPoint Alpine - VP: Verify if Volkswagen jump point is displayed
]]>
    </line>
    <line>
      <![CDATA[2020-09-20 20:18:35,751 INFO  uk.co.sytner.hompage.JumpPoint - JumpPoint Alpine - VP: Verify if Volkswagen jump point is displayed
]]>
    </line>
    <line>
      <![CDATA[2020-09-20 20:18:45,759 INFO  uk.co.sytner.hompage.JumpPoint - JumpPoint Alpine - VP: Verify if Volkswagen Commercial jump point is displayed
]]>
    </line>
    <line>
      <![CDATA[2020-09-20 20:18:55,802 INFO  uk.co.sytner.hompage.JumpPoint - JumpPoint Alpine - VP: Verify if Volkswagen Commercial jump point is displayed
]]>
    </line>
    <line>
      <![CDATA[2020-09-20 20:19:05,860 INFO  uk.co.sytner.hompage.JumpPoint - JumpPoint Alpine - VP: Verify if Volkswagen Commercial jump point is displayed
]]>
    </line>
    <line>
      <![CDATA[2020-09-20 20:19:15,931 INFO  uk.co.sytner.hompage.JumpPoint - JumpPoint Alpine - VP: Verify if Volvo jump point is displayed
]]>
    </line>
    <line>
      <![CDATA[2020-09-20 20:19:15,982 INFO  uk.co.sytner.hompage.JumpPoint - ===PASSED==
]]>
    </line>
    <line>
      <![CDATA[2020-09-20 20:19:15,982 INFO  uk.co.sytner.hompage.JumpPoint - JumpPoint Alpine - Step 01: Move On Volvo jump point
]]>
    </line>
    <line>
      <![CDATA[2020-09-20 20:19:46,124 INFO  uk.co.sytner.hompage.JumpPoint - JumpPoint Alpine - VP: Verify if Volvo jump point is displayed
]]>
    </line>
    <line>
      <![CDATA[2020-09-20 20:19:46,159 INFO  uk.co.sytner.hompage.JumpPoint - ===PASSED==
]]>
    </line>
    <line>
      <![CDATA[2020-09-20 20:19:46,159 INFO  uk.co.sytner.hompage.JumpPoint - JumpPoint Alpine - Step 01: Move On Volvo jump point
]]>
    </line>
    <line>
      <![CDATA[2020-09-20 20:20:16,264 INFO  uk.co.sytner.hompage.JumpPoint - JumpPoint Alpine - VP: Verify if Volvo jump point is displayed
]]>
    </line>
    <line>
      <![CDATA[2020-09-20 20:20:16,308 INFO  uk.co.sytner.hompage.JumpPoint - ===PASSED==
]]>
    </line>
    <line>
      <![CDATA[2020-09-20 20:20:16,308 INFO  uk.co.sytner.hompage.JumpPoint - JumpPoint Alpine - Step 01: Move On Volvo jump point
]]>
    </line>
    <line>
      <![CDATA[2020-09-20 20:20:46,359 INFO  uk.co.sytner.hompage.JumpPoint - OS Name: windows 10
]]>
    </line>
    <line>
      <![CDATA[2020-09-20 20:20:46,999 INFO  uk.co.sytner.hompage.JumpPoint - -----QUIT BROWSER SUCCESSFULLY-----
]]>
    </line>
  </reporter-output>
  <suite name="Register and Verify" duration-ms="1868029" started-at="2020-09-20T23:49:38Z" finished-at="2020-09-21T00:20:47Z">
    <groups>
    </groups>
    <test name="Run test on Chrome browser" duration-ms="1868029" started-at="2020-09-20T23:49:38Z" finished-at="2020-09-21T00:20:47Z">
      <class name="uk.co.sytner.hompage.JumpPoint">
        <test-method status="PASS" signature="beforeClass(java.lang.String)[pri:0, instance:uk.co.sytner.hompage.JumpPoint@5ae63ade]" name="beforeClass" is-config="true" duration-ms="8362" started-at="2020-09-20T19:49:38Z" finished-at="2020-09-20T19:49:47Z">
          <params>
            <param index="0">
              <value>
                <![CDATA[chrome]]>
              </value>
            </param>
          </params>
          <reporter-output>
          </reporter-output>
        </test-method> <!-- beforeClass -->
        <test-method status="SKIP" signature="TC_18_JumpPoints_001_Alpina()[pri:0, instance:uk.co.sytner.hompage.JumpPoint@5ae63ade]" name="TC_18_JumpPoints_001_Alpina" duration-ms="30803" started-at="2020-09-20T19:49:47Z" finished-at="2020-09-20T19:50:18Z">
          <exception class="org.openqa.selenium.TimeoutException">
            <message>
              <![CDATA[Expected condition failed: waiting for visibility of element located by By.xpath: //div[contains(@class, 'jump module alpina')]//span[@class = 'content'] (tried for 30 second(s) with 500 MILLISECONDS interval)
Build info: version: '3.9.1', revision: '63f7b50', time: '2018-02-07T22:25:02.294Z'
System info: host: 'S056005530', ip: '10.0.0.222', os.name: 'Windows 10', os.arch: 'amd64', os.version: '10.0', java.version: '1.8.0_261'
Driver info: org.openqa.selenium.chrome.ChromeDriver
Capabilities {acceptInsecureCerts: false, browserName: chrome, browserVersion: 85.0.4183.102, chrome: {chromedriverVersion: 85.0.4183.87 (cd6713ebf92fa..., userDataDir: C:\Users\TRI~1.NGU\AppData\...}, goog:chromeOptions: {debuggerAddress: localhost:58794}, javascriptEnabled: true, networkConnectionEnabled: false, pageLoadStrategy: normal, platform: WINDOWS, platformName: WINDOWS, proxy: Proxy(), setWindowRect: true, strictFileInteractability: false, timeouts: {implicit: 0, pageLoad: 300000, script: 30000}, unhandledPromptBehavior: dismiss and notify, webauthn:virtualAuthenticators: true}
Session ID: 98e910f4238f751e82dbd12355e92feb]]>
            </message>
            <full-stacktrace>
              <![CDATA[org.openqa.selenium.TimeoutException: Expected condition failed: waiting for visibility of element located by By.xpath: //div[contains(@class, 'jump module alpina')]//span[@class = 'content'] (tried for 30 second(s) with 500 MILLISECONDS interval)
Build info: version: '3.9.1', revision: '63f7b50', time: '2018-02-07T22:25:02.294Z'
System info: host: 'S056005530', ip: '10.0.0.222', os.name: 'Windows 10', os.arch: 'amd64', os.version: '10.0', java.version: '1.8.0_261'
Driver info: org.openqa.selenium.chrome.ChromeDriver
Capabilities {acceptInsecureCerts: false, browserName: chrome, browserVersion: 85.0.4183.102, chrome: {chromedriverVersion: 85.0.4183.87 (cd6713ebf92fa..., userDataDir: C:\Users\TRI~1.NGU\AppData\...}, goog:chromeOptions: {debuggerAddress: localhost:58794}, javascriptEnabled: true, networkConnectionEnabled: false, pageLoadStrategy: normal, platform: WINDOWS, platformName: WINDOWS, proxy: Proxy(), setWindowRect: true, strictFileInteractability: false, timeouts: {implicit: 0, pageLoad: 300000, script: 30000}, unhandledPromptBehavior: dismiss and notify, webauthn:virtualAuthenticators: true}
Session ID: 98e910f4238f751e82dbd12355e92feb
	at org.openqa.selenium.support.ui.WebDriverWait.timeoutException(WebDriverWait.java:82)
	at org.openqa.selenium.support.ui.FluentWait.until(FluentWait.java:231)
	at commons.AbstractPage.hoverMouseToElement(AbstractPage.java:443)
	at pageobject.HomePageObjects.moveToAnyJumpPoint(HomePageObjects.java:34)
	at uk.co.sytner.hompage.JumpPoint.TC_18_JumpPoints_001_Alpina(JumpPoint.java:31)
	at sun.reflect.NativeMethodAccessorImpl.invoke0(Native Method)
	at sun.reflect.NativeMethodAccessorImpl.invoke(NativeMethodAccessorImpl.java:62)
	at sun.reflect.DelegatingMethodAccessorImpl.invoke(DelegatingMethodAccessorImpl.java:43)
	at java.lang.reflect.Method.invoke(Method.java:498)
	at org.testng.internal.MethodInvocationHelper.invokeMethod(MethodInvocationHelper.java:86)
	at org.testng.internal.Invoker.invokeMethod(Invoker.java:643)
	at org.testng.internal.Invoker.invokeTestMethod(Invoker.java:820)
	at org.testng.internal.Invoker.invokeTestMethods(Invoker.java:1128)
	at org.testng.internal.TestMethodWorker.invokeTestMethods(TestMethodWorker.java:129)
	at org.testng.internal.TestMethodWorker.run(TestMethodWorker.java:112)
	at org.testng.TestRunner.privateRun(TestRunner.java:782)
	at org.testng.TestRunner.run(TestRunner.java:632)
	at org.testng.SuiteRunner.runTest(SuiteRunner.java:366)
	at org.testng.SuiteRunner.runSequentially(SuiteRunner.java:361)
	at org.testng.SuiteRunner.privateRun(SuiteRunner.java:319)
	at org.testng.SuiteRunner.run(SuiteRunner.java:268)
	at org.testng.SuiteRunnerWorker.runSuite(SuiteRunnerWorker.java:52)
	at org.testng.SuiteRunnerWorker.run(SuiteRunnerWorker.java:86)
	at org.testng.TestNG.runSuitesSequentially(TestNG.java:1244)
	at org.testng.TestNG.runSuitesLocally(TestNG.java:1169)
	at org.testng.TestNG.run(TestNG.java:1064)
	at org.apache.maven.surefire.testng.TestNGExecutor.run(TestNGExecutor.java:282)
	at org.apache.maven.surefire.testng.TestNGXmlTestSuite.execute(TestNGXmlTestSuite.java:83)
	at org.apache.maven.surefire.testng.TestNGProvider.invoke(TestNGProvider.java:114)
	at org.apache.maven.surefire.booter.ForkedBooter.invokeProviderInSameClassLoader(ForkedBooter.java:286)
	at org.apache.maven.surefire.booter.ForkedBooter.runSuitesInProcess(ForkedBooter.java:240)
	at org.apache.maven.surefire.booter.ForkedBooter.main(ForkedBooter.java:121)
]]>
            </full-stacktrace>
          </exception> <!-- org.openqa.selenium.TimeoutException -->
          <reporter-output>
            <line>
              <![CDATA[2020-09-20 19:49:47,341 INFO  uk.co.sytner.hompage.JumpPoint - JumpPoint Alpine - VP: Verify if Alpina jump point is displayed
]]>
            </line>
            <line>
              <![CDATA[2020-09-20 19:49:47,782 INFO  uk.co.sytner.hompage.JumpPoint - ===PASSED==
]]>
            </line>
            <line>
              <![CDATA[2020-09-20 19:49:47,783 INFO  uk.co.sytner.hompage.JumpPoint - JumpPoint Alpine - Step 01: Move On Alpina jump point
]]>
            </line>
          </reporter-output>
        </test-method> <!-- TC_18_JumpPoints_001_Alpina -->
        <test-method status="SKIP" signature="TC_18_JumpPoints_001_Alpina()[pri:0, instance:uk.co.sytner.hompage.JumpPoint@5ae63ade]" name="TC_18_JumpPoints_001_Alpina" duration-ms="30180" started-at="2020-09-20T19:50:18Z" finished-at="2020-09-20T19:50:48Z">
          <exception class="org.openqa.selenium.TimeoutException">
            <message>
              <![CDATA[Expected condition failed: waiting for visibility of element located by By.xpath: //div[contains(@class, 'jump module alpina')]//span[@class = 'content'] (tried for 30 second(s) with 500 MILLISECONDS interval)
Build info: version: '3.9.1', revision: '63f7b50', time: '2018-02-07T22:25:02.294Z'
System info: host: 'S056005530', ip: '10.0.0.222', os.name: 'Windows 10', os.arch: 'amd64', os.version: '10.0', java.version: '1.8.0_261'
Driver info: org.openqa.selenium.chrome.ChromeDriver
Capabilities {acceptInsecureCerts: false, browserName: chrome, browserVersion: 85.0.4183.102, chrome: {chromedriverVersion: 85.0.4183.87 (cd6713ebf92fa..., userDataDir: C:\Users\TRI~1.NGU\AppData\...}, goog:chromeOptions: {debuggerAddress: localhost:58794}, javascriptEnabled: true, networkConnectionEnabled: false, pageLoadStrategy: normal, platform: WINDOWS, platformName: WINDOWS, proxy: Proxy(), setWindowRect: true, strictFileInteractability: false, timeouts: {implicit: 0, pageLoad: 300000, script: 30000}, unhandledPromptBehavior: dismiss and notify, webauthn:virtualAuthenticators: true}
Session ID: 98e910f4238f751e82dbd12355e92feb]]>
            </message>
            <full-stacktrace>
              <![CDATA[org.openqa.selenium.TimeoutException: Expected condition failed: waiting for visibility of element located by By.xpath: //div[contains(@class, 'jump module alpina')]//span[@class = 'content'] (tried for 30 second(s) with 500 MILLISECONDS interval)
Build info: version: '3.9.1', revision: '63f7b50', time: '2018-02-07T22:25:02.294Z'
System info: host: 'S056005530', ip: '10.0.0.222', os.name: 'Windows 10', os.arch: 'amd64', os.version: '10.0', java.version: '1.8.0_261'
Driver info: org.openqa.selenium.chrome.ChromeDriver
Capabilities {acceptInsecureCerts: false, browserName: chrome, browserVersion: 85.0.4183.102, chrome: {chromedriverVersion: 85.0.4183.87 (cd6713ebf92fa..., userDataDir: C:\Users\TRI~1.NGU\AppData\...}, goog:chromeOptions: {debuggerAddress: localhost:58794}, javascriptEnabled: true, networkConnectionEnabled: false, pageLoadStrategy: normal, platform: WINDOWS, platformName: WINDOWS, proxy: Proxy(), setWindowRect: true, strictFileInteractability: false, timeouts: {implicit: 0, pageLoad: 300000, script: 30000}, unhandledPromptBehavior: dismiss and notify, webauthn:virtualAuthenticators: true}
Session ID: 98e910f4238f751e82dbd12355e92feb
	at org.openqa.selenium.support.ui.WebDriverWait.timeoutException(WebDriverWait.java:82)
	at org.openqa.selenium.support.ui.FluentWait.until(FluentWait.java:231)
	at commons.AbstractPage.hoverMouseToElement(AbstractPage.java:443)
	at pageobject.HomePageObjects.moveToAnyJumpPoint(HomePageObjects.java:34)
	at uk.co.sytner.hompage.JumpPoint.TC_18_JumpPoints_001_Alpina(JumpPoint.java:31)
	at sun.reflect.NativeMethodAccessorImpl.invoke0(Native Method)
	at sun.reflect.NativeMethodAccessorImpl.invoke(NativeMethodAccessorImpl.java:62)
	at sun.reflect.DelegatingMethodAccessorImpl.invoke(DelegatingMethodAccessorImpl.java:43)
	at java.lang.reflect.Method.invoke(Method.java:498)
	at org.testng.internal.MethodInvocationHelper.invokeMethod(MethodInvocationHelper.java:86)
	at org.testng.internal.Invoker.invokeMethod(Invoker.java:643)
	at org.testng.internal.Invoker.retryFailed(Invoker.java:967)
	at org.testng.internal.Invoker.invokeTestMethods(Invoker.java:1146)
	at org.testng.internal.TestMethodWorker.invokeTestMethods(TestMethodWorker.java:129)
	at org.testng.internal.TestMethodWorker.run(TestMethodWorker.java:112)
	at org.testng.TestRunner.privateRun(TestRunner.java:782)
	at org.testng.TestRunner.run(TestRunner.java:632)
	at org.testng.SuiteRunner.runTest(SuiteRunner.java:366)
	at org.testng.SuiteRunner.runSequentially(SuiteRunner.java:361)
	at org.testng.SuiteRunner.privateRun(SuiteRunner.java:319)
	at org.testng.SuiteRunner.run(SuiteRunner.java:268)
	at org.testng.SuiteRunnerWorker.runSuite(SuiteRunnerWorker.java:52)
	at org.testng.SuiteRunnerWorker.run(SuiteRunnerWorker.java:86)
	at org.testng.TestNG.runSuitesSequentially(TestNG.java:1244)
	at org.testng.TestNG.runSuitesLocally(TestNG.java:1169)
	at org.testng.TestNG.run(TestNG.java:1064)
	at org.apache.maven.surefire.testng.TestNGExecutor.run(TestNGExecutor.java:282)
	at org.apache.maven.surefire.testng.TestNGXmlTestSuite.execute(TestNGXmlTestSuite.java:83)
	at org.apache.maven.surefire.testng.TestNGProvider.invoke(TestNGProvider.java:114)
	at org.apache.maven.surefire.booter.ForkedBooter.invokeProviderInSameClassLoader(ForkedBooter.java:286)
	at org.apache.maven.surefire.booter.ForkedBooter.runSuitesInProcess(ForkedBooter.java:240)
	at org.apache.maven.surefire.booter.ForkedBooter.main(ForkedBooter.java:121)
]]>
            </full-stacktrace>
          </exception> <!-- org.openqa.selenium.TimeoutException -->
          <reporter-output>
            <line>
              <![CDATA[2020-09-20 19:50:18,143 INFO  uk.co.sytner.hompage.JumpPoint - JumpPoint Alpine - VP: Verify if Alpina jump point is displayed
]]>
            </line>
            <line>
              <![CDATA[2020-09-20 19:50:18,188 INFO  uk.co.sytner.hompage.JumpPoint - ===PASSED==
]]>
            </line>
            <line>
              <![CDATA[2020-09-20 19:50:18,188 INFO  uk.co.sytner.hompage.JumpPoint - JumpPoint Alpine - Step 01: Move On Alpina jump point
]]>
            </line>
          </reporter-output>
        </test-method> <!-- TC_18_JumpPoints_001_Alpina -->
        <test-method status="FAIL" signature="TC_18_JumpPoints_001_Alpina()[pri:0, instance:uk.co.sytner.hompage.JumpPoint@5ae63ade]" name="TC_18_JumpPoints_001_Alpina" duration-ms="30273" started-at="2020-09-20T19:50:48Z" finished-at="2020-09-20T19:51:18Z">
          <exception class="org.openqa.selenium.TimeoutException">
            <message>
              <![CDATA[Expected condition failed: waiting for visibility of element located by By.xpath: //div[contains(@class, 'jump module alpina')]//span[@class = 'content'] (tried for 30 second(s) with 500 MILLISECONDS interval)
Build info: version: '3.9.1', revision: '63f7b50', time: '2018-02-07T22:25:02.294Z'
System info: host: 'S056005530', ip: '10.0.0.222', os.name: 'Windows 10', os.arch: 'amd64', os.version: '10.0', java.version: '1.8.0_261'
Driver info: org.openqa.selenium.chrome.ChromeDriver
Capabilities {acceptInsecureCerts: false, browserName: chrome, browserVersion: 85.0.4183.102, chrome: {chromedriverVersion: 85.0.4183.87 (cd6713ebf92fa..., userDataDir: C:\Users\TRI~1.NGU\AppData\...}, goog:chromeOptions: {debuggerAddress: localhost:58794}, javascriptEnabled: true, networkConnectionEnabled: false, pageLoadStrategy: normal, platform: WINDOWS, platformName: WINDOWS, proxy: Proxy(), setWindowRect: true, strictFileInteractability: false, timeouts: {implicit: 0, pageLoad: 300000, script: 30000}, unhandledPromptBehavior: dismiss and notify, webauthn:virtualAuthenticators: true}
Session ID: 98e910f4238f751e82dbd12355e92feb]]>
            </message>
            <full-stacktrace>
              <![CDATA[org.openqa.selenium.TimeoutException: Expected condition failed: waiting for visibility of element located by By.xpath: //div[contains(@class, 'jump module alpina')]//span[@class = 'content'] (tried for 30 second(s) with 500 MILLISECONDS interval)
Build info: version: '3.9.1', revision: '63f7b50', time: '2018-02-07T22:25:02.294Z'
System info: host: 'S056005530', ip: '10.0.0.222', os.name: 'Windows 10', os.arch: 'amd64', os.version: '10.0', java.version: '1.8.0_261'
Driver info: org.openqa.selenium.chrome.ChromeDriver
Capabilities {acceptInsecureCerts: false, browserName: chrome, browserVersion: 85.0.4183.102, chrome: {chromedriverVersion: 85.0.4183.87 (cd6713ebf92fa..., userDataDir: C:\Users\TRI~1.NGU\AppData\...}, goog:chromeOptions: {debuggerAddress: localhost:58794}, javascriptEnabled: true, networkConnectionEnabled: false, pageLoadStrategy: normal, platform: WINDOWS, platformName: WINDOWS, proxy: Proxy(), setWindowRect: true, strictFileInteractability: false, timeouts: {implicit: 0, pageLoad: 300000, script: 30000}, unhandledPromptBehavior: dismiss and notify, webauthn:virtualAuthenticators: true}
Session ID: 98e910f4238f751e82dbd12355e92feb
	at org.openqa.selenium.support.ui.WebDriverWait.timeoutException(WebDriverWait.java:82)
	at org.openqa.selenium.support.ui.FluentWait.until(FluentWait.java:231)
	at commons.AbstractPage.hoverMouseToElement(AbstractPage.java:443)
	at pageobject.HomePageObjects.moveToAnyJumpPoint(HomePageObjects.java:34)
	at uk.co.sytner.hompage.JumpPoint.TC_18_JumpPoints_001_Alpina(JumpPoint.java:31)
	at sun.reflect.NativeMethodAccessorImpl.invoke0(Native Method)
	at sun.reflect.NativeMethodAccessorImpl.invoke(NativeMethodAccessorImpl.java:62)
	at sun.reflect.DelegatingMethodAccessorImpl.invoke(DelegatingMethodAccessorImpl.java:43)
	at java.lang.reflect.Method.invoke(Method.java:498)
	at org.testng.internal.MethodInvocationHelper.invokeMethod(MethodInvocationHelper.java:86)
	at org.testng.internal.Invoker.invokeMethod(Invoker.java:643)
	at org.testng.internal.Invoker.retryFailed(Invoker.java:967)
	at org.testng.internal.Invoker.invokeTestMethods(Invoker.java:1146)
	at org.testng.internal.TestMethodWorker.invokeTestMethods(TestMethodWorker.java:129)
	at org.testng.internal.TestMethodWorker.run(TestMethodWorker.java:112)
	at org.testng.TestRunner.privateRun(TestRunner.java:782)
	at org.testng.TestRunner.run(TestRunner.java:632)
	at org.testng.SuiteRunner.runTest(SuiteRunner.java:366)
	at org.testng.SuiteRunner.runSequentially(SuiteRunner.java:361)
	at org.testng.SuiteRunner.privateRun(SuiteRunner.java:319)
	at org.testng.SuiteRunner.run(SuiteRunner.java:268)
	at org.testng.SuiteRunnerWorker.runSuite(SuiteRunnerWorker.java:52)
	at org.testng.SuiteRunnerWorker.run(SuiteRunnerWorker.java:86)
	at org.testng.TestNG.runSuitesSequentially(TestNG.java:1244)
	at org.testng.TestNG.runSuitesLocally(TestNG.java:1169)
	at org.testng.TestNG.run(TestNG.java:1064)
	at org.apache.maven.surefire.testng.TestNGExecutor.run(TestNGExecutor.java:282)
	at org.apache.maven.surefire.testng.TestNGXmlTestSuite.execute(TestNGXmlTestSuite.java:83)
	at org.apache.maven.surefire.testng.TestNGProvider.invoke(TestNGProvider.java:114)
	at org.apache.maven.surefire.booter.ForkedBooter.invokeProviderInSameClassLoader(ForkedBooter.java:286)
	at org.apache.maven.surefire.booter.ForkedBooter.runSuitesInProcess(ForkedBooter.java:240)
	at org.apache.maven.surefire.booter.ForkedBooter.main(ForkedBooter.java:121)
]]>
            </full-stacktrace>
          </exception> <!-- org.openqa.selenium.TimeoutException -->
          <reporter-output>
            <line>
              <![CDATA[2020-09-20 19:50:48,323 INFO  uk.co.sytner.hompage.JumpPoint - JumpPoint Alpine - VP: Verify if Alpina jump point is displayed
]]>
            </line>
            <line>
              <![CDATA[2020-09-20 19:50:48,361 INFO  uk.co.sytner.hompage.JumpPoint - ===PASSED==
]]>
            </line>
            <line>
              <![CDATA[2020-09-20 19:50:48,361 INFO  uk.co.sytner.hompage.JumpPoint - JumpPoint Alpine - Step 01: Move On Alpina jump point
]]>
            </line>
          </reporter-output>
        </test-method> <!-- TC_18_JumpPoints_001_Alpina -->
        <test-method status="SKIP" signature="TC_19_JumpPoints_002_Audi()[pri:0, instance:uk.co.sytner.hompage.JumpPoint@5ae63ade]" name="TC_19_JumpPoints_002_Audi" duration-ms="30169" started-at="2020-09-20T19:51:18Z" finished-at="2020-09-20T19:51:48Z">
          <exception class="org.openqa.selenium.TimeoutException">
            <message>
              <![CDATA[Expected condition failed: waiting for visibility of element located by By.xpath: //div[contains(@class, 'jump module audi')]//span[@class = 'content'] (tried for 30 second(s) with 500 MILLISECONDS interval)
Build info: version: '3.9.1', revision: '63f7b50', time: '2018-02-07T22:25:02.294Z'
System info: host: 'S056005530', ip: '10.0.0.222', os.name: 'Windows 10', os.arch: 'amd64', os.version: '10.0', java.version: '1.8.0_261'
Driver info: org.openqa.selenium.chrome.ChromeDriver
Capabilities {acceptInsecureCerts: false, browserName: chrome, browserVersion: 85.0.4183.102, chrome: {chromedriverVersion: 85.0.4183.87 (cd6713ebf92fa..., userDataDir: C:\Users\TRI~1.NGU\AppData\...}, goog:chromeOptions: {debuggerAddress: localhost:58794}, javascriptEnabled: true, networkConnectionEnabled: false, pageLoadStrategy: normal, platform: WINDOWS, platformName: WINDOWS, proxy: Proxy(), setWindowRect: true, strictFileInteractability: false, timeouts: {implicit: 0, pageLoad: 300000, script: 30000}, unhandledPromptBehavior: dismiss and notify, webauthn:virtualAuthenticators: true}
Session ID: 98e910f4238f751e82dbd12355e92feb]]>
            </message>
            <full-stacktrace>
              <![CDATA[org.openqa.selenium.TimeoutException: Expected condition failed: waiting for visibility of element located by By.xpath: //div[contains(@class, 'jump module audi')]//span[@class = 'content'] (tried for 30 second(s) with 500 MILLISECONDS interval)
Build info: version: '3.9.1', revision: '63f7b50', time: '2018-02-07T22:25:02.294Z'
System info: host: 'S056005530', ip: '10.0.0.222', os.name: 'Windows 10', os.arch: 'amd64', os.version: '10.0', java.version: '1.8.0_261'
Driver info: org.openqa.selenium.chrome.ChromeDriver
Capabilities {acceptInsecureCerts: false, browserName: chrome, browserVersion: 85.0.4183.102, chrome: {chromedriverVersion: 85.0.4183.87 (cd6713ebf92fa..., userDataDir: C:\Users\TRI~1.NGU\AppData\...}, goog:chromeOptions: {debuggerAddress: localhost:58794}, javascriptEnabled: true, networkConnectionEnabled: false, pageLoadStrategy: normal, platform: WINDOWS, platformName: WINDOWS, proxy: Proxy(), setWindowRect: true, strictFileInteractability: false, timeouts: {implicit: 0, pageLoad: 300000, script: 30000}, unhandledPromptBehavior: dismiss and notify, webauthn:virtualAuthenticators: true}
Session ID: 98e910f4238f751e82dbd12355e92feb
	at org.openqa.selenium.support.ui.WebDriverWait.timeoutException(WebDriverWait.java:82)
	at org.openqa.selenium.support.ui.FluentWait.until(FluentWait.java:231)
	at commons.AbstractPage.hoverMouseToElement(AbstractPage.java:443)
	at pageobject.HomePageObjects.moveToAnyJumpPoint(HomePageObjects.java:34)
	at uk.co.sytner.hompage.JumpPoint.TC_19_JumpPoints_002_Audi(JumpPoint.java:52)
	at sun.reflect.NativeMethodAccessorImpl.invoke0(Native Method)
	at sun.reflect.NativeMethodAccessorImpl.invoke(NativeMethodAccessorImpl.java:62)
	at sun.reflect.DelegatingMethodAccessorImpl.invoke(DelegatingMethodAccessorImpl.java:43)
	at java.lang.reflect.Method.invoke(Method.java:498)
	at org.testng.internal.MethodInvocationHelper.invokeMethod(MethodInvocationHelper.java:86)
	at org.testng.internal.Invoker.invokeMethod(Invoker.java:643)
	at org.testng.internal.Invoker.invokeTestMethod(Invoker.java:820)
	at org.testng.internal.Invoker.invokeTestMethods(Invoker.java:1128)
	at org.testng.internal.TestMethodWorker.invokeTestMethods(TestMethodWorker.java:129)
	at org.testng.internal.TestMethodWorker.run(TestMethodWorker.java:112)
	at org.testng.TestRunner.privateRun(TestRunner.java:782)
	at org.testng.TestRunner.run(TestRunner.java:632)
	at org.testng.SuiteRunner.runTest(SuiteRunner.java:366)
	at org.testng.SuiteRunner.runSequentially(SuiteRunner.java:361)
	at org.testng.SuiteRunner.privateRun(SuiteRunner.java:319)
	at org.testng.SuiteRunner.run(SuiteRunner.java:268)
	at org.testng.SuiteRunnerWorker.runSuite(SuiteRunnerWorker.java:52)
	at org.testng.SuiteRunnerWorker.run(SuiteRunnerWorker.java:86)
	at org.testng.TestNG.runSuitesSequentially(TestNG.java:1244)
	at org.testng.TestNG.runSuitesLocally(TestNG.java:1169)
	at org.testng.TestNG.run(TestNG.java:1064)
	at org.apache.maven.surefire.testng.TestNGExecutor.run(TestNGExecutor.java:282)
	at org.apache.maven.surefire.testng.TestNGXmlTestSuite.execute(TestNGXmlTestSuite.java:83)
	at org.apache.maven.surefire.testng.TestNGProvider.invoke(TestNGProvider.java:114)
	at org.apache.maven.surefire.booter.ForkedBooter.invokeProviderInSameClassLoader(ForkedBooter.java:286)
	at org.apache.maven.surefire.booter.ForkedBooter.runSuitesInProcess(ForkedBooter.java:240)
	at org.apache.maven.surefire.booter.ForkedBooter.main(ForkedBooter.java:121)
]]>
            </full-stacktrace>
          </exception> <!-- org.openqa.selenium.TimeoutException -->
          <reporter-output>
            <line>
              <![CDATA[2020-09-20 19:51:18,602 INFO  uk.co.sytner.hompage.JumpPoint - JumpPoint Alpine - VP: Verify if Audi jump point is displayed
]]>
            </line>
            <line>
              <![CDATA[2020-09-20 19:51:18,644 INFO  uk.co.sytner.hompage.JumpPoint - ===PASSED==
]]>
            </line>
            <line>
              <![CDATA[2020-09-20 19:51:18,644 INFO  uk.co.sytner.hompage.JumpPoint - JumpPoint Alpine - Step 01: Move On Audi jump point
]]>
            </line>
          </reporter-output>
        </test-method> <!-- TC_19_JumpPoints_002_Audi -->
        <test-method status="SKIP" signature="TC_19_JumpPoints_002_Audi()[pri:0, instance:uk.co.sytner.hompage.JumpPoint@5ae63ade]" name="TC_19_JumpPoints_002_Audi" duration-ms="30226" started-at="2020-09-20T19:51:48Z" finished-at="2020-09-20T19:52:18Z">
          <exception class="org.openqa.selenium.TimeoutException">
            <message>
              <![CDATA[Expected condition failed: waiting for visibility of element located by By.xpath: //div[contains(@class, 'jump module audi')]//span[@class = 'content'] (tried for 30 second(s) with 500 MILLISECONDS interval)
Build info: version: '3.9.1', revision: '63f7b50', time: '2018-02-07T22:25:02.294Z'
System info: host: 'S056005530', ip: '10.0.0.222', os.name: 'Windows 10', os.arch: 'amd64', os.version: '10.0', java.version: '1.8.0_261'
Driver info: org.openqa.selenium.chrome.ChromeDriver
Capabilities {acceptInsecureCerts: false, browserName: chrome, browserVersion: 85.0.4183.102, chrome: {chromedriverVersion: 85.0.4183.87 (cd6713ebf92fa..., userDataDir: C:\Users\TRI~1.NGU\AppData\...}, goog:chromeOptions: {debuggerAddress: localhost:58794}, javascriptEnabled: true, networkConnectionEnabled: false, pageLoadStrategy: normal, platform: WINDOWS, platformName: WINDOWS, proxy: Proxy(), setWindowRect: true, strictFileInteractability: false, timeouts: {implicit: 0, pageLoad: 300000, script: 30000}, unhandledPromptBehavior: dismiss and notify, webauthn:virtualAuthenticators: true}
Session ID: 98e910f4238f751e82dbd12355e92feb]]>
            </message>
            <full-stacktrace>
              <![CDATA[org.openqa.selenium.TimeoutException: Expected condition failed: waiting for visibility of element located by By.xpath: //div[contains(@class, 'jump module audi')]//span[@class = 'content'] (tried for 30 second(s) with 500 MILLISECONDS interval)
Build info: version: '3.9.1', revision: '63f7b50', time: '2018-02-07T22:25:02.294Z'
System info: host: 'S056005530', ip: '10.0.0.222', os.name: 'Windows 10', os.arch: 'amd64', os.version: '10.0', java.version: '1.8.0_261'
Driver info: org.openqa.selenium.chrome.ChromeDriver
Capabilities {acceptInsecureCerts: false, browserName: chrome, browserVersion: 85.0.4183.102, chrome: {chromedriverVersion: 85.0.4183.87 (cd6713ebf92fa..., userDataDir: C:\Users\TRI~1.NGU\AppData\...}, goog:chromeOptions: {debuggerAddress: localhost:58794}, javascriptEnabled: true, networkConnectionEnabled: false, pageLoadStrategy: normal, platform: WINDOWS, platformName: WINDOWS, proxy: Proxy(), setWindowRect: true, strictFileInteractability: false, timeouts: {implicit: 0, pageLoad: 300000, script: 30000}, unhandledPromptBehavior: dismiss and notify, webauthn:virtualAuthenticators: true}
Session ID: 98e910f4238f751e82dbd12355e92feb
	at org.openqa.selenium.support.ui.WebDriverWait.timeoutException(WebDriverWait.java:82)
	at org.openqa.selenium.support.ui.FluentWait.until(FluentWait.java:231)
	at commons.AbstractPage.hoverMouseToElement(AbstractPage.java:443)
	at pageobject.HomePageObjects.moveToAnyJumpPoint(HomePageObjects.java:34)
	at uk.co.sytner.hompage.JumpPoint.TC_19_JumpPoints_002_Audi(JumpPoint.java:52)
	at sun.reflect.NativeMethodAccessorImpl.invoke0(Native Method)
	at sun.reflect.NativeMethodAccessorImpl.invoke(NativeMethodAccessorImpl.java:62)
	at sun.reflect.DelegatingMethodAccessorImpl.invoke(DelegatingMethodAccessorImpl.java:43)
	at java.lang.reflect.Method.invoke(Method.java:498)
	at org.testng.internal.MethodInvocationHelper.invokeMethod(MethodInvocationHelper.java:86)
	at org.testng.internal.Invoker.invokeMethod(Invoker.java:643)
	at org.testng.internal.Invoker.retryFailed(Invoker.java:967)
	at org.testng.internal.Invoker.invokeTestMethods(Invoker.java:1146)
	at org.testng.internal.TestMethodWorker.invokeTestMethods(TestMethodWorker.java:129)
	at org.testng.internal.TestMethodWorker.run(TestMethodWorker.java:112)
	at org.testng.TestRunner.privateRun(TestRunner.java:782)
	at org.testng.TestRunner.run(TestRunner.java:632)
	at org.testng.SuiteRunner.runTest(SuiteRunner.java:366)
	at org.testng.SuiteRunner.runSequentially(SuiteRunner.java:361)
	at org.testng.SuiteRunner.privateRun(SuiteRunner.java:319)
	at org.testng.SuiteRunner.run(SuiteRunner.java:268)
	at org.testng.SuiteRunnerWorker.runSuite(SuiteRunnerWorker.java:52)
	at org.testng.SuiteRunnerWorker.run(SuiteRunnerWorker.java:86)
	at org.testng.TestNG.runSuitesSequentially(TestNG.java:1244)
	at org.testng.TestNG.runSuitesLocally(TestNG.java:1169)
	at org.testng.TestNG.run(TestNG.java:1064)
	at org.apache.maven.surefire.testng.TestNGExecutor.run(TestNGExecutor.java:282)
	at org.apache.maven.surefire.testng.TestNGXmlTestSuite.execute(TestNGXmlTestSuite.java:83)
	at org.apache.maven.surefire.testng.TestNGProvider.invoke(TestNGProvider.java:114)
	at org.apache.maven.surefire.booter.ForkedBooter.invokeProviderInSameClassLoader(ForkedBooter.java:286)
	at org.apache.maven.surefire.booter.ForkedBooter.runSuitesInProcess(ForkedBooter.java:240)
	at org.apache.maven.surefire.booter.ForkedBooter.main(ForkedBooter.java:121)
]]>
            </full-stacktrace>
          </exception> <!-- org.openqa.selenium.TimeoutException -->
          <reporter-output>
            <line>
              <![CDATA[2020-09-20 19:51:48,771 INFO  uk.co.sytner.hompage.JumpPoint - JumpPoint Alpine - VP: Verify if Audi jump point is displayed
]]>
            </line>
            <line>
              <![CDATA[2020-09-20 19:51:48,805 INFO  uk.co.sytner.hompage.JumpPoint - ===PASSED==
]]>
            </line>
            <line>
              <![CDATA[2020-09-20 19:51:48,805 INFO  uk.co.sytner.hompage.JumpPoint - JumpPoint Alpine - Step 01: Move On Audi jump point
]]>
            </line>
          </reporter-output>
        </test-method> <!-- TC_19_JumpPoints_002_Audi -->
        <test-method status="FAIL" signature="TC_19_JumpPoints_002_Audi()[pri:0, instance:uk.co.sytner.hompage.JumpPoint@5ae63ade]" name="TC_19_JumpPoints_002_Audi" duration-ms="30291" started-at="2020-09-20T19:52:18Z" finished-at="2020-09-20T19:52:49Z">
          <exception class="org.openqa.selenium.TimeoutException">
            <message>
              <![CDATA[Expected condition failed: waiting for visibility of element located by By.xpath: //div[contains(@class, 'jump module audi')]//span[@class = 'content'] (tried for 30 second(s) with 500 MILLISECONDS interval)
Build info: version: '3.9.1', revision: '63f7b50', time: '2018-02-07T22:25:02.294Z'
System info: host: 'S056005530', ip: '10.0.0.222', os.name: 'Windows 10', os.arch: 'amd64', os.version: '10.0', java.version: '1.8.0_261'
Driver info: org.openqa.selenium.chrome.ChromeDriver
Capabilities {acceptInsecureCerts: false, browserName: chrome, browserVersion: 85.0.4183.102, chrome: {chromedriverVersion: 85.0.4183.87 (cd6713ebf92fa..., userDataDir: C:\Users\TRI~1.NGU\AppData\...}, goog:chromeOptions: {debuggerAddress: localhost:58794}, javascriptEnabled: true, networkConnectionEnabled: false, pageLoadStrategy: normal, platform: WINDOWS, platformName: WINDOWS, proxy: Proxy(), setWindowRect: true, strictFileInteractability: false, timeouts: {implicit: 0, pageLoad: 300000, script: 30000}, unhandledPromptBehavior: dismiss and notify, webauthn:virtualAuthenticators: true}
Session ID: 98e910f4238f751e82dbd12355e92feb]]>
            </message>
            <full-stacktrace>
              <![CDATA[org.openqa.selenium.TimeoutException: Expected condition failed: waiting for visibility of element located by By.xpath: //div[contains(@class, 'jump module audi')]//span[@class = 'content'] (tried for 30 second(s) with 500 MILLISECONDS interval)
Build info: version: '3.9.1', revision: '63f7b50', time: '2018-02-07T22:25:02.294Z'
System info: host: 'S056005530', ip: '10.0.0.222', os.name: 'Windows 10', os.arch: 'amd64', os.version: '10.0', java.version: '1.8.0_261'
Driver info: org.openqa.selenium.chrome.ChromeDriver
Capabilities {acceptInsecureCerts: false, browserName: chrome, browserVersion: 85.0.4183.102, chrome: {chromedriverVersion: 85.0.4183.87 (cd6713ebf92fa..., userDataDir: C:\Users\TRI~1.NGU\AppData\...}, goog:chromeOptions: {debuggerAddress: localhost:58794}, javascriptEnabled: true, networkConnectionEnabled: false, pageLoadStrategy: normal, platform: WINDOWS, platformName: WINDOWS, proxy: Proxy(), setWindowRect: true, strictFileInteractability: false, timeouts: {implicit: 0, pageLoad: 300000, script: 30000}, unhandledPromptBehavior: dismiss and notify, webauthn:virtualAuthenticators: true}
Session ID: 98e910f4238f751e82dbd12355e92feb
	at org.openqa.selenium.support.ui.WebDriverWait.timeoutException(WebDriverWait.java:82)
	at org.openqa.selenium.support.ui.FluentWait.until(FluentWait.java:231)
	at commons.AbstractPage.hoverMouseToElement(AbstractPage.java:443)
	at pageobject.HomePageObjects.moveToAnyJumpPoint(HomePageObjects.java:34)
	at uk.co.sytner.hompage.JumpPoint.TC_19_JumpPoints_002_Audi(JumpPoint.java:52)
	at sun.reflect.NativeMethodAccessorImpl.invoke0(Native Method)
	at sun.reflect.NativeMethodAccessorImpl.invoke(NativeMethodAccessorImpl.java:62)
	at sun.reflect.DelegatingMethodAccessorImpl.invoke(DelegatingMethodAccessorImpl.java:43)
	at java.lang.reflect.Method.invoke(Method.java:498)
	at org.testng.internal.MethodInvocationHelper.invokeMethod(MethodInvocationHelper.java:86)
	at org.testng.internal.Invoker.invokeMethod(Invoker.java:643)
	at org.testng.internal.Invoker.retryFailed(Invoker.java:967)
	at org.testng.internal.Invoker.invokeTestMethods(Invoker.java:1146)
	at org.testng.internal.TestMethodWorker.invokeTestMethods(TestMethodWorker.java:129)
	at org.testng.internal.TestMethodWorker.run(TestMethodWorker.java:112)
	at org.testng.TestRunner.privateRun(TestRunner.java:782)
	at org.testng.TestRunner.run(TestRunner.java:632)
	at org.testng.SuiteRunner.runTest(SuiteRunner.java:366)
	at org.testng.SuiteRunner.runSequentially(SuiteRunner.java:361)
	at org.testng.SuiteRunner.privateRun(SuiteRunner.java:319)
	at org.testng.SuiteRunner.run(SuiteRunner.java:268)
	at org.testng.SuiteRunnerWorker.runSuite(SuiteRunnerWorker.java:52)
	at org.testng.SuiteRunnerWorker.run(SuiteRunnerWorker.java:86)
	at org.testng.TestNG.runSuitesSequentially(TestNG.java:1244)
	at org.testng.TestNG.runSuitesLocally(TestNG.java:1169)
	at org.testng.TestNG.run(TestNG.java:1064)
	at org.apache.maven.surefire.testng.TestNGExecutor.run(TestNGExecutor.java:282)
	at org.apache.maven.surefire.testng.TestNGXmlTestSuite.execute(TestNGXmlTestSuite.java:83)
	at org.apache.maven.surefire.testng.TestNGProvider.invoke(TestNGProvider.java:114)
	at org.apache.maven.surefire.booter.ForkedBooter.invokeProviderInSameClassLoader(ForkedBooter.java:286)
	at org.apache.maven.surefire.booter.ForkedBooter.runSuitesInProcess(ForkedBooter.java:240)
	at org.apache.maven.surefire.booter.ForkedBooter.main(ForkedBooter.java:121)
]]>
            </full-stacktrace>
          </exception> <!-- org.openqa.selenium.TimeoutException -->
          <reporter-output>
            <line>
              <![CDATA[2020-09-20 19:52:18,998 INFO  uk.co.sytner.hompage.JumpPoint - JumpPoint Alpine - VP: Verify if Audi jump point is displayed
]]>
            </line>
            <line>
              <![CDATA[2020-09-20 19:52:19,050 INFO  uk.co.sytner.hompage.JumpPoint - ===PASSED==
]]>
            </line>
            <line>
              <![CDATA[2020-09-20 19:52:19,050 INFO  uk.co.sytner.hompage.JumpPoint - JumpPoint Alpine - Step 01: Move On Audi jump point
]]>
            </line>
          </reporter-output>
        </test-method> <!-- TC_19_JumpPoints_002_Audi -->
        <test-method status="SKIP" signature="TC_20_JumpPoints_003_Bentley()[pri:0, instance:uk.co.sytner.hompage.JumpPoint@5ae63ade]" name="TC_20_JumpPoints_003_Bentley" duration-ms="30515" started-at="2020-09-20T19:52:49Z" finished-at="2020-09-20T19:53:19Z">
          <exception class="org.openqa.selenium.TimeoutException">
            <message>
              <![CDATA[Expected condition failed: waiting for visibility of element located by By.xpath: //div[contains(@class, 'jump module bentley')]//span[@class = 'content'] (tried for 30 second(s) with 500 MILLISECONDS interval)
Build info: version: '3.9.1', revision: '63f7b50', time: '2018-02-07T22:25:02.294Z'
System info: host: 'S056005530', ip: '10.0.0.222', os.name: 'Windows 10', os.arch: 'amd64', os.version: '10.0', java.version: '1.8.0_261'
Driver info: org.openqa.selenium.chrome.ChromeDriver
Capabilities {acceptInsecureCerts: false, browserName: chrome, browserVersion: 85.0.4183.102, chrome: {chromedriverVersion: 85.0.4183.87 (cd6713ebf92fa..., userDataDir: C:\Users\TRI~1.NGU\AppData\...}, goog:chromeOptions: {debuggerAddress: localhost:58794}, javascriptEnabled: true, networkConnectionEnabled: false, pageLoadStrategy: normal, platform: WINDOWS, platformName: WINDOWS, proxy: Proxy(), setWindowRect: true, strictFileInteractability: false, timeouts: {implicit: 0, pageLoad: 300000, script: 30000}, unhandledPromptBehavior: dismiss and notify, webauthn:virtualAuthenticators: true}
Session ID: 98e910f4238f751e82dbd12355e92feb]]>
            </message>
            <full-stacktrace>
              <![CDATA[org.openqa.selenium.TimeoutException: Expected condition failed: waiting for visibility of element located by By.xpath: //div[contains(@class, 'jump module bentley')]//span[@class = 'content'] (tried for 30 second(s) with 500 MILLISECONDS interval)
Build info: version: '3.9.1', revision: '63f7b50', time: '2018-02-07T22:25:02.294Z'
System info: host: 'S056005530', ip: '10.0.0.222', os.name: 'Windows 10', os.arch: 'amd64', os.version: '10.0', java.version: '1.8.0_261'
Driver info: org.openqa.selenium.chrome.ChromeDriver
Capabilities {acceptInsecureCerts: false, browserName: chrome, browserVersion: 85.0.4183.102, chrome: {chromedriverVersion: 85.0.4183.87 (cd6713ebf92fa..., userDataDir: C:\Users\TRI~1.NGU\AppData\...}, goog:chromeOptions: {debuggerAddress: localhost:58794}, javascriptEnabled: true, networkConnectionEnabled: false, pageLoadStrategy: normal, platform: WINDOWS, platformName: WINDOWS, proxy: Proxy(), setWindowRect: true, strictFileInteractability: false, timeouts: {implicit: 0, pageLoad: 300000, script: 30000}, unhandledPromptBehavior: dismiss and notify, webauthn:virtualAuthenticators: true}
Session ID: 98e910f4238f751e82dbd12355e92feb
	at org.openqa.selenium.support.ui.WebDriverWait.timeoutException(WebDriverWait.java:82)
	at org.openqa.selenium.support.ui.FluentWait.until(FluentWait.java:231)
	at commons.AbstractPage.hoverMouseToElement(AbstractPage.java:443)
	at pageobject.HomePageObjects.moveToAnyJumpPoint(HomePageObjects.java:34)
	at uk.co.sytner.hompage.JumpPoint.TC_20_JumpPoints_003_Bentley(JumpPoint.java:73)
	at sun.reflect.NativeMethodAccessorImpl.invoke0(Native Method)
	at sun.reflect.NativeMethodAccessorImpl.invoke(NativeMethodAccessorImpl.java:62)
	at sun.reflect.DelegatingMethodAccessorImpl.invoke(DelegatingMethodAccessorImpl.java:43)
	at java.lang.reflect.Method.invoke(Method.java:498)
	at org.testng.internal.MethodInvocationHelper.invokeMethod(MethodInvocationHelper.java:86)
	at org.testng.internal.Invoker.invokeMethod(Invoker.java:643)
	at org.testng.internal.Invoker.invokeTestMethod(Invoker.java:820)
	at org.testng.internal.Invoker.invokeTestMethods(Invoker.java:1128)
	at org.testng.internal.TestMethodWorker.invokeTestMethods(TestMethodWorker.java:129)
	at org.testng.internal.TestMethodWorker.run(TestMethodWorker.java:112)
	at org.testng.TestRunner.privateRun(TestRunner.java:782)
	at org.testng.TestRunner.run(TestRunner.java:632)
	at org.testng.SuiteRunner.runTest(SuiteRunner.java:366)
	at org.testng.SuiteRunner.runSequentially(SuiteRunner.java:361)
	at org.testng.SuiteRunner.privateRun(SuiteRunner.java:319)
	at org.testng.SuiteRunner.run(SuiteRunner.java:268)
	at org.testng.SuiteRunnerWorker.runSuite(SuiteRunnerWorker.java:52)
	at org.testng.SuiteRunnerWorker.run(SuiteRunnerWorker.java:86)
	at org.testng.TestNG.runSuitesSequentially(TestNG.java:1244)
	at org.testng.TestNG.runSuitesLocally(TestNG.java:1169)
	at org.testng.TestNG.run(TestNG.java:1064)
	at org.apache.maven.surefire.testng.TestNGExecutor.run(TestNGExecutor.java:282)
	at org.apache.maven.surefire.testng.TestNGXmlTestSuite.execute(TestNGXmlTestSuite.java:83)
	at org.apache.maven.surefire.testng.TestNGProvider.invoke(TestNGProvider.java:114)
	at org.apache.maven.surefire.booter.ForkedBooter.invokeProviderInSameClassLoader(ForkedBooter.java:286)
	at org.apache.maven.surefire.booter.ForkedBooter.runSuitesInProcess(ForkedBooter.java:240)
	at org.apache.maven.surefire.booter.ForkedBooter.main(ForkedBooter.java:121)
]]>
            </full-stacktrace>
          </exception> <!-- org.openqa.selenium.TimeoutException -->
          <reporter-output>
            <line>
              <![CDATA[2020-09-20 19:52:49,292 INFO  uk.co.sytner.hompage.JumpPoint - JumpPoint Alpine - VP: Verify if Bentley jump point is displayed
]]>
            </line>
            <line>
              <![CDATA[2020-09-20 19:52:49,342 INFO  uk.co.sytner.hompage.JumpPoint - ===PASSED==
]]>
            </line>
            <line>
              <![CDATA[2020-09-20 19:52:49,342 INFO  uk.co.sytner.hompage.JumpPoint - JumpPoint Alpine - Step 01: Move On Bentley jump point
]]>
            </line>
          </reporter-output>
        </test-method> <!-- TC_20_JumpPoints_003_Bentley -->
        <test-method status="SKIP" signature="TC_20_JumpPoints_003_Bentley()[pri:0, instance:uk.co.sytner.hompage.JumpPoint@5ae63ade]" name="TC_20_JumpPoints_003_Bentley" duration-ms="30335" started-at="2020-09-20T19:53:19Z" finished-at="2020-09-20T19:53:50Z">
          <exception class="org.openqa.selenium.TimeoutException">
            <message>
              <![CDATA[Expected condition failed: waiting for visibility of element located by By.xpath: //div[contains(@class, 'jump module bentley')]//span[@class = 'content'] (tried for 30 second(s) with 500 MILLISECONDS interval)
Build info: version: '3.9.1', revision: '63f7b50', time: '2018-02-07T22:25:02.294Z'
System info: host: 'S056005530', ip: '10.0.0.222', os.name: 'Windows 10', os.arch: 'amd64', os.version: '10.0', java.version: '1.8.0_261'
Driver info: org.openqa.selenium.chrome.ChromeDriver
Capabilities {acceptInsecureCerts: false, browserName: chrome, browserVersion: 85.0.4183.102, chrome: {chromedriverVersion: 85.0.4183.87 (cd6713ebf92fa..., userDataDir: C:\Users\TRI~1.NGU\AppData\...}, goog:chromeOptions: {debuggerAddress: localhost:58794}, javascriptEnabled: true, networkConnectionEnabled: false, pageLoadStrategy: normal, platform: WINDOWS, platformName: WINDOWS, proxy: Proxy(), setWindowRect: true, strictFileInteractability: false, timeouts: {implicit: 0, pageLoad: 300000, script: 30000}, unhandledPromptBehavior: dismiss and notify, webauthn:virtualAuthenticators: true}
Session ID: 98e910f4238f751e82dbd12355e92feb]]>
            </message>
            <full-stacktrace>
              <![CDATA[org.openqa.selenium.TimeoutException: Expected condition failed: waiting for visibility of element located by By.xpath: //div[contains(@class, 'jump module bentley')]//span[@class = 'content'] (tried for 30 second(s) with 500 MILLISECONDS interval)
Build info: version: '3.9.1', revision: '63f7b50', time: '2018-02-07T22:25:02.294Z'
System info: host: 'S056005530', ip: '10.0.0.222', os.name: 'Windows 10', os.arch: 'amd64', os.version: '10.0', java.version: '1.8.0_261'
Driver info: org.openqa.selenium.chrome.ChromeDriver
Capabilities {acceptInsecureCerts: false, browserName: chrome, browserVersion: 85.0.4183.102, chrome: {chromedriverVersion: 85.0.4183.87 (cd6713ebf92fa..., userDataDir: C:\Users\TRI~1.NGU\AppData\...}, goog:chromeOptions: {debuggerAddress: localhost:58794}, javascriptEnabled: true, networkConnectionEnabled: false, pageLoadStrategy: normal, platform: WINDOWS, platformName: WINDOWS, proxy: Proxy(), setWindowRect: true, strictFileInteractability: false, timeouts: {implicit: 0, pageLoad: 300000, script: 30000}, unhandledPromptBehavior: dismiss and notify, webauthn:virtualAuthenticators: true}
Session ID: 98e910f4238f751e82dbd12355e92feb
	at org.openqa.selenium.support.ui.WebDriverWait.timeoutException(WebDriverWait.java:82)
	at org.openqa.selenium.support.ui.FluentWait.until(FluentWait.java:231)
	at commons.AbstractPage.hoverMouseToElement(AbstractPage.java:443)
	at pageobject.HomePageObjects.moveToAnyJumpPoint(HomePageObjects.java:34)
	at uk.co.sytner.hompage.JumpPoint.TC_20_JumpPoints_003_Bentley(JumpPoint.java:73)
	at sun.reflect.NativeMethodAccessorImpl.invoke0(Native Method)
	at sun.reflect.NativeMethodAccessorImpl.invoke(NativeMethodAccessorImpl.java:62)
	at sun.reflect.DelegatingMethodAccessorImpl.invoke(DelegatingMethodAccessorImpl.java:43)
	at java.lang.reflect.Method.invoke(Method.java:498)
	at org.testng.internal.MethodInvocationHelper.invokeMethod(MethodInvocationHelper.java:86)
	at org.testng.internal.Invoker.invokeMethod(Invoker.java:643)
	at org.testng.internal.Invoker.retryFailed(Invoker.java:967)
	at org.testng.internal.Invoker.invokeTestMethods(Invoker.java:1146)
	at org.testng.internal.TestMethodWorker.invokeTestMethods(TestMethodWorker.java:129)
	at org.testng.internal.TestMethodWorker.run(TestMethodWorker.java:112)
	at org.testng.TestRunner.privateRun(TestRunner.java:782)
	at org.testng.TestRunner.run(TestRunner.java:632)
	at org.testng.SuiteRunner.runTest(SuiteRunner.java:366)
	at org.testng.SuiteRunner.runSequentially(SuiteRunner.java:361)
	at org.testng.SuiteRunner.privateRun(SuiteRunner.java:319)
	at org.testng.SuiteRunner.run(SuiteRunner.java:268)
	at org.testng.SuiteRunnerWorker.runSuite(SuiteRunnerWorker.java:52)
	at org.testng.SuiteRunnerWorker.run(SuiteRunnerWorker.java:86)
	at org.testng.TestNG.runSuitesSequentially(TestNG.java:1244)
	at org.testng.TestNG.runSuitesLocally(TestNG.java:1169)
	at org.testng.TestNG.run(TestNG.java:1064)
	at org.apache.maven.surefire.testng.TestNGExecutor.run(TestNGExecutor.java:282)
	at org.apache.maven.surefire.testng.TestNGXmlTestSuite.execute(TestNGXmlTestSuite.java:83)
	at org.apache.maven.surefire.testng.TestNGProvider.invoke(TestNGProvider.java:114)
	at org.apache.maven.surefire.booter.ForkedBooter.invokeProviderInSameClassLoader(ForkedBooter.java:286)
	at org.apache.maven.surefire.booter.ForkedBooter.runSuitesInProcess(ForkedBooter.java:240)
	at org.apache.maven.surefire.booter.ForkedBooter.main(ForkedBooter.java:121)
]]>
            </full-stacktrace>
          </exception> <!-- org.openqa.selenium.TimeoutException -->
          <reporter-output>
            <line>
              <![CDATA[2020-09-20 19:53:19,807 INFO  uk.co.sytner.hompage.JumpPoint - JumpPoint Alpine - VP: Verify if Bentley jump point is displayed
]]>
            </line>
            <line>
              <![CDATA[2020-09-20 19:53:19,847 INFO  uk.co.sytner.hompage.JumpPoint - ===PASSED==
]]>
            </line>
            <line>
              <![CDATA[2020-09-20 19:53:19,847 INFO  uk.co.sytner.hompage.JumpPoint - JumpPoint Alpine - Step 01: Move On Bentley jump point
]]>
            </line>
          </reporter-output>
        </test-method> <!-- TC_20_JumpPoints_003_Bentley -->
        <test-method status="FAIL" signature="TC_20_JumpPoints_003_Bentley()[pri:0, instance:uk.co.sytner.hompage.JumpPoint@5ae63ade]" name="TC_20_JumpPoints_003_Bentley" duration-ms="30305" started-at="2020-09-20T19:53:50Z" finished-at="2020-09-20T19:54:20Z">
          <exception class="org.openqa.selenium.TimeoutException">
            <message>
              <![CDATA[Expected condition failed: waiting for visibility of element located by By.xpath: //div[contains(@class, 'jump module bentley')]//span[@class = 'content'] (tried for 30 second(s) with 500 MILLISECONDS interval)
Build info: version: '3.9.1', revision: '63f7b50', time: '2018-02-07T22:25:02.294Z'
System info: host: 'S056005530', ip: '10.0.0.222', os.name: 'Windows 10', os.arch: 'amd64', os.version: '10.0', java.version: '1.8.0_261'
Driver info: org.openqa.selenium.chrome.ChromeDriver
Capabilities {acceptInsecureCerts: false, browserName: chrome, browserVersion: 85.0.4183.102, chrome: {chromedriverVersion: 85.0.4183.87 (cd6713ebf92fa..., userDataDir: C:\Users\TRI~1.NGU\AppData\...}, goog:chromeOptions: {debuggerAddress: localhost:58794}, javascriptEnabled: true, networkConnectionEnabled: false, pageLoadStrategy: normal, platform: WINDOWS, platformName: WINDOWS, proxy: Proxy(), setWindowRect: true, strictFileInteractability: false, timeouts: {implicit: 0, pageLoad: 300000, script: 30000}, unhandledPromptBehavior: dismiss and notify, webauthn:virtualAuthenticators: true}
Session ID: 98e910f4238f751e82dbd12355e92feb]]>
            </message>
            <full-stacktrace>
              <![CDATA[org.openqa.selenium.TimeoutException: Expected condition failed: waiting for visibility of element located by By.xpath: //div[contains(@class, 'jump module bentley')]//span[@class = 'content'] (tried for 30 second(s) with 500 MILLISECONDS interval)
Build info: version: '3.9.1', revision: '63f7b50', time: '2018-02-07T22:25:02.294Z'
System info: host: 'S056005530', ip: '10.0.0.222', os.name: 'Windows 10', os.arch: 'amd64', os.version: '10.0', java.version: '1.8.0_261'
Driver info: org.openqa.selenium.chrome.ChromeDriver
Capabilities {acceptInsecureCerts: false, browserName: chrome, browserVersion: 85.0.4183.102, chrome: {chromedriverVersion: 85.0.4183.87 (cd6713ebf92fa..., userDataDir: C:\Users\TRI~1.NGU\AppData\...}, goog:chromeOptions: {debuggerAddress: localhost:58794}, javascriptEnabled: true, networkConnectionEnabled: false, pageLoadStrategy: normal, platform: WINDOWS, platformName: WINDOWS, proxy: Proxy(), setWindowRect: true, strictFileInteractability: false, timeouts: {implicit: 0, pageLoad: 300000, script: 30000}, unhandledPromptBehavior: dismiss and notify, webauthn:virtualAuthenticators: true}
Session ID: 98e910f4238f751e82dbd12355e92feb
	at org.openqa.selenium.support.ui.WebDriverWait.timeoutException(WebDriverWait.java:82)
	at org.openqa.selenium.support.ui.FluentWait.until(FluentWait.java:231)
	at commons.AbstractPage.hoverMouseToElement(AbstractPage.java:443)
	at pageobject.HomePageObjects.moveToAnyJumpPoint(HomePageObjects.java:34)
	at uk.co.sytner.hompage.JumpPoint.TC_20_JumpPoints_003_Bentley(JumpPoint.java:73)
	at sun.reflect.NativeMethodAccessorImpl.invoke0(Native Method)
	at sun.reflect.NativeMethodAccessorImpl.invoke(NativeMethodAccessorImpl.java:62)
	at sun.reflect.DelegatingMethodAccessorImpl.invoke(DelegatingMethodAccessorImpl.java:43)
	at java.lang.reflect.Method.invoke(Method.java:498)
	at org.testng.internal.MethodInvocationHelper.invokeMethod(MethodInvocationHelper.java:86)
	at org.testng.internal.Invoker.invokeMethod(Invoker.java:643)
	at org.testng.internal.Invoker.retryFailed(Invoker.java:967)
	at org.testng.internal.Invoker.invokeTestMethods(Invoker.java:1146)
	at org.testng.internal.TestMethodWorker.invokeTestMethods(TestMethodWorker.java:129)
	at org.testng.internal.TestMethodWorker.run(TestMethodWorker.java:112)
	at org.testng.TestRunner.privateRun(TestRunner.java:782)
	at org.testng.TestRunner.run(TestRunner.java:632)
	at org.testng.SuiteRunner.runTest(SuiteRunner.java:366)
	at org.testng.SuiteRunner.runSequentially(SuiteRunner.java:361)
	at org.testng.SuiteRunner.privateRun(SuiteRunner.java:319)
	at org.testng.SuiteRunner.run(SuiteRunner.java:268)
	at org.testng.SuiteRunnerWorker.runSuite(SuiteRunnerWorker.java:52)
	at org.testng.SuiteRunnerWorker.run(SuiteRunnerWorker.java:86)
	at org.testng.TestNG.runSuitesSequentially(TestNG.java:1244)
	at org.testng.TestNG.runSuitesLocally(TestNG.java:1169)
[...]
	at org.testng.internal.Invoker.invokeTestMethods(Invoker.java:1146)
	at org.testng.internal.TestMethodWorker.invokeTestMethods(TestMethodWorker.java:129)
	at org.testng.internal.TestMethodWorker.run(TestMethodWorker.java:112)
	at org.testng.TestRunner.privateRun(TestRunner.java:782)
	at org.testng.TestRunner.run(TestRunner.java:632)
	at org.testng.SuiteRunner.runTest(SuiteRunner.java:366)
	at org.testng.SuiteRunner.runSequentially(SuiteRunner.java:361)
	at org.testng.SuiteRunner.privateRun(SuiteRunner.java:319)
	at org.testng.SuiteRunner.run(SuiteRunner.java:268)
	at org.testng.SuiteRunnerWorker.runSuite(SuiteRunnerWorker.java:52)
	at org.testng.SuiteRunnerWorker.run(SuiteRunnerWorker.java:86)
	at org.testng.TestNG.runSuitesSequentially(TestNG.java:1244)
	at org.testng.TestNG.runSuitesLocally(TestNG.java:1169)
	at org.testng.TestNG.run(TestNG.java:1064)
	at org.apache.maven.surefire.testng.TestNGExecutor.run(TestNGExecutor.java:282)
	at org.apache.maven.surefire.testng.TestNGXmlTestSuite.execute(TestNGXmlTestSuite.java:83)
	at org.apache.maven.surefire.testng.TestNGProvider.invoke(TestNGProvider.java:114)
	at org.apache.maven.surefire.booter.ForkedBooter.invokeProviderInSameClassLoader(ForkedBooter.java:286)
	at org.apache.maven.surefire.booter.ForkedBooter.runSuitesInProcess(ForkedBooter.java:240)
	at org.apache.maven.surefire.booter.ForkedBooter.main(ForkedBooter.java:121)
]]>
            </full-stacktrace>
          </exception> <!-- org.openqa.selenium.TimeoutException -->
          <reporter-output>
            <line>
              <![CDATA[2020-09-20 20:19:05,860 INFO  uk.co.sytner.hompage.JumpPoint - JumpPoint Alpine - VP: Verify if Volkswagen Commercial jump point is displayed
]]>
            </line>
          </reporter-output>
        </test-method> <!-- TC_38_JumpPoints_021_VolkswagenCommercial -->
        <test-method status="SKIP" signature="TC_39_JumpPoints_022_Volvo()[pri:0, instance:uk.co.sytner.hompage.JumpPoint@5ae63ade]" name="TC_39_JumpPoints_022_Volvo" duration-ms="30193" started-at="2020-09-20T20:19:15Z" finished-at="2020-09-20T20:19:46Z">
          <exception class="org.openqa.selenium.TimeoutException">
            <message>
              <![CDATA[Expected condition failed: waiting for visibility of element located by By.xpath: //div[contains(@class, 'jump module volvo')]//span[@class = 'content'] (tried for 30 second(s) with 500 MILLISECONDS interval)
Build info: version: '3.9.1', revision: '63f7b50', time: '2018-02-07T22:25:02.294Z'
System info: host: 'S056005530', ip: '10.0.0.222', os.name: 'Windows 10', os.arch: 'amd64', os.version: '10.0', java.version: '1.8.0_261'
Driver info: org.openqa.selenium.chrome.ChromeDriver
Capabilities {acceptInsecureCerts: false, browserName: chrome, browserVersion: 85.0.4183.102, chrome: {chromedriverVersion: 85.0.4183.87 (cd6713ebf92fa..., userDataDir: C:\Users\TRI~1.NGU\AppData\...}, goog:chromeOptions: {debuggerAddress: localhost:58794}, javascriptEnabled: true, networkConnectionEnabled: false, pageLoadStrategy: normal, platform: WINDOWS, platformName: WINDOWS, proxy: Proxy(), setWindowRect: true, strictFileInteractability: false, timeouts: {implicit: 0, pageLoad: 300000, script: 30000}, unhandledPromptBehavior: dismiss and notify, webauthn:virtualAuthenticators: true}
Session ID: 98e910f4238f751e82dbd12355e92feb]]>
            </message>
            <full-stacktrace>
              <![CDATA[org.openqa.selenium.TimeoutException: Expected condition failed: waiting for visibility of element located by By.xpath: //div[contains(@class, 'jump module volvo')]//span[@class = 'content'] (tried for 30 second(s) with 500 MILLISECONDS interval)
Build info: version: '3.9.1', revision: '63f7b50', time: '2018-02-07T22:25:02.294Z'
System info: host: 'S056005530', ip: '10.0.0.222', os.name: 'Windows 10', os.arch: 'amd64', os.version: '10.0', java.version: '1.8.0_261'
Driver info: org.openqa.selenium.chrome.ChromeDriver
Capabilities {acceptInsecureCerts: false, browserName: chrome, browserVersion: 85.0.4183.102, chrome: {chromedriverVersion: 85.0.4183.87 (cd6713ebf92fa..., userDataDir: C:\Users\TRI~1.NGU\AppData\...}, goog:chromeOptions: {debuggerAddress: localhost:58794}, javascriptEnabled: true, networkConnectionEnabled: false, pageLoadStrategy: normal, platform: WINDOWS, platformName: WINDOWS, proxy: Proxy(), setWindowRect: true, strictFileInteractability: false, timeouts: {implicit: 0, pageLoad: 300000, script: 30000}, unhandledPromptBehavior: dismiss and notify, webauthn:virtualAuthenticators: true}
Session ID: 98e910f4238f751e82dbd12355e92feb
	at org.openqa.selenium.support.ui.WebDriverWait.timeoutException(WebDriverWait.java:82)
	at org.openqa.selenium.support.ui.FluentWait.until(FluentWait.java:231)
	at commons.AbstractPage.hoverMouseToElement(AbstractPage.java:443)
	at pageobject.HomePageObjects.moveToAnyJumpPoint(HomePageObjects.java:34)
	at uk.co.sytner.hompage.JumpPoint.TC_39_JumpPoints_022_Volvo(JumpPoint.java:472)
	at sun.reflect.NativeMethodAccessorImpl.invoke0(Native Method)
	at sun.reflect.NativeMethodAccessorImpl.invoke(NativeMethodAccessorImpl.java:62)
	at sun.reflect.DelegatingMethodAccessorImpl.invoke(DelegatingMethodAccessorImpl.java:43)
	at java.lang.reflect.Method.invoke(Method.java:498)
	at org.testng.internal.MethodInvocationHelper.invokeMethod(MethodInvocationHelper.java:86)
	at org.testng.internal.Invoker.invokeMethod(Invoker.java:643)
	at org.testng.internal.Invoker.invokeTestMethod(Invoker.java:820)
	at org.testng.internal.Invoker.invokeTestMethods(Invoker.java:1128)
	at org.testng.internal.TestMethodWorker.invokeTestMethods(TestMethodWorker.java:129)
	at org.testng.internal.TestMethodWorker.run(TestMethodWorker.java:112)
	at org.testng.TestRunner.privateRun(TestRunner.java:782)
	at org.testng.TestRunner.run(TestRunner.java:632)
	at org.testng.SuiteRunner.runTest(SuiteRunner.java:366)
	at org.testng.SuiteRunner.runSequentially(SuiteRunner.java:361)
	at org.testng.SuiteRunner.privateRun(SuiteRunner.java:319)
	at org.testng.SuiteRunner.run(SuiteRunner.java:268)
	at org.testng.SuiteRunnerWorker.runSuite(SuiteRunnerWorker.java:52)
	at org.testng.SuiteRunnerWorker.run(SuiteRunnerWorker.java:86)
	at org.testng.TestNG.runSuitesSequentially(TestNG.java:1244)
	at org.testng.TestNG.runSuitesLocally(TestNG.java:1169)
	at org.testng.TestNG.run(TestNG.java:1064)
	at org.apache.maven.surefire.testng.TestNGExecutor.run(TestNGExecutor.java:282)
	at org.apache.maven.surefire.testng.TestNGXmlTestSuite.execute(TestNGXmlTestSuite.java:83)
	at org.apache.maven.surefire.testng.TestNGProvider.invoke(TestNGProvider.java:114)
	at org.apache.maven.surefire.booter.ForkedBooter.invokeProviderInSameClassLoader(ForkedBooter.java:286)
	at org.apache.maven.surefire.booter.ForkedBooter.runSuitesInProcess(ForkedBooter.java:240)
	at org.apache.maven.surefire.booter.ForkedBooter.main(ForkedBooter.java:121)
]]>
            </full-stacktrace>
          </exception> <!-- org.openqa.selenium.TimeoutException -->
          <reporter-output>
            <line>
              <![CDATA[2020-09-20 20:19:15,931 INFO  uk.co.sytner.hompage.JumpPoint - JumpPoint Alpine - VP: Verify if Volvo jump point is displayed
]]>
            </line>
            <line>
              <![CDATA[2020-09-20 20:19:15,982 INFO  uk.co.sytner.hompage.JumpPoint - ===PASSED==
]]>
            </line>
            <line>
              <![CDATA[2020-09-20 20:19:15,982 INFO  uk.co.sytner.hompage.JumpPoint - JumpPoint Alpine - Step 01: Move On Volvo jump point
]]>
            </line>
          </reporter-output>
        </test-method> <!-- TC_39_JumpPoints_022_Volvo -->
        <test-method status="SKIP" signature="TC_39_JumpPoints_022_Volvo()[pri:0, instance:uk.co.sytner.hompage.JumpPoint@5ae63ade]" name="TC_39_JumpPoints_022_Volvo" duration-ms="30140" started-at="2020-09-20T20:19:46Z" finished-at="2020-09-20T20:20:16Z">
          <exception class="org.openqa.selenium.TimeoutException">
            <message>
              <![CDATA[Expected condition failed: waiting for visibility of element located by By.xpath: //div[contains(@class, 'jump module volvo')]//span[@class = 'content'] (tried for 30 second(s) with 500 MILLISECONDS interval)
Build info: version: '3.9.1', revision: '63f7b50', time: '2018-02-07T22:25:02.294Z'
System info: host: 'S056005530', ip: '10.0.0.222', os.name: 'Windows 10', os.arch: 'amd64', os.version: '10.0', java.version: '1.8.0_261'
Driver info: org.openqa.selenium.chrome.ChromeDriver
Capabilities {acceptInsecureCerts: false, browserName: chrome, browserVersion: 85.0.4183.102, chrome: {chromedriverVersion: 85.0.4183.87 (cd6713ebf92fa..., userDataDir: C:\Users\TRI~1.NGU\AppData\...}, goog:chromeOptions: {debuggerAddress: localhost:58794}, javascriptEnabled: true, networkConnectionEnabled: false, pageLoadStrategy: normal, platform: WINDOWS, platformName: WINDOWS, proxy: Proxy(), setWindowRect: true, strictFileInteractability: false, timeouts: {implicit: 0, pageLoad: 300000, script: 30000}, unhandledPromptBehavior: dismiss and notify, webauthn:virtualAuthenticators: true}
Session ID: 98e910f4238f751e82dbd12355e92feb]]>
            </message>
            <full-stacktrace>
              <![CDATA[org.openqa.selenium.TimeoutException: Expected condition failed: waiting for visibility of element located by By.xpath: //div[contains(@class, 'jump module volvo')]//span[@class = 'content'] (tried for 30 second(s) with 500 MILLISECONDS interval)
Build info: version: '3.9.1', revision: '63f7b50', time: '2018-02-07T22:25:02.294Z'
System info: host: 'S056005530', ip: '10.0.0.222', os.name: 'Windows 10', os.arch: 'amd64', os.version: '10.0', java.version: '1.8.0_261'
Driver info: org.openqa.selenium.chrome.ChromeDriver
Capabilities {acceptInsecureCerts: false, browserName: chrome, browserVersion: 85.0.4183.102, chrome: {chromedriverVersion: 85.0.4183.87 (cd6713ebf92fa..., userDataDir: C:\Users\TRI~1.NGU\AppData\...}, goog:chromeOptions: {debuggerAddress: localhost:58794}, javascriptEnabled: true, networkConnectionEnabled: false, pageLoadStrategy: normal, platform: WINDOWS, platformName: WINDOWS, proxy: Proxy(), setWindowRect: true, strictFileInteractability: false, timeouts: {implicit: 0, pageLoad: 300000, script: 30000}, unhandledPromptBehavior: dismiss and notify, webauthn:virtualAuthenticators: true}
Session ID: 98e910f4238f751e82dbd12355e92feb
	at org.openqa.selenium.support.ui.WebDriverWait.timeoutException(WebDriverWait.java:82)
	at org.openqa.selenium.support.ui.FluentWait.until(FluentWait.java:231)
	at commons.AbstractPage.hoverMouseToElement(AbstractPage.java:443)
	at pageobject.HomePageObjects.moveToAnyJumpPoint(HomePageObjects.java:34)
	at uk.co.sytner.hompage.JumpPoint.TC_39_JumpPoints_022_Volvo(JumpPoint.java:472)
	at sun.reflect.NativeMethodAccessorImpl.invoke0(Native Method)
	at sun.reflect.NativeMethodAccessorImpl.invoke(NativeMethodAccessorImpl.java:62)
	at sun.reflect.DelegatingMethodAccessorImpl.invoke(DelegatingMethodAccessorImpl.java:43)
	at java.lang.reflect.Method.invoke(Method.java:498)
	at org.testng.internal.MethodInvocationHelper.invokeMethod(MethodInvocationHelper.java:86)
	at org.testng.internal.Invoker.invokeMethod(Invoker.java:643)
	at org.testng.internal.Invoker.retryFailed(Invoker.java:967)
	at org.testng.internal.Invoker.invokeTestMethods(Invoker.java:1146)
	at org.testng.internal.TestMethodWorker.invokeTestMethods(TestMethodWorker.java:129)
	at org.testng.internal.TestMethodWorker.run(TestMethodWorker.java:112)
	at org.testng.TestRunner.privateRun(TestRunner.java:782)
	at org.testng.TestRunner.run(TestRunner.java:632)
	at org.testng.SuiteRunner.runTest(SuiteRunner.java:366)
	at org.testng.SuiteRunner.runSequentially(SuiteRunner.java:361)
	at org.testng.SuiteRunner.privateRun(SuiteRunner.java:319)
	at org.testng.SuiteRunner.run(SuiteRunner.java:268)
	at org.testng.SuiteRunnerWorker.runSuite(SuiteRunnerWorker.java:52)
	at org.testng.SuiteRunnerWorker.run(SuiteRunnerWorker.java:86)
	at org.testng.TestNG.runSuitesSequentially(TestNG.java:1244)
	at org.testng.TestNG.runSuitesLocally(TestNG.java:1169)
	at org.testng.TestNG.run(TestNG.java:1064)
	at org.apache.maven.surefire.testng.TestNGExecutor.run(TestNGExecutor.java:282)
	at org.apache.maven.surefire.testng.TestNGXmlTestSuite.execute(TestNGXmlTestSuite.java:83)
	at org.apache.maven.surefire.testng.TestNGProvider.invoke(TestNGProvider.java:114)
	at org.apache.maven.surefire.booter.ForkedBooter.invokeProviderInSameClassLoader(ForkedBooter.java:286)
	at org.apache.maven.surefire.booter.ForkedBooter.runSuitesInProcess(ForkedBooter.java:240)
	at org.apache.maven.surefire.booter.ForkedBooter.main(ForkedBooter.java:121)
]]>
            </full-stacktrace>
          </exception> <!-- org.openqa.selenium.TimeoutException -->
          <reporter-output>
            <line>
              <![CDATA[2020-09-20 20:19:46,124 INFO  uk.co.sytner.hompage.JumpPoint - JumpPoint Alpine - VP: Verify if Volvo jump point is displayed
]]>
            </line>
            <line>
              <![CDATA[2020-09-20 20:19:46,159 INFO  uk.co.sytner.hompage.JumpPoint - ===PASSED==
]]>
            </line>
            <line>
              <![CDATA[2020-09-20 20:19:46,159 INFO  uk.co.sytner.hompage.JumpPoint - JumpPoint Alpine - Step 01: Move On Volvo jump point
]]>
            </line>
          </reporter-output>
        </test-method> <!-- TC_39_JumpPoints_022_Volvo -->
        <test-method status="FAIL" signature="TC_39_JumpPoints_022_Volvo()[pri:0, instance:uk.co.sytner.hompage.JumpPoint@5ae63ade]" name="TC_39_JumpPoints_022_Volvo" duration-ms="30095" started-at="2020-09-20T20:20:16Z" finished-at="2020-09-20T20:20:46Z">
          <exception class="org.openqa.selenium.TimeoutException">
            <message>
              <![CDATA[Expected condition failed: waiting for visibility of element located by By.xpath: //div[contains(@class, 'jump module volvo')]//span[@class = 'content'] (tried for 30 second(s) with 500 MILLISECONDS interval)
Build info: version: '3.9.1', revision: '63f7b50', time: '2018-02-07T22:25:02.294Z'
System info: host: 'S056005530', ip: '10.0.0.222', os.name: 'Windows 10', os.arch: 'amd64', os.version: '10.0', java.version: '1.8.0_261'
Driver info: org.openqa.selenium.chrome.ChromeDriver
Capabilities {acceptInsecureCerts: false, browserName: chrome, browserVersion: 85.0.4183.102, chrome: {chromedriverVersion: 85.0.4183.87 (cd6713ebf92fa..., userDataDir: C:\Users\TRI~1.NGU\AppData\...}, goog:chromeOptions: {debuggerAddress: localhost:58794}, javascriptEnabled: true, networkConnectionEnabled: false, pageLoadStrategy: normal, platform: WINDOWS, platformName: WINDOWS, proxy: Proxy(), setWindowRect: true, strictFileInteractability: false, timeouts: {implicit: 0, pageLoad: 300000, script: 30000}, unhandledPromptBehavior: dismiss and notify, webauthn:virtualAuthenticators: true}
Session ID: 98e910f4238f751e82dbd12355e92feb]]>
            </message>
            <full-stacktrace>
              <![CDATA[org.openqa.selenium.TimeoutException: Expected condition failed: waiting for visibility of element located by By.xpath: //div[contains(@class, 'jump module volvo')]//span[@class = 'content'] (tried for 30 second(s) with 500 MILLISECONDS interval)
Build info: version: '3.9.1', revision: '63f7b50', time: '2018-02-07T22:25:02.294Z'
System info: host: 'S056005530', ip: '10.0.0.222', os.name: 'Windows 10', os.arch: 'amd64', os.version: '10.0', java.version: '1.8.0_261'
Driver info: org.openqa.selenium.chrome.ChromeDriver
Capabilities {acceptInsecureCerts: false, browserName: chrome, browserVersion: 85.0.4183.102, chrome: {chromedriverVersion: 85.0.4183.87 (cd6713ebf92fa..., userDataDir: C:\Users\TRI~1.NGU\AppData\...}, goog:chromeOptions: {debuggerAddress: localhost:58794}, javascriptEnabled: true, networkConnectionEnabled: false, pageLoadStrategy: normal, platform: WINDOWS, platformName: WINDOWS, proxy: Proxy(), setWindowRect: true, strictFileInteractability: false, timeouts: {implicit: 0, pageLoad: 300000, script: 30000}, unhandledPromptBehavior: dismiss and notify, webauthn:virtualAuthenticators: true}
Session ID: 98e910f4238f751e82dbd12355e92feb
	at org.openqa.selenium.support.ui.WebDriverWait.timeoutException(WebDriverWait.java:82)
	at org.openqa.selenium.support.ui.FluentWait.until(FluentWait.java:231)
	at commons.AbstractPage.hoverMouseToElement(AbstractPage.java:443)
	at pageobject.HomePageObjects.moveToAnyJumpPoint(HomePageObjects.java:34)
	at uk.co.sytner.hompage.JumpPoint.TC_39_JumpPoints_022_Volvo(JumpPoint.java:472)
	at sun.reflect.NativeMethodAccessorImpl.invoke0(Native Method)
	at sun.reflect.NativeMethodAccessorImpl.invoke(NativeMethodAccessorImpl.java:62)
	at sun.reflect.DelegatingMethodAccessorImpl.invoke(DelegatingMethodAccessorImpl.java:43)
	at java.lang.reflect.Method.invoke(Method.java:498)
	at org.testng.internal.MethodInvocationHelper.invokeMethod(MethodInvocationHelper.java:86)
	at org.testng.internal.Invoker.invokeMethod(Invoker.java:643)
	at org.testng.internal.Invoker.retryFailed(Invoker.java:967)
	at org.testng.internal.Invoker.invokeTestMethods(Invoker.java:1146)
	at org.testng.internal.TestMethodWorker.invokeTestMethods(TestMethodWorker.java:129)
	at org.testng.internal.TestMethodWorker.run(TestMethodWorker.java:112)
	at org.testng.TestRunner.privateRun(TestRunner.java:782)
	at org.testng.TestRunner.run(TestRunner.java:632)
	at org.testng.SuiteRunner.runTest(SuiteRunner.java:366)
	at org.testng.SuiteRunner.runSequentially(SuiteRunner.java:361)
	at org.testng.SuiteRunner.privateRun(SuiteRunner.java:319)
	at org.testng.SuiteRunner.run(SuiteRunner.java:268)
	at org.testng.SuiteRunnerWorker.runSuite(SuiteRunnerWorker.java:52)
	at org.testng.SuiteRunnerWorker.run(SuiteRunnerWorker.java:86)
	at org.testng.TestNG.runSuitesSequentially(TestNG.java:1244)
	at org.testng.TestNG.runSuitesLocally(TestNG.java:1169)
	at org.testng.TestNG.run(TestNG.java:1064)
	at org.apache.maven.surefire.testng.TestNGExecutor.run(TestNGExecutor.java:282)
	at org.apache.maven.surefire.testng.TestNGXmlTestSuite.execute(TestNGXmlTestSuite.java:83)
	at org.apache.maven.surefire.testng.TestNGProvider.invoke(TestNGProvider.java:114)
	at org.apache.maven.surefire.booter.ForkedBooter.invokeProviderInSameClassLoader(ForkedBooter.java:286)
	at org.apache.maven.surefire.booter.ForkedBooter.runSuitesInProcess(ForkedBooter.java:240)
	at org.apache.maven.surefire.booter.ForkedBooter.main(ForkedBooter.java:121)
]]>
            </full-stacktrace>
          </exception> <!-- org.openqa.selenium.TimeoutException -->
          <reporter-output>
            <line>
              <![CDATA[2020-09-20 20:20:16,264 INFO  uk.co.sytner.hompage.JumpPoint - JumpPoint Alpine - VP: Verify if Volvo jump point is displayed
]]>
            </line>
            <line>
              <![CDATA[2020-09-20 20:20:16,308 INFO  uk.co.sytner.hompage.JumpPoint - ===PASSED==
]]>
            </line>
            <line>
              <![CDATA[2020-09-20 20:20:16,308 INFO  uk.co.sytner.hompage.JumpPoint - JumpPoint Alpine - Step 01: Move On Volvo jump point
]]>
            </line>
          </reporter-output>
        </test-method> <!-- TC_39_JumpPoints_022_Volvo -->
        <test-method status="PASS" signature="tearDown()[pri:0, instance:uk.co.sytner.hompage.JumpPoint@5ae63ade]" name="tearDown" is-config="true" duration-ms="640" started-at="2020-09-20T20:20:46Z" finished-at="2020-09-20T20:20:46Z">
          <reporter-output>
            <line>
              <![CDATA[2020-09-20 20:20:46,359 INFO  uk.co.sytner.hompage.JumpPoint - OS Name: windows 10
]]>
            </line>
            <line>
              <![CDATA[2020-09-20 20:20:46,999 INFO  uk.co.sytner.hompage.JumpPoint - -----QUIT BROWSER SUCCESSFULLY-----
]]>
            </line>
          </reporter-output>
        </test-method> <!-- tearDown -->
      </class> <!-- uk.co.sytner.hompage.JumpPoint -->
    </test> <!-- Run test on Chrome browser -->
  </suite> <!-- Register and Verify -->
</testng-results>
