<?xml version="1.0" encoding="UTF-8"?>
<testng-results skipped="2" failed="1" total="24" passed="21">
  <reporter-output>
    <line>
      <![CDATA[2019-08-14 23:06:04,783 INFO  uk.co.sytner.hompage.JumpPoint - JumpPoint Alpine - VP: Verify if Alpina jump point is displayed
]]>
    </line>
    <line>
      <![CDATA[2019-08-14 23:06:05,074 INFO  uk.co.sytner.hompage.JumpPoint - ===PASSED==
]]>
    </line>
    <line>
      <![CDATA[2019-08-14 23:06:05,079 INFO  uk.co.sytner.hompage.JumpPoint - JumpPoint Alpine - Step 01: Move On Alpina jump point
]]>
    </line>
    <line>
      <![CDATA[2019-08-14 23:06:06,400 INFO  uk.co.sytner.hompage.JumpPoint - JumpPoint Alpine - VP: Verify if Alpina icon is displayed
]]>
    </line>
    <line>
      <![CDATA[2019-08-14 23:06:06,559 INFO  uk.co.sytner.hompage.JumpPoint - ===PASSED==
]]>
    </line>
    <line>
      <![CDATA[2019-08-14 23:06:06,559 INFO  uk.co.sytner.hompage.JumpPoint - JumpPoint Alpine - Step 02: Click On Alpina jump point
]]>
    </line>
    <line>
      <![CDATA[2019-08-14 23:06:16,498 INFO  uk.co.sytner.hompage.JumpPoint - JumpPoint Alpine - VP: Verify if Alpina page is displayed
]]>
    </line>
    <line>
      <![CDATA[2019-08-14 23:06:16,534 INFO  uk.co.sytner.hompage.JumpPoint - ===PASSED==
]]>
    </line>
    <line>
      <![CDATA[2019-08-14 23:06:16,534 INFO  uk.co.sytner.hompage.JumpPoint - JumpPoint Alpine - Post-condition: Click to Sytner Logo to back to homepage
]]>
    </line>
    <line>
      <![CDATA[2019-08-14 23:06:20,347 INFO  uk.co.sytner.hompage.JumpPoint - JumpPoint Alpine - VP: Verify if Audi jump point is displayed
]]>
    </line>
    <line>
      <![CDATA[2019-08-14 23:06:21,900 INFO  uk.co.sytner.hompage.JumpPoint - ===PASSED==
]]>
    </line>
    <line>
      <![CDATA[2019-08-14 23:06:21,900 INFO  uk.co.sytner.hompage.JumpPoint - JumpPoint Alpine - Step 01: Move On Audi jump point
]]>
    </line>
    <line>
      <![CDATA[2019-08-14 23:06:24,578 INFO  uk.co.sytner.hompage.JumpPoint - JumpPoint Alpine - VP: Verify if Audi icon is displayed
]]>
    </line>
    <line>
      <![CDATA[2019-08-14 23:06:24,632 INFO  uk.co.sytner.hompage.JumpPoint - ===PASSED==
]]>
    </line>
    <line>
      <![CDATA[2019-08-14 23:06:24,632 INFO  uk.co.sytner.hompage.JumpPoint - JumpPoint Alpine - Step 02: Click On Audi jump point
]]>
    </line>
    <line>
      <![CDATA[2019-08-14 23:06:33,631 INFO  uk.co.sytner.hompage.JumpPoint - JumpPoint Alpine - VP: Verify if Audi page is displayed
]]>
    </line>
    <line>
      <![CDATA[2019-08-14 23:06:33,743 INFO  uk.co.sytner.hompage.JumpPoint - ===PASSED==
]]>
    </line>
    <line>
      <![CDATA[2019-08-14 23:06:33,743 INFO  uk.co.sytner.hompage.JumpPoint - JumpPoint Alpine - Post-condition: Click to Sytner Logo to back to homepage
]]>
    </line>
    <line>
      <![CDATA[2019-08-14 23:06:37,410 INFO  uk.co.sytner.hompage.JumpPoint - JumpPoint Alpine - VP: Verify if Bentley jump point is displayed
]]>
    </line>
    <line>
      <![CDATA[2019-08-14 23:06:38,416 INFO  uk.co.sytner.hompage.JumpPoint - ===PASSED==
]]>
    </line>
    <line>
      <![CDATA[2019-08-14 23:06:38,417 INFO  uk.co.sytner.hompage.JumpPoint - JumpPoint Alpine - Step 01: Move On Bentley jump point
]]>
    </line>
    <line>
      <![CDATA[2019-08-14 23:06:41,115 INFO  uk.co.sytner.hompage.JumpPoint - JumpPoint Alpine - VP: Verify if Bentley icon is displayed
]]>
    </line>
    <line>
      <![CDATA[2019-08-14 23:06:41,294 INFO  uk.co.sytner.hompage.JumpPoint - ===PASSED==
]]>
    </line>
    <line>
      <![CDATA[2019-08-14 23:06:41,294 INFO  uk.co.sytner.hompage.JumpPoint - JumpPoint Alpine - Step 02: Click On Bentley jump point
]]>
    </line>
    <line>
      <![CDATA[2019-08-14 23:06:47,542 INFO  uk.co.sytner.hompage.JumpPoint - JumpPoint Alpine - VP: Verify if Bentley page is displayed
]]>
    </line>
    <line>
      <![CDATA[2019-08-14 23:06:47,752 INFO  uk.co.sytner.hompage.JumpPoint - ===PASSED==
]]>
    </line>
    <line>
      <![CDATA[2019-08-14 23:06:47,753 INFO  uk.co.sytner.hompage.JumpPoint - JumpPoint Alpine - Post-condition: Click to Sytner Logo to back to homepage
]]>
    </line>
    <line>
      <![CDATA[2019-08-14 23:06:53,991 INFO  uk.co.sytner.hompage.JumpPoint - JumpPoint Alpine - VP: Verify if BMW jump point is displayed
]]>
    </line>
    <line>
      <![CDATA[2019-08-14 23:06:54,094 INFO  uk.co.sytner.hompage.JumpPoint - ===PASSED==
]]>
    </line>
    <line>
      <![CDATA[2019-08-14 23:06:54,095 INFO  uk.co.sytner.hompage.JumpPoint - JumpPoint Alpine - Step 01: Move On BMW jump point
]]>
    </line>
    <line>
      <![CDATA[2019-08-14 23:06:55,309 INFO  uk.co.sytner.hompage.JumpPoint - JumpPoint Alpine - VP: Verify if BMW icon is displayed
]]>
    </line>
    <line>
      <![CDATA[2019-08-14 23:06:55,391 INFO  uk.co.sytner.hompage.JumpPoint - ===PASSED==
]]>
    </line>
    <line>
      <![CDATA[2019-08-14 23:06:55,391 INFO  uk.co.sytner.hompage.JumpPoint - JumpPoint Alpine - Step 02: Click On BMW jump point
]]>
    </line>
    <line>
      <![CDATA[2019-08-14 23:07:04,697 INFO  uk.co.sytner.hompage.JumpPoint - JumpPoint Alpine - VP: Verify if BMW page is displayed
]]>
    </line>
    <line>
      <![CDATA[2019-08-14 23:07:04,709 INFO  uk.co.sytner.hompage.JumpPoint - ===PASSED==
]]>
    </line>
    <line>
      <![CDATA[2019-08-14 23:07:04,710 INFO  uk.co.sytner.hompage.JumpPoint - JumpPoint Alpine - Post-condition: Click to Sytner Logo to back to homepage
]]>
    </line>
    <line>
      <![CDATA[2019-08-14 23:07:07,292 INFO  uk.co.sytner.hompage.JumpPoint - JumpPoint Alpine - VP: Verify if Ferrari jump point is displayed
]]>
    </line>
    <line>
      <![CDATA[2019-08-14 23:07:08,207 INFO  uk.co.sytner.hompage.JumpPoint - ===PASSED==
]]>
    </line>
    <line>
      <![CDATA[2019-08-14 23:07:08,207 INFO  uk.co.sytner.hompage.JumpPoint - JumpPoint Alpine - Step 01: Move On Ferrari jump point
]]>
    </line>
    <line>
      <![CDATA[2019-08-14 23:07:11,204 INFO  uk.co.sytner.hompage.JumpPoint - JumpPoint Alpine - VP: Verify if Ferrari icon is displayed
]]>
    </line>
    <line>
      <![CDATA[2019-08-14 23:07:11,341 INFO  uk.co.sytner.hompage.JumpPoint - ===PASSED==
]]>
    </line>
    <line>
      <![CDATA[2019-08-14 23:07:11,341 INFO  uk.co.sytner.hompage.JumpPoint - JumpPoint Alpine - Step 02: Click On Ferrari jump point
]]>
    </line>
    <line>
      <![CDATA[2019-08-14 23:07:13,256 INFO  uk.co.sytner.hompage.JumpPoint - JumpPoint Alpine - VP: Verify if Ferrari page is displayed
]]>
    </line>
    <line>
      <![CDATA[2019-08-14 23:07:13,791 INFO  uk.co.sytner.hompage.JumpPoint - ===PASSED==
]]>
    </line>
    <line>
      <![CDATA[2019-08-14 23:07:13,791 INFO  uk.co.sytner.hompage.JumpPoint - JumpPoint Alpine - Post-condition: Click to Sytner Logo to back to homepage
]]>
    </line>
    <line>
      <![CDATA[2019-08-14 23:07:22,377 INFO  uk.co.sytner.hompage.JumpPoint - JumpPoint Alpine - VP: Verify if Aston Martin jump point is displayed
]]>
    </line>
    <line>
      <![CDATA[2019-08-14 23:07:22,568 INFO  uk.co.sytner.hompage.JumpPoint - ===PASSED==
]]>
    </line>
    <line>
      <![CDATA[2019-08-14 23:07:22,568 INFO  uk.co.sytner.hompage.JumpPoint - JumpPoint Alpine - Step 01: Move On Aston Martin jump point
]]>
    </line>
    <line>
      <![CDATA[2019-08-14 23:07:23,758 INFO  uk.co.sytner.hompage.JumpPoint - JumpPoint Alpine - VP: Verify if Aston Martin icon is displayed
]]>
    </line>
    <line>
      <![CDATA[2019-08-14 23:07:23,806 INFO  uk.co.sytner.hompage.JumpPoint - ===PASSED==
]]>
    </line>
    <line>
      <![CDATA[2019-08-14 23:07:23,807 INFO  uk.co.sytner.hompage.JumpPoint - JumpPoint Alpine - Step 02: Click On Aston Martin jump point
]]>
    </line>
    <line>
      <![CDATA[2019-08-14 23:07:29,730 INFO  uk.co.sytner.hompage.JumpPoint - JumpPoint Alpine - VP: Verify if Aston Martin page is displayed
]]>
    </line>
    <line>
      <![CDATA[2019-08-14 23:07:29,738 INFO  uk.co.sytner.hompage.JumpPoint - ===PASSED==
]]>
    </line>
    <line>
      <![CDATA[2019-08-14 23:07:29,738 INFO  uk.co.sytner.hompage.JumpPoint - JumpPoint Alpine - Post-condition: Click to Sytner Logo to back to homepage
]]>
    </line>
    <line>
      <![CDATA[2019-08-14 23:07:32,877 INFO  uk.co.sytner.hompage.JumpPoint - JumpPoint Alpine - VP: Verify if Jaguar jump point is displayed
]]>
    </line>
    <line>
      <![CDATA[2019-08-14 23:07:34,536 INFO  uk.co.sytner.hompage.JumpPoint - ===PASSED==
]]>
    </line>
    <line>
      <![CDATA[2019-08-14 23:07:34,536 INFO  uk.co.sytner.hompage.JumpPoint - JumpPoint Alpine - Step 01: Move On Jaguar jump point
]]>
    </line>
    <line>
      <![CDATA[2019-08-14 23:07:36,870 INFO  uk.co.sytner.hompage.JumpPoint - JumpPoint Alpine - VP: Verify if Jaguar icon is displayed
]]>
    </line>
    <line>
      <![CDATA[2019-08-14 23:07:36,929 INFO  uk.co.sytner.hompage.JumpPoint - ===PASSED==
]]>
    </line>
    <line>
      <![CDATA[2019-08-14 23:07:36,929 INFO  uk.co.sytner.hompage.JumpPoint - JumpPoint Alpine - Step 02: Click On Jaguar jump point
]]>
    </line>
    <line>
      <![CDATA[2019-08-14 23:07:39,720 INFO  uk.co.sytner.hompage.JumpPoint - JumpPoint Alpine - VP: Verify if Jaguar page is displayed
]]>
    </line>
    <line>
      <![CDATA[2019-08-14 23:07:40,161 INFO  uk.co.sytner.hompage.JumpPoint - ===PASSED==
]]>
    </line>
    <line>
      <![CDATA[2019-08-14 23:07:40,162 INFO  uk.co.sytner.hompage.JumpPoint - JumpPoint Alpine - Post-condition: Click to Sytner Logo to back to homepage
]]>
    </line>
    <line>
      <![CDATA[2019-08-14 23:07:45,277 INFO  uk.co.sytner.hompage.JumpPoint - JumpPoint Alpine - VP: Verify if LandRover jump point is displayed
]]>
    </line>
    <line>
      <![CDATA[2019-08-14 23:07:46,269 INFO  uk.co.sytner.hompage.JumpPoint - ===PASSED==
]]>
    </line>
    <line>
      <![CDATA[2019-08-14 23:07:46,269 INFO  uk.co.sytner.hompage.JumpPoint - JumpPoint Alpine - Step 01: Move On LandRover jump point
]]>
    </line>
    <line>
      <![CDATA[2019-08-14 23:07:49,329 INFO  uk.co.sytner.hompage.JumpPoint - JumpPoint Alpine - VP: Verify if LandRover icon is displayed
]]>
    </line>
    <line>
      <![CDATA[2019-08-14 23:07:49,382 INFO  uk.co.sytner.hompage.JumpPoint - ===PASSED==
]]>
    </line>
    <line>
      <![CDATA[2019-08-14 23:07:49,383 INFO  uk.co.sytner.hompage.JumpPoint - JumpPoint Alpine - Step 02: Click On LandRover jump point
]]>
    </line>
    <line>
      <![CDATA[2019-08-14 23:07:57,687 INFO  uk.co.sytner.hompage.JumpPoint - JumpPoint Alpine - VP: Verify if LandRover page is displayed
]]>
    </line>
    <line>
      <![CDATA[2019-08-14 23:07:57,695 INFO  uk.co.sytner.hompage.JumpPoint - ===FAILED==
]]>
    </line>
    <line>
      <![CDATA[2019-08-14 23:07:57,700 INFO  uk.co.sytner.hompage.JumpPoint - JumpPoint Alpine - Post-condition: Click to Sytner Logo to back to homepage
]]>
    </line>
    <line>
      <![CDATA[2019-08-14 23:08:00,392 INFO  uk.co.sytner.hompage.JumpPoint - JumpPoint Alpine - VP: Verify if LandRover jump point is displayed
]]>
    </line>
    <line>
      <![CDATA[2019-08-14 23:08:01,680 INFO  uk.co.sytner.hompage.JumpPoint - ===PASSED==
]]>
    </line>
    <line>
      <![CDATA[2019-08-14 23:08:01,681 INFO  uk.co.sytner.hompage.JumpPoint - JumpPoint Alpine - Step 01: Move On LandRover jump point
]]>
    </line>
    <line>
      <![CDATA[2019-08-14 23:08:04,240 INFO  uk.co.sytner.hompage.JumpPoint - JumpPoint Alpine - VP: Verify if LandRover icon is displayed
]]>
    </line>
    <line>
      <![CDATA[2019-08-14 23:08:04,301 INFO  uk.co.sytner.hompage.JumpPoint - ===PASSED==
]]>
    </line>
    <line>
      <![CDATA[2019-08-14 23:08:04,301 INFO  uk.co.sytner.hompage.JumpPoint - JumpPoint Alpine - Step 02: Click On LandRover jump point
]]>
    </line>
    <line>
      <![CDATA[2019-08-14 23:08:06,812 INFO  uk.co.sytner.hompage.JumpPoint - JumpPoint Alpine - VP: Verify if LandRover page is displayed
]]>
    </line>
    <line>
      <![CDATA[2019-08-14 23:08:07,170 INFO  uk.co.sytner.hompage.JumpPoint - ===FAILED==
]]>
    </line>
    <line>
      <![CDATA[2019-08-14 23:08:07,171 INFO  uk.co.sytner.hompage.JumpPoint - JumpPoint Alpine - Post-condition: Click to Sytner Logo to back to homepage
]]>
    </line>
    <line>
      <![CDATA[2019-08-14 23:08:14,470 INFO  uk.co.sytner.hompage.JumpPoint - JumpPoint Alpine - VP: Verify if LandRover jump point is displayed
]]>
    </line>
    <line>
      <![CDATA[2019-08-14 23:08:16,877 INFO  uk.co.sytner.hompage.JumpPoint - ===PASSED==
]]>
    </line>
    <line>
      <![CDATA[2019-08-14 23:08:16,878 INFO  uk.co.sytner.hompage.JumpPoint - JumpPoint Alpine - Step 01: Move On LandRover jump point
]]>
    </line>
    <line>
      <![CDATA[2019-08-14 23:08:20,669 INFO  uk.co.sytner.hompage.JumpPoint - JumpPoint Alpine - VP: Verify if LandRover icon is displayed
]]>
    </line>
    <line>
      <![CDATA[2019-08-14 23:08:20,718 INFO  uk.co.sytner.hompage.JumpPoint - ===PASSED==
]]>
    </line>
    <line>
      <![CDATA[2019-08-14 23:08:20,718 INFO  uk.co.sytner.hompage.JumpPoint - JumpPoint Alpine - Step 02: Click On LandRover jump point
]]>
    </line>
    <line>
      <![CDATA[2019-08-14 23:08:23,324 INFO  uk.co.sytner.hompage.JumpPoint - JumpPoint Alpine - VP: Verify if LandRover page is displayed
]]>
    </line>
    <line>
      <![CDATA[2019-08-14 23:08:23,711 INFO  uk.co.sytner.hompage.JumpPoint - ===FAILED==
]]>
    </line>
    <line>
      <![CDATA[2019-08-14 23:08:23,712 INFO  uk.co.sytner.hompage.JumpPoint - JumpPoint Alpine - Post-condition: Click to Sytner Logo to back to homepage
]]>
    </line>
    <line>
      <![CDATA[2019-08-14 23:08:31,920 INFO  uk.co.sytner.hompage.JumpPoint - JumpPoint Alpine - VP: Verify if Lamborghini jump point is displayed
]]>
    </line>
    <line>
      <![CDATA[2019-08-14 23:08:32,161 INFO  uk.co.sytner.hompage.JumpPoint - ===PASSED==
]]>
    </line>
    <line>
      <![CDATA[2019-08-14 23:08:32,161 INFO  uk.co.sytner.hompage.JumpPoint - JumpPoint Alpine - Step 01: Move On Lamborghini jump point
]]>
    </line>
    <line>
      <![CDATA[2019-08-14 23:08:33,419 INFO  uk.co.sytner.hompage.JumpPoint - JumpPoint Alpine - VP: Verify if Lamborghini icon is displayed
]]>
    </line>
    <line>
      <![CDATA[2019-08-14 23:08:33,469 INFO  uk.co.sytner.hompage.JumpPoint - ===PASSED==
]]>
    </line>
    <line>
      <![CDATA[2019-08-14 23:08:33,469 INFO  uk.co.sytner.hompage.JumpPoint - JumpPoint Alpine - Step 02: Click On Lamborghini jump point
]]>
    </line>
    <line>
      <![CDATA[2019-08-14 23:08:40,155 INFO  uk.co.sytner.hompage.JumpPoint - JumpPoint Alpine - VP: Verify if Lamborghini page is displayed
]]>
    </line>
    <line>
      <![CDATA[2019-08-14 23:08:40,186 INFO  uk.co.sytner.hompage.JumpPoint - ===PASSED==
]]>
    </line>
    <line>
      <![CDATA[2019-08-14 23:08:40,187 INFO  uk.co.sytner.hompage.JumpPoint - JumpPoint Alpine - Post-condition: Click to Sytner Logo to back to homepage
]]>
    </line>
    <line>
      <![CDATA[2019-08-14 23:08:42,575 INFO  uk.co.sytner.hompage.JumpPoint - JumpPoint Alpine - VP: Verify if Sytner Select jump point is displayed
]]>
    </line>
    <line>
      <![CDATA[2019-08-14 23:08:44,425 INFO  uk.co.sytner.hompage.JumpPoint - ===PASSED==
]]>
    </line>
    <line>
      <![CDATA[2019-08-14 23:08:44,426 INFO  uk.co.sytner.hompage.JumpPoint - JumpPoint Alpine - Step 01: Move On Sytner Select jump point
]]>
    </line>
    <line>
      <![CDATA[2019-08-14 23:08:47,118 INFO  uk.co.sytner.hompage.JumpPoint - JumpPoint Alpine - VP: Verify if Sytner Select icon is displayed
]]>
    </line>
    <line>
      <![CDATA[2019-08-14 23:08:47,166 INFO  uk.co.sytner.hompage.JumpPoint - ===PASSED==
]]>
    </line>
    <line>
      <![CDATA[2019-08-14 23:08:47,166 INFO  uk.co.sytner.hompage.JumpPoint - JumpPoint Alpine - Step 02: Click On Sytner Select jump point
]]>
    </line>
    <line>
      <![CDATA[2019-08-14 23:08:54,542 INFO  uk.co.sytner.hompage.JumpPoint - JumpPoint Alpine - VP: Verify if Sytner Select page is displayed
]]>
    </line>
    <line>
      <![CDATA[2019-08-14 23:08:54,553 INFO  uk.co.sytner.hompage.JumpPoint - ===PASSED==
]]>
    </line>
    <line>
      <![CDATA[2019-08-14 23:08:54,554 INFO  uk.co.sytner.hompage.JumpPoint - JumpPoint Alpine - Post-condition: Click to Sytner Logo to back to homepage
]]>
    </line>
    <line>
      <![CDATA[2019-08-14 23:08:57,449 INFO  uk.co.sytner.hompage.JumpPoint - JumpPoint Alpine - VP: Verify if Maserati jump point is displayed
]]>
    </line>
    <line>
      <![CDATA[2019-08-14 23:08:58,944 INFO  uk.co.sytner.hompage.JumpPoint - ===PASSED==
]]>
    </line>
    <line>
      <![CDATA[2019-08-14 23:08:58,944 INFO  uk.co.sytner.hompage.JumpPoint - JumpPoint Alpine - Step 01: Move On Maserati jump point
]]>
    </line>
    <line>
      <![CDATA[2019-08-14 23:09:01,531 INFO  uk.co.sytner.hompage.JumpPoint - JumpPoint Alpine - VP: Verify if Maserati icon is displayed
]]>
    </line>
    <line>
      <![CDATA[2019-08-14 23:09:01,726 INFO  uk.co.sytner.hompage.JumpPoint - ===PASSED==
]]>
    </line>
    <line>
      <![CDATA[2019-08-14 23:09:01,726 INFO  uk.co.sytner.hompage.JumpPoint - JumpPoint Alpine - Step 02: Click On Maserati jump point
]]>
    </line>
    <line>
      <![CDATA[2019-08-14 23:09:08,639 INFO  uk.co.sytner.hompage.JumpPoint - JumpPoint Alpine - VP: Verify if Maserati page is displayed
]]>
    </line>
    <line>
      <![CDATA[2019-08-14 23:09:08,650 INFO  uk.co.sytner.hompage.JumpPoint - ===PASSED==
]]>
    </line>
    <line>
      <![CDATA[2019-08-14 23:09:08,651 INFO  uk.co.sytner.hompage.JumpPoint - JumpPoint Alpine - Post-condition: Click to Sytner Logo to back to homepage
]]>
    </line>
    <line>
      <![CDATA[2019-08-14 23:09:14,596 INFO  uk.co.sytner.hompage.JumpPoint - JumpPoint Alpine - VP: Verify if McLaren jump point is displayed
]]>
    </line>
    <line>
      <![CDATA[2019-08-14 23:09:14,778 INFO  uk.co.sytner.hompage.JumpPoint - ===PASSED==
]]>
    </line>
    <line>
      <![CDATA[2019-08-14 23:09:14,778 INFO  uk.co.sytner.hompage.JumpPoint - JumpPoint Alpine - Step 01: Move On McLaren jump point
]]>
    </line>
    <line>
      <![CDATA[2019-08-14 23:09:15,940 INFO  uk.co.sytner.hompage.JumpPoint - JumpPoint Alpine - VP: Verify if McLaren icon is displayed
]]>
    </line>
    <line>
      <![CDATA[2019-08-14 23:09:15,995 INFO  uk.co.sytner.hompage.JumpPoint - ===PASSED==
]]>
    </line>
    <line>
      <![CDATA[2019-08-14 23:09:15,995 INFO  uk.co.sytner.hompage.JumpPoint - JumpPoint Alpine - Step 02: Click On McLaren jump point
]]>
    </line>
    <line>
      <![CDATA[2019-08-14 23:09:23,810 INFO  uk.co.sytner.hompage.JumpPoint - JumpPoint Alpine - VP: Verify if McLaren page is displayed
]]>
    </line>
    <line>
      <![CDATA[2019-08-14 23:09:23,835 INFO  uk.co.sytner.hompage.JumpPoint - ===PASSED==
]]>
    </line>
    <line>
      <![CDATA[2019-08-14 23:09:23,835 INFO  uk.co.sytner.hompage.JumpPoint - JumpPoint Alpine - Post-condition: Click to Sytner Logo to back to homepage
]]>
    </line>
    <line>
      <![CDATA[2019-08-14 23:09:31,827 INFO  uk.co.sytner.hompage.JumpPoint - JumpPoint Alpine - VP: Verify if MercedesBenz jump point is displayed
]]>
    </line>
    <line>
      <![CDATA[2019-08-14 23:09:32,005 INFO  uk.co.sytner.hompage.JumpPoint - ===PASSED==
]]>
    </line>
    <line>
      <![CDATA[2019-08-14 23:09:32,005 INFO  uk.co.sytner.hompage.JumpPoint - JumpPoint Alpine - Step 01: Move On MercedesBenz jump point
]]>
    </line>
    <line>
      <![CDATA[2019-08-14 23:09:33,225 INFO  uk.co.sytner.hompage.JumpPoint - JumpPoint Alpine - VP: Verify if MercedesBenz icon is displayed
]]>
    </line>
    <line>
      <![CDATA[2019-08-14 23:09:33,269 INFO  uk.co.sytner.hompage.JumpPoint - ===PASSED==
]]>
    </line>
    <line>
      <![CDATA[2019-08-14 23:09:33,270 INFO  uk.co.sytner.hompage.JumpPoint - JumpPoint Alpine - Step 02: Click On MercedesBenz jump point
]]>
    </line>
    <line>
      <![CDATA[2019-08-14 23:09:36,658 INFO  uk.co.sytner.hompage.JumpPoint - JumpPoint Alpine - VP: Verify if MercedesBenz page is displayed
]]>
    </line>
    <line>
      <![CDATA[2019-08-14 23:09:37,112 INFO  uk.co.sytner.hompage.JumpPoint - ===PASSED==
]]>
    </line>
    <line>
      <![CDATA[2019-08-14 23:09:37,112 INFO  uk.co.sytner.hompage.JumpPoint - JumpPoint Alpine - Post-condition: Click to Sytner Logo to back to homepage
]]>
    </line>
    <line>
      <![CDATA[2019-08-14 23:09:46,761 INFO  uk.co.sytner.hompage.JumpPoint - JumpPoint Alpine - VP: Verify if MINI jump point is displayed
]]>
    </line>
    <line>
      <![CDATA[2019-08-14 23:09:46,959 INFO  uk.co.sytner.hompage.JumpPoint - ===PASSED==
]]>
    </line>
    <line>
      <![CDATA[2019-08-14 23:09:46,960 INFO  uk.co.sytner.hompage.JumpPoint - JumpPoint Alpine - Step 01: Move On MINI jump point
]]>
    </line>
    <line>
      <![CDATA[2019-08-14 23:09:48,308 INFO  uk.co.sytner.hompage.JumpPoint - JumpPoint Alpine - VP: Verify if MINI icon is displayed
]]>
    </line>
    <line>
      <![CDATA[2019-08-14 23:09:48,356 INFO  uk.co.sytner.hompage.JumpPoint - ===PASSED==
]]>
    </line>
    <line>
      <![CDATA[2019-08-14 23:09:48,356 INFO  uk.co.sytner.hompage.JumpPoint - JumpPoint Alpine - Step 02: Click On MINI jump point
]]>
    </line>
    <line>
      <![CDATA[2019-08-14 23:09:57,279 INFO  uk.co.sytner.hompage.JumpPoint - JumpPoint Alpine - VP: Verify if MINI page is displayed
]]>
    </line>
    <line>
      <![CDATA[2019-08-14 23:09:57,538 INFO  uk.co.sytner.hompage.JumpPoint - ===PASSED==
]]>
    </line>
    <line>
      <![CDATA[2019-08-14 23:09:57,538 INFO  uk.co.sytner.hompage.JumpPoint - JumpPoint Alpine - Post-condition: Click to Sytner Logo to back to homepage
]]>
    </line>
    <line>
      <![CDATA[2019-08-14 23:10:04,827 INFO  uk.co.sytner.hompage.JumpPoint - JumpPoint Alpine - VP: Verify if Porsche jump point is displayed
]]>
    </line>
    <line>
      <![CDATA[2019-08-14 23:10:05,047 INFO  uk.co.sytner.hompage.JumpPoint - ===PASSED==
]]>
    </line>
    <line>
      <![CDATA[2019-08-14 23:10:05,048 INFO  uk.co.sytner.hompage.JumpPoint - JumpPoint Alpine - Step 01: Move On Porsche jump point
]]>
    </line>
    <line>
      <![CDATA[2019-08-14 23:10:06,261 INFO  uk.co.sytner.hompage.JumpPoint - JumpPoint Alpine - VP: Verify if Porsche icon is displayed
]]>
    </line>
    <line>
      <![CDATA[2019-08-14 23:10:06,311 INFO  uk.co.sytner.hompage.JumpPoint - ===PASSED==
]]>
    </line>
    <line>
      <![CDATA[2019-08-14 23:10:06,311 INFO  uk.co.sytner.hompage.JumpPoint - JumpPoint Alpine - Step 02: Click On Porsche jump point
]]>
    </line>
    <line>
      <![CDATA[2019-08-14 23:10:12,751 INFO  uk.co.sytner.hompage.JumpPoint - JumpPoint Alpine - VP: Verify if Porsche page is displayed
]]>
    </line>
    <line>
      <![CDATA[2019-08-14 23:10:12,775 INFO  uk.co.sytner.hompage.JumpPoint - ===PASSED==
]]>
    </line>
    <line>
      <![CDATA[2019-08-14 23:10:12,775 INFO  uk.co.sytner.hompage.JumpPoint - JumpPoint Alpine - Post-condition: Click to Sytner Logo to back to homepage
]]>
    </line>
    <line>
      <![CDATA[2019-08-14 23:10:23,076 INFO  uk.co.sytner.hompage.JumpPoint - JumpPoint Alpine - VP: Verify if Rolls Royce jump point is displayed
]]>
    </line>
    <line>
      <![CDATA[2019-08-14 23:10:23,461 INFO  uk.co.sytner.hompage.JumpPoint - ===PASSED==
]]>
    </line>
    <line>
      <![CDATA[2019-08-14 23:10:23,461 INFO  uk.co.sytner.hompage.JumpPoint - JumpPoint Alpine - Step 01: Move On Rolls Royce jump point
]]>
    </line>
    <line>
      <![CDATA[2019-08-14 23:10:24,669 INFO  uk.co.sytner.hompage.JumpPoint - JumpPoint Alpine - VP: Verify if Rolls Royce icon is displayed
]]>
    </line>
    <line>
      <![CDATA[2019-08-14 23:10:24,725 INFO  uk.co.sytner.hompage.JumpPoint - ===PASSED==
]]>
    </line>
    <line>
      <![CDATA[2019-08-14 23:10:24,725 INFO  uk.co.sytner.hompage.JumpPoint - JumpPoint Alpine - Step 02: Click On Rolls Royce jump point
]]>
    </line>
    <line>
      <![CDATA[2019-08-14 23:10:33,089 INFO  uk.co.sytner.hompage.JumpPoint - JumpPoint Alpine - VP: Verify if Rolls Royce page is displayed
]]>
    </line>
    <line>
      <![CDATA[2019-08-14 23:10:33,107 INFO  uk.co.sytner.hompage.JumpPoint - ===PASSED==
]]>
    </line>
    <line>
      <![CDATA[2019-08-14 23:10:33,107 INFO  uk.co.sytner.hompage.JumpPoint - JumpPoint Alpine - Post-condition: Click to Sytner Logo to back to homepage
]]>
    </line>
    <line>
      <![CDATA[2019-08-14 23:10:35,577 INFO  uk.co.sytner.hompage.JumpPoint - JumpPoint Alpine - VP: Verify if SEAT jump point is displayed
]]>
    </line>
    <line>
      <![CDATA[2019-08-14 23:10:37,377 INFO  uk.co.sytner.hompage.JumpPoint - ===PASSED==
]]>
    </line>
    <line>
      <![CDATA[2019-08-14 23:10:37,377 INFO  uk.co.sytner.hompage.JumpPoint - JumpPoint Alpine - Step 01: Move On SEAT jump point
]]>
    </line>
    <line>
      <![CDATA[2019-08-14 23:10:39,914 INFO  uk.co.sytner.hompage.JumpPoint - JumpPoint Alpine - VP: Verify if SEAT icon is displayed
]]>
    </line>
    <line>
      <![CDATA[2019-08-14 23:10:40,075 INFO  uk.co.sytner.hompage.JumpPoint - ===PASSED==
]]>
    </line>
    <line>
      <![CDATA[2019-08-14 23:10:40,075 INFO  uk.co.sytner.hompage.JumpPoint - JumpPoint Alpine - Step 02: Click On SEAT jump point
]]>
    </line>
    <line>
      <![CDATA[2019-08-14 23:10:48,383 INFO  uk.co.sytner.hompage.JumpPoint - JumpPoint Alpine - VP: Verify if SEAT page is displayed
]]>
    </line>
    <line>
      <![CDATA[2019-08-14 23:10:48,392 INFO  uk.co.sytner.hompage.JumpPoint - ===PASSED==
]]>
    </line>
    <line>
      <![CDATA[2019-08-14 23:10:48,392 INFO  uk.co.sytner.hompage.JumpPoint - JumpPoint Alpine - Post-condition: Click to Sytner Logo to back to homepage
]]>
    </line>
    <line>
      <![CDATA[2019-08-14 23:10:54,418 INFO  uk.co.sytner.hompage.JumpPoint - JumpPoint Alpine - VP: Verify if Skoda jump point is displayed
]]>
    </line>
    <line>
      <![CDATA[2019-08-14 23:10:54,555 INFO  uk.co.sytner.hompage.JumpPoint - ===PASSED==
]]>
    </line>
    <line>
      <![CDATA[2019-08-14 23:10:54,555 INFO  uk.co.sytner.hompage.JumpPoint - JumpPoint Alpine - Step 01: Move On Skoda jump point
]]>
    </line>
    <line>
      <![CDATA[2019-08-14 23:10:55,784 INFO  uk.co.sytner.hompage.JumpPoint - JumpPoint Alpine - VP: Verify if Skoda icon is displayed
]]>
    </line>
    <line>
      <![CDATA[2019-08-14 23:10:55,832 INFO  uk.co.sytner.hompage.JumpPoint - ===PASSED==
]]>
    </line>
    <line>
      <![CDATA[2019-08-14 23:10:55,832 INFO  uk.co.sytner.hompage.JumpPoint - JumpPoint Alpine - Step 02: Click On Skoda jump point
]]>
    </line>
    <line>
      <![CDATA[2019-08-14 23:11:06,281 INFO  uk.co.sytner.hompage.JumpPoint - JumpPoint Alpine - VP: Verify if Skoda page is displayed
]]>
    </line>
    <line>
      <![CDATA[2019-08-14 23:11:06,302 INFO  uk.co.sytner.hompage.JumpPoint - ===PASSED==
]]>
    </line>
    <line>
      <![CDATA[2019-08-14 23:11:06,302 INFO  uk.co.sytner.hompage.JumpPoint - JumpPoint Alpine - Post-condition: Click to Sytner Logo to back to homepage
]]>
    </line>
    <line>
      <![CDATA[2019-08-14 23:11:08,619 INFO  uk.co.sytner.hompage.JumpPoint - JumpPoint Alpine - VP: Verify if smart jump point is displayed
]]>
    </line>
    <line>
      <![CDATA[2019-08-14 23:11:09,687 INFO  uk.co.sytner.hompage.JumpPoint - ===PASSED==
]]>
    </line>
    <line>
      <![CDATA[2019-08-14 23:11:09,687 INFO  uk.co.sytner.hompage.JumpPoint - JumpPoint Alpine - Step 01: Move On smart jump point
]]>
    </line>
    <line>
      <![CDATA[2019-08-14 23:11:12,795 INFO  uk.co.sytner.hompage.JumpPoint - JumpPoint Alpine - VP: Verify if smart icon is displayed
]]>
    </line>
    <line>
      <![CDATA[2019-08-14 23:11:12,969 INFO  uk.co.sytner.hompage.JumpPoint - ===PASSED==
]]>
    </line>
    <line>
      <![CDATA[2019-08-14 23:11:12,969 INFO  uk.co.sytner.hompage.JumpPoint - JumpPoint Alpine - Step 02: Click On smart jump point
]]>
    </line>
    <line>
      <![CDATA[2019-08-14 23:11:19,526 INFO  uk.co.sytner.hompage.JumpPoint - JumpPoint Alpine - VP: Verify if smart page is displayed
]]>
    </line>
    <line>
      <![CDATA[2019-08-14 23:11:19,626 INFO  uk.co.sytner.hompage.JumpPoint - ===PASSED==
]]>
    </line>
    <line>
      <![CDATA[2019-08-14 23:11:19,627 INFO  uk.co.sytner.hompage.JumpPoint - JumpPoint Alpine - Post-condition: Click to Sytner Logo to back to homepage
]]>
    </line>
    <line>
      <![CDATA[2019-08-14 23:11:22,799 INFO  uk.co.sytner.hompage.JumpPoint - JumpPoint Alpine - VP: Verify if Volkswagen jump point is displayed
]]>
    </line>
    <line>
      <![CDATA[2019-08-14 23:11:23,879 INFO  uk.co.sytner.hompage.JumpPoint - ===PASSED==
]]>
    </line>
    <line>
      <![CDATA[2019-08-14 23:11:23,879 INFO  uk.co.sytner.hompage.JumpPoint - JumpPoint Alpine - Step 01: Move On Volkswagen jump point
]]>
    </line>
    <line>
      <![CDATA[2019-08-14 23:11:26,601 INFO  uk.co.sytner.hompage.JumpPoint - JumpPoint Alpine - VP: Verify if Volkswagen icon is displayed
]]>
    </line>
    <line>
      <![CDATA[2019-08-14 23:11:26,653 INFO  uk.co.sytner.hompage.JumpPoint - ===PASSED==
]]>
    </line>
    <line>
      <![CDATA[2019-08-14 23:11:26,653 INFO  uk.co.sytner.hompage.JumpPoint - JumpPoint Alpine - Step 02: Click On Volkswagen jump point
]]>
    </line>
    <line>
      <![CDATA[2019-08-14 23:11:29,694 INFO  uk.co.sytner.hompage.JumpPoint - JumpPoint Alpine - VP: Verify if Volkswagen page is displayed
]]>
    </line>
    <line>
      <![CDATA[2019-08-14 23:11:30,034 INFO  uk.co.sytner.hompage.JumpPoint - ===PASSED==
]]>
    </line>
    <line>
      <![CDATA[2019-08-14 23:11:30,035 INFO  uk.co.sytner.hompage.JumpPoint - JumpPoint Alpine - Post-condition: Click to Sytner Logo to back to homepage
]]>
    </line>
    <line>
      <![CDATA[2019-08-14 23:11:35,799 INFO  uk.co.sytner.hompage.JumpPoint - JumpPoint Alpine - VP: Verify if Volkswagen Commercial jump point is displayed
]]>
    </line>
    <line>
      <![CDATA[2019-08-14 23:11:36,910 INFO  uk.co.sytner.hompage.JumpPoint - ===PASSED==
]]>
    </line>
    <line>
      <![CDATA[2019-08-14 23:11:36,911 INFO  uk.co.sytner.hompage.JumpPoint - JumpPoint Alpine - Step 01: Move On Volkswagen Commercial jump point
]]>
    </line>
    <line>
      <![CDATA[2019-08-14 23:11:40,053 INFO  uk.co.sytner.hompage.JumpPoint - JumpPoint Alpine - VP: Verify if Volkswagen Commercial icon is displayed
]]>
    </line>
    <line>
      <![CDATA[2019-08-14 23:11:40,155 INFO  uk.co.sytner.hompage.JumpPoint - ===PASSED==
]]>
    </line>
    <line>
      <![CDATA[2019-08-14 23:11:40,155 INFO  uk.co.sytner.hompage.JumpPoint - JumpPoint Alpine - Step 02: Click On Volkswagen Commercial jump point
]]>
    </line>
    <line>
      <![CDATA[2019-08-14 23:11:46,981 INFO  uk.co.sytner.hompage.JumpPoint - JumpPoint Alpine - VP: Verify if Volkswagen Commercial page is displayed
]]>
    </line>
    <line>
      <![CDATA[2019-08-14 23:11:47,008 INFO  uk.co.sytner.hompage.JumpPoint - ===PASSED==
]]>
    </line>
    <line>
      <![CDATA[2019-08-14 23:11:47,008 INFO  uk.co.sytner.hompage.JumpPoint - JumpPoint Alpine - Post-condition: Click to Sytner Logo to back to homepage
]]>
    </line>
    <line>
      <![CDATA[2019-08-14 23:11:49,785 INFO  uk.co.sytner.hompage.JumpPoint - JumpPoint Alpine - VP: Verify if Volvo jump point is displayed
]]>
    </line>
    <line>
      <![CDATA[2019-08-14 23:11:51,626 INFO  uk.co.sytner.hompage.JumpPoint - ===PASSED==
]]>
    </line>
    <line>
      <![CDATA[2019-08-14 23:11:51,626 INFO  uk.co.sytner.hompage.JumpPoint - JumpPoint Alpine - Step 01: Move On Volvo jump point
]]>
    </line>
    <line>
      <![CDATA[2019-08-14 23:11:54,213 INFO  uk.co.sytner.hompage.JumpPoint - JumpPoint Alpine - VP: Verify if Volvo icon is displayed
]]>
    </line>
    <line>
      <![CDATA[2019-08-14 23:11:54,260 INFO  uk.co.sytner.hompage.JumpPoint - ===PASSED==
]]>
    </line>
    <line>
      <![CDATA[2019-08-14 23:11:54,260 INFO  uk.co.sytner.hompage.JumpPoint - JumpPoint Alpine - Step 02: Click On Volvo jump point
]]>
    </line>
    <line>
      <![CDATA[2019-08-14 23:12:01,940 INFO  uk.co.sytner.hompage.JumpPoint - JumpPoint Alpine - VP: Verify if Volvo page is displayed
]]>
    </line>
    <line>
      <![CDATA[2019-08-14 23:12:02,019 INFO  uk.co.sytner.hompage.JumpPoint - ===PASSED==
]]>
    </line>
    <line>
      <![CDATA[2019-08-14 23:12:02,019 INFO  uk.co.sytner.hompage.JumpPoint - JumpPoint Alpine - Post-condition: Click to Sytner Logo to back to homepage
]]>
    </line>
    <line>
      <![CDATA[2019-08-14 23:12:04,683 INFO  uk.co.sytner.hompage.JumpPoint - OS Name: windows 10
]]>
    </line>
    <line>
      <![CDATA[2019-08-14 23:12:06,232 INFO  uk.co.sytner.hompage.JumpPoint - -----QUIT BROWSER SUCCESSFULLY-----
]]>
    </line>
  </reporter-output>
  <suite name="Register and Verify" duration-ms="385763" started-at="2019-08-15T03:05:40Z" finished-at="2019-08-15T03:12:06Z">
    <groups>
    </groups>
    <test name="Run test on Chrome browser" duration-ms="385763" started-at="2019-08-15T03:05:40Z" finished-at="2019-08-15T03:12:06Z">
      <class name="uk.co.sytner.hompage.JumpPoint">
        <test-method status="PASS" signature="beforeClass(java.lang.String)[pri:0, instance:uk.co.sytner.hompage.JumpPoint@23e028a9]" name="beforeClass" is-config="true" duration-ms="24269" started-at="2019-08-14T23:05:40Z" finished-at="2019-08-14T23:06:04Z">
          <params>
            <param index="0">
              <value>
                <![CDATA[chrome]]>
              </value>
            </param>
          </params>
          <reporter-output>
          </reporter-output>
        </test-method> <!-- beforeClass -->
        <test-method status="PASS" signature="TC_18_JumpPoints_001_Alpina()[pri:0, instance:uk.co.sytner.hompage.JumpPoint@23e028a9]" name="TC_18_JumpPoints_001_Alpina" duration-ms="15572" started-at="2019-08-14T23:06:04Z" finished-at="2019-08-14T23:06:20Z">
          <reporter-output>
            <line>
              <![CDATA[2019-08-14 23:06:04,783 INFO  uk.co.sytner.hompage.JumpPoint - JumpPoint Alpine - VP: Verify if Alpina jump point is displayed
]]>
            </line>
            <line>
              <![CDATA[2019-08-14 23:06:05,074 INFO  uk.co.sytner.hompage.JumpPoint - ===PASSED==
]]>
            </line>
            <line>
              <![CDATA[2019-08-14 23:06:05,079 INFO  uk.co.sytner.hompage.JumpPoint - JumpPoint Alpine - Step 01: Move On Alpina jump point
]]>
            </line>
            <line>
              <![CDATA[2019-08-14 23:06:06,400 INFO  uk.co.sytner.hompage.JumpPoint - JumpPoint Alpine - VP: Verify if Alpina icon is displayed
]]>
            </line>
            <line>
              <![CDATA[2019-08-14 23:06:06,559 INFO  uk.co.sytner.hompage.JumpPoint - ===PASSED==
]]>
            </line>
            <line>
              <![CDATA[2019-08-14 23:06:06,559 INFO  uk.co.sytner.hompage.JumpPoint - JumpPoint Alpine - Step 02: Click On Alpina jump point
]]>
            </line>
            <line>
              <![CDATA[2019-08-14 23:06:16,498 INFO  uk.co.sytner.hompage.JumpPoint - JumpPoint Alpine - VP: Verify if Alpina page is displayed
]]>
            </line>
            <line>
              <![CDATA[2019-08-14 23:06:16,534 INFO  uk.co.sytner.hompage.JumpPoint - ===PASSED==
]]>
            </line>
            <line>
              <![CDATA[2019-08-14 23:06:16,534 INFO  uk.co.sytner.hompage.JumpPoint - JumpPoint Alpine - Post-condition: Click to Sytner Logo to back to homepage
]]>
            </line>
          </reporter-output>
        </test-method> <!-- TC_18_JumpPoints_001_Alpina -->
        <test-method status="PASS" signature="TC_19_JumpPoints_002_Audi()[pri:0, instance:uk.co.sytner.hompage.JumpPoint@23e028a9]" name="TC_19_JumpPoints_002_Audi" duration-ms="17063" started-at="2019-08-14T23:06:20Z" finished-at="2019-08-14T23:06:37Z">
          <reporter-output>
            <line>
              <![CDATA[2019-08-14 23:06:20,347 INFO  uk.co.sytner.hompage.JumpPoint - JumpPoint Alpine - VP: Verify if Audi jump point is displayed
]]>
            </line>
            <line>
              <![CDATA[2019-08-14 23:06:21,900 INFO  uk.co.sytner.hompage.JumpPoint - ===PASSED==
]]>
            </line>
            <line>
              <![CDATA[2019-08-14 23:06:21,900 INFO  uk.co.sytner.hompage.JumpPoint - JumpPoint Alpine - Step 01: Move On Audi jump point
]]>
            </line>
            <line>
              <![CDATA[2019-08-14 23:06:24,578 INFO  uk.co.sytner.hompage.JumpPoint - JumpPoint Alpine - VP: Verify if Audi icon is displayed
]]>
            </line>
            <line>
              <![CDATA[2019-08-14 23:06:24,632 INFO  uk.co.sytner.hompage.JumpPoint - ===PASSED==
]]>
            </line>
            <line>
              <![CDATA[2019-08-14 23:06:24,632 INFO  uk.co.sytner.hompage.JumpPoint - JumpPoint Alpine - Step 02: Click On Audi jump point
]]>
            </line>
            <line>
              <![CDATA[2019-08-14 23:06:33,631 INFO  uk.co.sytner.hompage.JumpPoint - JumpPoint Alpine - VP: Verify if Audi page is displayed
]]>
            </line>
            <line>
              <![CDATA[2019-08-14 23:06:33,743 INFO  uk.co.sytner.hompage.JumpPoint - ===PASSED==
]]>
            </line>
            <line>
              <![CDATA[2019-08-14 23:06:33,743 INFO  uk.co.sytner.hompage.JumpPoint - JumpPoint Alpine - Post-condition: Click to Sytner Logo to back to homepage
]]>
            </line>
          </reporter-output>
        </test-method> <!-- TC_19_JumpPoints_002_Audi -->
        <test-method status="PASS" signature="TC_20_JumpPoints_003_Bentley()[pri:0, instance:uk.co.sytner.hompage.JumpPoint@23e028a9]" name="TC_20_JumpPoints_003_Bentley" duration-ms="16580" started-at="2019-08-14T23:06:37Z" finished-at="2019-08-14T23:06:53Z">
          <reporter-output>
            <line>
              <![CDATA[2019-08-14 23:06:37,410 INFO  uk.co.sytner.hompage.JumpPoint - JumpPoint Alpine - VP: Verify if Bentley jump point is displayed
]]>
            </line>
            <line>
              <![CDATA[2019-08-14 23:06:38,416 INFO  uk.co.sytner.hompage.JumpPoint - ===PASSED==
]]>
            </line>
            <line>
              <![CDATA[2019-08-14 23:06:38,417 INFO  uk.co.sytner.hompage.JumpPoint - JumpPoint Alpine - Step 01: Move On Bentley jump point
]]>
            </line>
            <line>
              <![CDATA[2019-08-14 23:06:41,115 INFO  uk.co.sytner.hompage.JumpPoint - JumpPoint Alpine - VP: Verify if Bentley icon is displayed
]]>
            </line>
            <line>
              <![CDATA[2019-08-14 23:06:41,294 INFO  uk.co.sytner.hompage.JumpPoint - ===PASSED==
]]>
            </line>
            <line>
              <![CDATA[2019-08-14 23:06:41,294 INFO  uk.co.sytner.hompage.JumpPoint - JumpPoint Alpine - Step 02: Click On Bentley jump point
]]>
            </line>
            <line>
              <![CDATA[2019-08-14 23:06:47,542 INFO  uk.co.sytner.hompage.JumpPoint - JumpPoint Alpine - VP: Verify if Bentley page is displayed
]]>
            </line>
            <line>
              <![CDATA[2019-08-14 23:06:47,752 INFO  uk.co.sytner.hompage.JumpPoint - ===PASSED==
]]>
            </line>
            <line>
              <![CDATA[2019-08-14 23:06:47,753 INFO  uk.co.sytner.hompage.JumpPoint - JumpPoint Alpine - Post-condition: Click to Sytner Logo to back to homepage
]]>
            </line>
          </reporter-output>
        </test-method> <!-- TC_20_JumpPoints_003_Bentley -->
        <test-method status="PASS" signature="TC_21_JumpPoints_004_BMW()[pri:0, instance:uk.co.sytner.hompage.JumpPoint@23e028a9]" name="TC_21_JumpPoints_004_BMW" duration-ms="13301" started-at="2019-08-14T23:06:53Z" finished-at="2019-08-14T23:07:07Z">
          <reporter-output>
            <line>
              <![CDATA[2019-08-14 23:06:53,991 INFO  uk.co.sytner.hompage.JumpPoint - JumpPoint Alpine - VP: Verify if BMW jump point is displayed
]]>
            </line>
            <line>
              <![CDATA[2019-08-14 23:06:54,094 INFO  uk.co.sytner.hompage.JumpPoint - ===PASSED==
]]>
            </line>
            <line>
              <![CDATA[2019-08-14 23:06:54,095 INFO  uk.co.sytner.hompage.JumpPoint - JumpPoint Alpine - Step 01: Move On BMW jump point
]]>
            </line>
            <line>
              <![CDATA[2019-08-14 23:06:55,309 INFO  uk.co.sytner.hompage.JumpPoint - JumpPoint Alpine - VP: Verify if BMW icon is displayed
]]>
            </line>
            <line>
              <![CDATA[2019-08-14 23:06:55,391 INFO  uk.co.sytner.hompage.JumpPoint - ===PASSED==
]]>
            </line>
            <line>
              <![CDATA[2019-08-14 23:06:55,391 INFO  uk.co.sytner.hompage.JumpPoint - JumpPoint Alpine - Step 02: Click On BMW jump point
]]>
            </line>
            <line>
              <![CDATA[2019-08-14 23:07:04,697 INFO  uk.co.sytner.hompage.JumpPoint - JumpPoint Alpine - VP: Verify if BMW page is displayed
]]>
            </line>
            <line>
              <![CDATA[2019-08-14 23:07:04,709 INFO  uk.co.sytner.hompage.JumpPoint - ===PASSED==
]]>
            </line>
            <line>
              <![CDATA[2019-08-14 23:07:04,710 INFO  uk.co.sytner.hompage.JumpPoint - JumpPoint Alpine - Post-condition: Click to Sytner Logo to back to homepage
]]>
            </line>
          </reporter-output>
        </test-method> <!-- TC_21_JumpPoints_004_BMW -->
        <test-method status="PASS" signature="TC_22_JumpPoints_005_Ferrari()[pri:0, instance:uk.co.sytner.hompage.JumpPoint@23e028a9]" name="TC_22_JumpPoints_005_Ferrari" duration-ms="15083" started-at="2019-08-14T23:07:07Z" finished-at="2019-08-14T23:07:22Z">
          <reporter-output>
            <line>
              <![CDATA[2019-08-14 23:07:07,292 INFO  uk.co.sytner.hompage.JumpPoint - JumpPoint Alpine - VP: Verify if Ferrari jump point is displayed
]]>
            </line>
            <line>
              <![CDATA[2019-08-14 23:07:08,207 INFO  uk.co.sytner.hompage.JumpPoint - ===PASSED==
]]>
            </line>
            <line>
              <![CDATA[2019-08-14 23:07:08,207 INFO  uk.co.sytner.hompage.JumpPoint - JumpPoint Alpine - Step 01: Move On Ferrari jump point
]]>
            </line>
            <line>
              <![CDATA[2019-08-14 23:07:11,204 INFO  uk.co.sytner.hompage.JumpPoint - JumpPoint Alpine - VP: Verify if Ferrari icon is displayed
]]>
            </line>
            <line>
              <![CDATA[2019-08-14 23:07:11,341 INFO  uk.co.sytner.hompage.JumpPoint - ===PASSED==
]]>
            </line>
            <line>
              <![CDATA[2019-08-14 23:07:11,341 INFO  uk.co.sytner.hompage.JumpPoint - JumpPoint Alpine - Step 02: Click On Ferrari jump point
]]>
            </line>
            <line>
              <![CDATA[2019-08-14 23:07:13,256 INFO  uk.co.sytner.hompage.JumpPoint - JumpPoint Alpine - VP: Verify if Ferrari page is displayed
]]>
            </line>
            <line>
              <![CDATA[2019-08-14 23:07:13,791 INFO  uk.co.sytner.hompage.JumpPoint - ===PASSED==
]]>
            </line>
            <line>
              <![CDATA[2019-08-14 23:07:13,791 INFO  uk.co.sytner.hompage.JumpPoint - JumpPoint Alpine - Post-condition: Click to Sytner Logo to back to homepage
]]>
            </line>
          </reporter-output>
        </test-method> <!-- TC_22_JumpPoints_005_Ferrari -->
        <test-method status="PASS" signature="TC_23_JumpPoints_006_AstonMartin()[pri:0, instance:uk.co.sytner.hompage.JumpPoint@23e028a9]" name="TC_23_JumpPoints_006_AstonMartin" duration-ms="10500" started-at="2019-08-14T23:07:22Z" finished-at="2019-08-14T23:07:32Z">
          <reporter-output>
            <line>
              <![CDATA[2019-08-14 23:07:22,377 INFO  uk.co.sytner.hompage.JumpPoint - JumpPoint Alpine - VP: Verify if Aston Martin jump point is displayed
]]>
            </line>
            <line>
              <![CDATA[2019-08-14 23:07:22,568 INFO  uk.co.sytner.hompage.JumpPoint - ===PASSED==
]]>
            </line>
            <line>
              <![CDATA[2019-08-14 23:07:22,568 INFO  uk.co.sytner.hompage.JumpPoint - JumpPoint Alpine - Step 01: Move On Aston Martin jump point
]]>
            </line>
            <line>
              <![CDATA[2019-08-14 23:07:23,758 INFO  uk.co.sytner.hompage.JumpPoint - JumpPoint Alpine - VP: Verify if Aston Martin icon is displayed
]]>
            </line>
            <line>
              <![CDATA[2019-08-14 23:07:23,806 INFO  uk.co.sytner.hompage.JumpPoint - ===PASSED==
]]>
            </line>
            <line>
              <![CDATA[2019-08-14 23:07:23,807 INFO  uk.co.sytner.hompage.JumpPoint - JumpPoint Alpine - Step 02: Click On Aston Martin jump point
]]>
            </line>
            <line>
              <![CDATA[2019-08-14 23:07:29,730 INFO  uk.co.sytner.hompage.JumpPoint - JumpPoint Alpine - VP: Verify if Aston Martin page is displayed
]]>
            </line>
            <line>
              <![CDATA[2019-08-14 23:07:29,738 INFO  uk.co.sytner.hompage.JumpPoint - ===PASSED==
]]>
            </line>
            <line>
              <![CDATA[2019-08-14 23:07:29,738 INFO  uk.co.sytner.hompage.JumpPoint - JumpPoint Alpine - Post-condition: Click to Sytner Logo to back to homepage
]]>
            </line>
          </reporter-output>
        </test-method> <!-- TC_23_JumpPoints_006_AstonMartin -->
        <test-method status="PASS" signature="TC_24_JumpPoints_007_Jaguar()[pri:0, instance:uk.co.sytner.hompage.JumpPoint@23e028a9]" name="TC_24_JumpPoints_007_Jaguar" duration-ms="12399" started-at="2019-08-14T23:07:32Z" finished-at="2019-08-14T23:07:45Z">
          <reporter-output>
            <line>
              <![CDATA[2019-08-14 23:07:32,877 INFO  uk.co.sytner.hompage.JumpPoint - JumpPoint Alpine - VP: Verify if Jaguar jump point is displayed
]]>
            </line>
            <line>
              <![CDATA[2019-08-14 23:07:34,536 INFO  uk.co.sytner.hompage.JumpPoint - ===PASSED==
]]>
            </line>
            <line>
              <![CDATA[2019-08-14 23:07:34,536 INFO  uk.co.sytner.hompage.JumpPoint - JumpPoint Alpine - Step 01: Move On Jaguar jump point
]]>
            </line>
            <line>
              <![CDATA[2019-08-14 23:07:36,870 INFO  uk.co.sytner.hompage.JumpPoint - JumpPoint Alpine - VP: Verify if Jaguar icon is displayed
]]>
            </line>
            <line>
              <![CDATA[2019-08-14 23:07:36,929 INFO  uk.co.sytner.hompage.JumpPoint - ===PASSED==
]]>
            </line>
            <line>
              <![CDATA[2019-08-14 23:07:36,929 INFO  uk.co.sytner.hompage.JumpPoint - JumpPoint Alpine - Step 02: Click On Jaguar jump point
]]>
            </line>
            <line>
              <![CDATA[2019-08-14 23:07:39,720 INFO  uk.co.sytner.hompage.JumpPoint - JumpPoint Alpine - VP: Verify if Jaguar page is displayed
]]>
            </line>
            <line>
              <![CDATA[2019-08-14 23:07:40,161 INFO  uk.co.sytner.hompage.JumpPoint - ===PASSED==
]]>
            </line>
            <line>
              <![CDATA[2019-08-14 23:07:40,162 INFO  uk.co.sytner.hompage.JumpPoint - JumpPoint Alpine - Post-condition: Click to Sytner Logo to back to homepage
]]>
            </line>
          </reporter-output>
        </test-method> <!-- TC_24_JumpPoints_007_Jaguar -->
        <test-method status="SKIP" signature="TC_25_JumpPoints_008_LandRover()[pri:0, instance:uk.co.sytner.hompage.JumpPoint@23e028a9]" name="TC_25_JumpPoints_008_LandRover" duration-ms="15111" started-at="2019-08-14T23:07:45Z" finished-at="2019-08-14T23:08:00Z">
          <exception class="java.lang.AssertionError">
            <message>
              <![CDATA[expected [true] but found [false]]]>
            </message>
            <full-stacktrace>
              <![CDATA[java.lang.AssertionError: expected [true] but found [false]
	at org.testng.Assert.fail(Assert.java:94)
	at org.testng.Assert.failNotEquals(Assert.java:513)
	at org.testng.Assert.assertTrue(Assert.java:42)
	at org.testng.Assert.assertTrue(Assert.java:52)
	at commons.AbstractTest.checkPassed(AbstractTest.java:63)
	at commons.AbstractTest.verifyTrue(AbstractTest.java:74)
	at uk.co.sytner.hompage.JumpPoint.TC_25_JumpPoints_008_LandRover(JumpPoint.java:187)
	at sun.reflect.NativeMethodAccessorImpl.invoke0(Native Method)
	at sun.reflect.NativeMethodAccessorImpl.invoke(NativeMethodAccessorImpl.java:62)
	at sun.reflect.DelegatingMethodAccessorImpl.invoke(DelegatingMethodAccessorImpl.java:43)
	at java.lang.reflect.Method.invoke(Method.java:498)
	at org.testng.internal.MethodInvocationHelper.invokeMethod(MethodInvocationHelper.java:86)
	at org.testng.internal.Invoker.invokeMethod(Invoker.java:643)
	at org.testng.internal.Invoker.invokeTestMethod(Invoker.java:820)
	at org.testng.internal.Invoker.invokeTestMethods(Invoker.java:1128)
	at org.testng.internal.TestMethodWorker.invokeTestMethods(TestMethodWorker.java:129)
	at org.testng.internal.TestMethodWorker.run(TestMethodWorker.java:112)
	at org.testng.TestRunner.privateRun(TestRunner.java:782)
	at org.testng.TestRunner.run(TestRunner.java:632)
	at org.testng.SuiteRunner.runTest(SuiteRunner.java:366)
	at org.testng.SuiteRunner.runSequentially(SuiteRunner.java:361)
	at org.testng.SuiteRunner.privateRun(SuiteRunner.java:319)
	at org.testng.SuiteRunner.run(SuiteRunner.java:268)
	at org.testng.SuiteRunnerWorker.runSuite(SuiteRunnerWorker.java:52)
	at org.testng.SuiteRunnerWorker.run(SuiteRunnerWorker.java:86)
	at org.testng.TestNG.runSuitesSequentially(TestNG.java:1244)
	at org.testng.TestNG.runSuitesLocally(TestNG.java:1169)
	at org.testng.TestNG.run(TestNG.java:1064)
	at org.apache.maven.surefire.testng.TestNGExecutor.run(TestNGExecutor.java:282)
	at org.apache.maven.surefire.testng.TestNGXmlTestSuite.execute(TestNGXmlTestSuite.java:83)
	at org.apache.maven.surefire.testng.TestNGProvider.invoke(TestNGProvider.java:114)
	at org.apache.maven.surefire.booter.ForkedBooter.invokeProviderInSameClassLoader(ForkedBooter.java:286)
	at org.apache.maven.surefire.booter.ForkedBooter.runSuitesInProcess(ForkedBooter.java:240)
	at org.apache.maven.surefire.booter.ForkedBooter.main(ForkedBooter.java:121)
]]>
            </full-stacktrace>
          </exception> <!-- java.lang.AssertionError -->
          <reporter-output>
            <line>
              <![CDATA[2019-08-14 23:07:45,277 INFO  uk.co.sytner.hompage.JumpPoint - JumpPoint Alpine - VP: Verify if LandRover jump point is displayed
]]>
            </line>
            <line>
              <![CDATA[2019-08-14 23:07:46,269 INFO  uk.co.sytner.hompage.JumpPoint - ===PASSED==
]]>
            </line>
            <line>
              <![CDATA[2019-08-14 23:07:46,269 INFO  uk.co.sytner.hompage.JumpPoint - JumpPoint Alpine - Step 01: Move On LandRover jump point
]]>
            </line>
            <line>
              <![CDATA[2019-08-14 23:07:49,329 INFO  uk.co.sytner.hompage.JumpPoint - JumpPoint Alpine - VP: Verify if LandRover icon is displayed
]]>
            </line>
            <line>
              <![CDATA[2019-08-14 23:07:49,382 INFO  uk.co.sytner.hompage.JumpPoint - ===PASSED==
]]>
            </line>
            <line>
              <![CDATA[2019-08-14 23:07:49,383 INFO  uk.co.sytner.hompage.JumpPoint - JumpPoint Alpine - Step 02: Click On LandRover jump point
]]>
            </line>
            <line>
              <![CDATA[2019-08-14 23:07:57,687 INFO  uk.co.sytner.hompage.JumpPoint - JumpPoint Alpine - VP: Verify if LandRover page is displayed
]]>
            </line>
            <line>
              <![CDATA[2019-08-14 23:07:57,695 INFO  uk.co.sytner.hompage.JumpPoint - ===FAILED==
]]>
            </line>
            <line>
              <![CDATA[2019-08-14 23:07:57,700 INFO  uk.co.sytner.hompage.JumpPoint - JumpPoint Alpine - Post-condition: Click to Sytner Logo to back to homepage
]]>
            </line>
          </reporter-output>
        </test-method> <!-- TC_25_JumpPoints_008_LandRover -->
        <test-method status="SKIP" signature="TC_25_JumpPoints_008_LandRover()[pri:0, instance:uk.co.sytner.hompage.JumpPoint@23e028a9]" name="TC_25_JumpPoints_008_LandRover" duration-ms="14076" started-at="2019-08-14T23:08:00Z" finished-at="2019-08-14T23:08:14Z">
          <exception class="java.lang.AssertionError">
            <message>
              <![CDATA[expected [true] but found [false]]]>
            </message>
            <full-stacktrace>
              <![CDATA[java.lang.AssertionError: expected [true] but found [false]
	at org.testng.Assert.fail(Assert.java:94)
	at org.testng.Assert.failNotEquals(Assert.java:513)
	at org.testng.Assert.assertTrue(Assert.java:42)
	at org.testng.Assert.assertTrue(Assert.java:52)
	at commons.AbstractTest.checkPassed(AbstractTest.java:63)
	at commons.AbstractTest.verifyTrue(AbstractTest.java:74)
	at uk.co.sytner.hompage.JumpPoint.TC_25_JumpPoints_008_LandRover(JumpPoint.java:187)
	at sun.reflect.NativeMethodAccessorImpl.invoke0(Native Method)
	at sun.reflect.NativeMethodAccessorImpl.invoke(NativeMethodAccessorImpl.java:62)
	at sun.reflect.DelegatingMethodAccessorImpl.invoke(DelegatingMethodAccessorImpl.java:43)
	at java.lang.reflect.Method.invoke(Method.java:498)
	at org.testng.internal.MethodInvocationHelper.invokeMethod(MethodInvocationHelper.java:86)
	at org.testng.internal.Invoker.invokeMethod(Invoker.java:643)
	at org.testng.internal.Invoker.retryFailed(Invoker.java:967)
	at org.testng.internal.Invoker.invokeTestMethods(Invoker.java:1146)
	at org.testng.internal.TestMethodWorker.invokeTestMethods(TestMethodWorker.java:129)
	at org.testng.internal.TestMethodWorker.run(TestMethodWorker.java:112)
	at org.testng.TestRunner.privateRun(TestRunner.java:782)
	at org.testng.TestRunner.run(TestRunner.java:632)
	at org.testng.SuiteRunner.runTest(SuiteRunner.java:366)
	at org.testng.SuiteRunner.runSequentially(SuiteRunner.java:361)
	at org.testng.SuiteRunner.privateRun(SuiteRunner.java:319)
	at org.testng.SuiteRunner.run(SuiteRunner.java:268)
	at org.testng.SuiteRunnerWorker.runSuite(SuiteRunnerWorker.java:52)
	at org.testng.SuiteRunnerWorker.run(SuiteRunnerWorker.java:86)
	at org.testng.TestNG.runSuitesSequentially(TestNG.java:1244)
	at org.testng.TestNG.runSuitesLocally(TestNG.java:1169)
	at org.testng.TestNG.run(TestNG.java:1064)
	at org.apache.maven.surefire.testng.TestNGExecutor.run(TestNGExecutor.java:282)
	at org.apache.maven.surefire.testng.TestNGXmlTestSuite.execute(TestNGXmlTestSuite.java:83)
	at org.apache.maven.surefire.testng.TestNGProvider.invoke(TestNGProvider.java:114)
	at org.apache.maven.surefire.booter.ForkedBooter.invokeProviderInSameClassLoader(ForkedBooter.java:286)
	at org.apache.maven.surefire.booter.ForkedBooter.runSuitesInProcess(ForkedBooter.java:240)
	at org.apache.maven.surefire.booter.ForkedBooter.main(ForkedBooter.java:121)
]]>
            </full-stacktrace>
          </exception> <!-- java.lang.AssertionError -->
          <reporter-output>
            <line>
              <![CDATA[2019-08-14 23:08:00,392 INFO  uk.co.sytner.hompage.JumpPoint - JumpPoint Alpine - VP: Verify if LandRover jump point is displayed
]]>
            </line>
            <line>
              <![CDATA[2019-08-14 23:08:01,680 INFO  uk.co.sytner.hompage.JumpPoint - ===PASSED==
]]>
            </line>
            <line>
              <![CDATA[2019-08-14 23:08:01,681 INFO  uk.co.sytner.hompage.JumpPoint - JumpPoint Alpine - Step 01: Move On LandRover jump point
]]>
            </line>
            <line>
              <![CDATA[2019-08-14 23:08:04,240 INFO  uk.co.sytner.hompage.JumpPoint - JumpPoint Alpine - VP: Verify if LandRover icon is displayed
]]>
            </line>
            <line>
              <![CDATA[2019-08-14 23:08:04,301 INFO  uk.co.sytner.hompage.JumpPoint - ===PASSED==
]]>
            </line>
            <line>
              <![CDATA[2019-08-14 23:08:04,301 INFO  uk.co.sytner.hompage.JumpPoint - JumpPoint Alpine - Step 02: Click On LandRover jump point
]]>
            </line>
            <line>
              <![CDATA[2019-08-14 23:08:06,812 INFO  uk.co.sytner.hompage.JumpPoint - JumpPoint Alpine - VP: Verify if LandRover page is displayed
]]>
            </line>
            <line>
              <![CDATA[2019-08-14 23:08:07,170 INFO  uk.co.sytner.hompage.JumpPoint - ===FAILED==
]]>
            </line>
            <line>
              <![CDATA[2019-08-14 23:08:07,171 INFO  uk.co.sytner.hompage.JumpPoint - JumpPoint Alpine - Post-condition: Click to Sytner Logo to back to homepage
]]>
            </line>
          </reporter-output>
        </test-method> <!-- TC_25_JumpPoints_008_LandRover -->
        <test-method status="FAIL" signature="TC_25_JumpPoints_008_LandRover()[pri:0, instance:uk.co.sytner.hompage.JumpPoint@23e028a9]" name="TC_25_JumpPoints_008_LandRover" duration-ms="17435" started-at="2019-08-14T23:08:14Z" finished-at="2019-08-14T23:08:31Z">
          <exception class="java.lang.AssertionError">
            <message>
              <![CDATA[expected [true] but found [false]]]>
            </message>
            <full-stacktrace>
              <![CDATA[java.lang.AssertionError: expected [true] but found [false]
	at org.testng.Assert.fail(Assert.java:94)
	at org.testng.Assert.failNotEquals(Assert.java:513)
	at org.testng.Assert.assertTrue(Assert.java:42)
	at org.testng.Assert.assertTrue(Assert.java:52)
	at commons.AbstractTest.checkPassed(AbstractTest.java:63)
	at commons.AbstractTest.verifyTrue(AbstractTest.java:74)
	at uk.co.sytner.hompage.JumpPoint.TC_25_JumpPoints_008_LandRover(JumpPoint.java:187)
	at sun.reflect.NativeMethodAccessorImpl.invoke0(Native Method)
	at sun.reflect.NativeMethodAccessorImpl.invoke(NativeMethodAccessorImpl.java:62)
	at sun.reflect.DelegatingMethodAccessorImpl.invoke(DelegatingMethodAccessorImpl.java:43)
	at java.lang.reflect.Method.invoke(Method.java:498)
	at org.testng.internal.MethodInvocationHelper.invokeMethod(MethodInvocationHelper.java:86)
	at org.testng.internal.Invoker.invokeMethod(Invoker.java:643)
	at org.testng.internal.Invoker.retryFailed(Invoker.java:967)
	at org.testng.internal.Invoker.invokeTestMethods(Invoker.java:1146)
	at org.testng.internal.TestMethodWorker.invokeTestMethods(TestMethodWorker.java:129)
	at org.testng.internal.TestMethodWorker.run(TestMethodWorker.java:112)
	at org.testng.TestRunner.privateRun(TestRunner.java:782)
	at org.testng.TestRunner.run(TestRunner.java:632)
	at org.testng.SuiteRunner.runTest(SuiteRunner.java:366)
	at org.testng.SuiteRunner.runSequentially(SuiteRunner.java:361)
	at org.testng.SuiteRunner.privateRun(SuiteRunner.java:319)
	at org.testng.SuiteRunner.run(SuiteRunner.java:268)
	at org.testng.SuiteRunnerWorker.runSuite(SuiteRunnerWorker.java:52)
	at org.testng.SuiteRunnerWorker.run(SuiteRunnerWorker.java:86)
	at org.testng.TestNG.runSuitesSequentially(TestNG.java:1244)
	at org.testng.TestNG.runSuitesLocally(TestNG.java:1169)
	at org.testng.TestNG.run(TestNG.java:1064)
	at org.apache.maven.surefire.testng.TestNGExecutor.run(TestNGExecutor.java:282)
	at org.apache.maven.surefire.testng.TestNGXmlTestSuite.execute(TestNGXmlTestSuite.java:83)
	at org.apache.maven.surefire.testng.TestNGProvider.invoke(TestNGProvider.java:114)
	at org.apache.maven.surefire.booter.ForkedBooter.invokeProviderInSameClassLoader(ForkedBooter.java:286)
	at org.apache.maven.surefire.booter.ForkedBooter.runSuitesInProcess(ForkedBooter.java:240)
	at org.apache.maven.surefire.booter.ForkedBooter.main(ForkedBooter.java:121)
]]>
            </full-stacktrace>
          </exception> <!-- java.lang.AssertionError -->
          <reporter-output>
            <line>
              <![CDATA[2019-08-14 23:08:14,470 INFO  uk.co.sytner.hompage.JumpPoint - JumpPoint Alpine - VP: Verify if LandRover jump point is displayed
]]>
            </line>
            <line>
              <![CDATA[2019-08-14 23:08:16,877 INFO  uk.co.sytner.hompage.JumpPoint - ===PASSED==
]]>
            </line>
            <line>
              <![CDATA[2019-08-14 23:08:16,878 INFO  uk.co.sytner.hompage.JumpPoint - JumpPoint Alpine - Step 01: Move On LandRover jump point
]]>
            </line>
            <line>
              <![CDATA[2019-08-14 23:08:20,669 INFO  uk.co.sytner.hompage.JumpPoint - JumpPoint Alpine - VP: Verify if LandRover icon is displayed
]]>
            </line>
            <line>
              <![CDATA[2019-08-14 23:08:20,718 INFO  uk.co.sytner.hompage.JumpPoint - ===PASSED==
]]>
            </line>
            <line>
              <![CDATA[2019-08-14 23:08:20,718 INFO  uk.co.sytner.hompage.JumpPoint - JumpPoint Alpine - Step 02: Click On LandRover jump point
]]>
            </line>
            <line>
              <![CDATA[2019-08-14 23:08:23,324 INFO  uk.co.sytner.hompage.JumpPoint - JumpPoint Alpine - VP: Verify if LandRover page is displayed
]]>
            </line>
            <line>
              <![CDATA[2019-08-14 23:08:23,711 INFO  uk.co.sytner.hompage.JumpPoint - ===FAILED==
]]>
            </line>
            <line>
              <![CDATA[2019-08-14 23:08:23,712 INFO  uk.co.sytner.hompage.JumpPoint - JumpPoint Alpine - Post-condition: Click to Sytner Logo to back to homepage
]]>
            </line>
          </reporter-output>
        </test-method> <!-- TC_25_JumpPoints_008_LandRover -->
        <test-method status="PASS" signature="TC_26_JumpPoints_009_Lamborghini()[pri:0, instance:uk.co.sytner.hompage.JumpPoint@23e028a9]" name="TC_26_JumpPoints_009_Lamborghini" duration-ms="10654" started-at="2019-08-14T23:08:31Z" finished-at="2019-08-14T23:08:42Z">
          <reporter-output>
            <line>
              <![CDATA[2019-08-14 23:08:31,920 INFO  uk.co.sytner.hompage.JumpPoint - JumpPoint Alpine - VP: Verify if Lamborghini jump point is displayed
]]>
            </line>
            <line>
              <![CDATA[2019-08-14 23:08:32,161 INFO  uk.co.sytner.hompage.JumpPoint - ===PASSED==
]]>
            </line>
            <line>
              <![CDATA[2019-08-14 23:08:32,161 INFO  uk.co.sytner.hompage.JumpPoint - JumpPoint Alpine - Step 01: Move On Lamborghini jump point
]]>
            </line>
            <line>
              <![CDATA[2019-08-14 23:08:33,419 INFO  uk.co.sytner.hompage.JumpPoint - JumpPoint Alpine - VP: Verify if Lamborghini icon is displayed
]]>
            </line>
            <line>
              <![CDATA[2019-08-14 23:08:33,469 INFO  uk.co.sytner.hompage.JumpPoint - ===PASSED==
]]>
            </line>
            <line>
              <![CDATA[2019-08-14 23:08:33,469 INFO  uk.co.sytner.hompage.JumpPoint - JumpPoint Alpine - Step 02: Click On Lamborghini jump point
]]>
            </line>
            <line>
              <![CDATA[2019-08-14 23:08:40,155 INFO  uk.co.sytner.hompage.JumpPoint - JumpPoint Alpine - VP: Verify if Lamborghini page is displayed
]]>
            </line>
            <line>
              <![CDATA[2019-08-14 23:08:40,186 INFO  uk.co.sytner.hompage.JumpPoint - ===PASSED==
]]>
            </line>
            <line>
              <![CDATA[2019-08-14 23:08:40,187 INFO  uk.co.sytner.hompage.JumpPoint - JumpPoint Alpine - Post-condition: Click to Sytner Logo to back to homepage
]]>
            </line>
          </reporter-output>
        </test-method> <!-- TC_26_JumpPoints_009_Lamborghini -->
        <test-method status="PASS" signature="TC_27_JumpPoints_010_SytnerSelect()[pri:0, instance:uk.co.sytner.hompage.JumpPoint@23e028a9]" name="TC_27_JumpPoints_010_SytnerSelect" duration-ms="14873" started-at="2019-08-14T23:08:42Z" finished-at="2019-08-14T23:08:57Z">
          <reporter-output>
            <line>
              <![CDATA[2019-08-14 23:08:42,575 INFO  uk.co.sytner.hompage.JumpPoint - JumpPoint Alpine - VP: Verify if Sytner Select jump point is displayed
]]>
            </line>
            <line>
              <![CDATA[2019-08-14 23:08:44,425 INFO  uk.co.sytner.hompage.JumpPoint - ===PASSED==
]]>
            </line>
            <line>
              <![CDATA[2019-08-14 23:08:44,426 INFO  uk.co.sytner.hompage.JumpPoint - JumpPoint Alpine - Step 01: Move On Sytner Select jump point
]]>
            </line>
            <line>
              <![CDATA[2019-08-14 23:08:47,118 INFO  uk.co.sytner.hompage.JumpPoint - JumpPoint Alpine - VP: Verify if Sytner Select icon is displayed
]]>
            </line>
            <line>
              <![CDATA[2019-08-14 23:08:47,166 INFO  uk.co.sytner.hompage.JumpPoint - ===PASSED==
]]>
            </line>
            <line>
              <![CDATA[2019-08-14 23:08:47,166 INFO  uk.co.sytner.hompage.JumpPoint - JumpPoint Alpine - Step 02: Click On Sytner Select jump point
]]>
            </line>
            <line>
              <![CDATA[2019-08-14 23:08:54,542 INFO  uk.co.sytner.hompage.JumpPoint - JumpPoint Alpine - VP: Verify if Sytner Select page is displayed
]]>
            </line>
            <line>
              <![CDATA[2019-08-14 23:08:54,553 INFO  uk.co.sytner.hompage.JumpPoint - ===PASSED==
]]>
            </line>
            <line>
              <![CDATA[2019-08-14 23:08:54,554 INFO  uk.co.sytner.hompage.JumpPoint - JumpPoint Alpine - Post-condition: Click to Sytner Logo to back to homepage
]]>
            </line>
          </reporter-output>
        </test-method> <!-- TC_27_JumpPoints_010_SytnerSelect -->
        <test-method status="PASS" signature="TC_28_JumpPoints_011_Maserati()[pri:0, instance:uk.co.sytner.hompage.JumpPoint@23e028a9]" name="TC_28_JumpPoints_011_Maserati" duration-ms="17146" started-at="2019-08-14T23:08:57Z" finished-at="2019-08-14T23:09:14Z">
          <reporter-output>
            <line>
              <![CDATA[2019-08-14 23:08:57,449 INFO  uk.co.sytner.hompage.JumpPoint - JumpPoint Alpine - VP: Verify if Maserati jump point is displayed
]]>
            </line>
            <line>
              <![CDATA[2019-08-14 23:08:58,944 INFO  uk.co.sytner.hompage.JumpPoint - ===PASSED==
]]>
            </line>
            <line>
              <![CDATA[2019-08-14 23:08:58,944 INFO  uk.co.sytner.hompage.JumpPoint - JumpPoint Alpine - Step 01: Move On Maserati jump point
]]>
            </line>
            <line>
              <![CDATA[2019-08-14 23:09:01,531 INFO  uk.co.sytner.hompage.JumpPoint - JumpPoint Alpine - VP: Verify if Maserati icon is displayed
]]>
            </line>
            <line>
              <![CDATA[2019-08-14 23:09:01,726 INFO  uk.co.sytner.hompage.JumpPoint - ===PASSED==
]]>
            </line>
            <line>
              <![CDATA[2019-08-14 23:09:01,726 INFO  uk.co.sytner.hompage.JumpPoint - JumpPoint Alpine - Step 02: Click On Maserati jump point
]]>
            </line>
            <line>
              <![CDATA[2019-08-14 23:09:08,639 INFO  uk.co.sytner.hompage.JumpPoint - JumpPoint Alpine - VP: Verify if Maserati page is displayed
]]>
            </line>
            <line>
              <![CDATA[2019-08-14 23:09:08,650 INFO  uk.co.sytner.hompage.JumpPoint - ===PASSED==
]]>
            </line>
            <line>
              <![CDATA[2019-08-14 23:09:08,651 INFO  uk.co.sytner.hompage.JumpPoint - JumpPoint Alpine - Post-condition: Click to Sytner Logo to back to homepage
]]>
            </line>
          </reporter-output>
        </test-method> <!-- TC_28_JumpPoints_011_Maserati -->
        <test-method status="PASS" signature="TC_29_JumpPoints_012_McLaren()[pri:0, instance:uk.co.sytner.hompage.JumpPoint@23e028a9]" name="TC_29_JumpPoints_012_McLaren" duration-ms="17230" started-at="2019-08-14T23:09:14Z" finished-at="2019-08-14T23:09:31Z">
          <reporter-output>
            <line>
              <![CDATA[2019-08-14 23:09:14,596 INFO  uk.co.sytner.hompage.JumpPoint - JumpPoint Alpine - VP: Verify if McLaren jump point is displayed
]]>
            </line>
            <line>
              <![CDATA[2019-08-14 23:09:14,778 INFO  uk.co.sytner.hompage.JumpPoint - ===PASSED==
]]>
            </line>
            <line>
              <![CDATA[2019-08-14 23:09:14,778 INFO  uk.co.sytner.hompage.JumpPoint - JumpPoint Alpine - Step 01: Move On McLaren jump point
]]>
            </line>
            <line>
              <![CDATA[2019-08-14 23:09:15,940 INFO  uk.co.sytner.hompage.JumpPoint - JumpPoint Alpine - VP: Verify if McLaren icon is displayed
]]>
            </line>
            <line>
              <![CDATA[2019-08-14 23:09:15,995 INFO  uk.co.sytner.hompage.JumpPoint - ===PASSED==
]]>
            </line>
            <line>
              <![CDATA[2019-08-14 23:09:15,995 INFO  uk.co.sytner.hompage.JumpPoint - JumpPoint Alpine - Step 02: Click On McLaren jump point
]]>
            </line>
            <line>
              <![CDATA[2019-08-14 23:09:23,810 INFO  uk.co.sytner.hompage.JumpPoint - JumpPoint Alpine - VP: Verify if McLaren page is displayed
]]>
            </line>
            <line>
              <![CDATA[2019-08-14 23:09:23,835 INFO  uk.co.sytner.hompage.JumpPoint - ===PASSED==
]]>
            </line>
            <line>
              <![CDATA[2019-08-14 23:09:23,835 INFO  uk.co.sytner.hompage.JumpPoint - JumpPoint Alpine - Post-condition: Click to Sytner Logo to back to homepage
]]>
            </line>
          </reporter-output>
        </test-method> <!-- TC_29_JumpPoints_012_McLaren -->
        <test-method status="PASS" signature="TC_30_JumpPoints_013_MercedesBenz()[pri:0, instance:uk.co.sytner.hompage.JumpPoint@23e028a9]" name="TC_30_JumpPoints_013_MercedesBenz" duration-ms="14933" started-at="2019-08-14T23:09:31Z" finished-at="2019-08-14T23:09:46Z">
          <reporter-output>
            <line>
              <![CDATA[2019-08-14 23:09:31,827 INFO  uk.co.sytner.hompage.JumpPoint - JumpPoint Alpine - VP: Verify if MercedesBenz jump point is displayed
]]>
            </line>
            <line>
              <![CDATA[2019-08-14 23:09:32,005 INFO  uk.co.sytner.hompage.JumpPoint - ===PASSED==
]]>
            </line>
            <line>
              <![CDATA[2019-08-14 23:09:32,005 INFO  uk.co.sytner.hompage.JumpPoint - JumpPoint Alpine - Step 01: Move On MercedesBenz jump point
]]>
            </line>
            <line>
              <![CDATA[2019-08-14 23:09:33,225 INFO  uk.co.sytner.hompage.JumpPoint - JumpPoint Alpine - VP: Verify if MercedesBenz icon is displayed
]]>
            </line>
            <line>
              <![CDATA[2019-08-14 23:09:33,269 INFO  uk.co.sytner.hompage.JumpPoint - ===PASSED==
]]>
            </line>
            <line>
              <![CDATA[2019-08-14 23:09:33,270 INFO  uk.co.sytner.hompage.JumpPoint - JumpPoint Alpine - Step 02: Click On MercedesBenz jump point
]]>
            </line>
            <line>
              <![CDATA[2019-08-14 23:09:36,658 INFO  uk.co.sytner.hompage.JumpPoint - JumpPoint Alpine - VP: Verify if MercedesBenz page is displayed
]]>
            </line>
            <line>
              <![CDATA[2019-08-14 23:09:37,112 INFO  uk.co.sytner.hompage.JumpPoint - ===PASSED==
]]>
            </line>
            <line>
              <![CDATA[2019-08-14 23:09:37,112 INFO  uk.co.sytner.hompage.JumpPoint - JumpPoint Alpine - Post-condition: Click to Sytner Logo to back to homepage
]]>
            </line>
          </reporter-output>
        </test-method> <!-- TC_30_JumpPoints_013_MercedesBenz -->
        <test-method status="PASS" signature="TC_31_JumpPoints_014_Mini()[pri:0, instance:uk.co.sytner.hompage.JumpPoint@23e028a9]" name="TC_31_JumpPoints_014_Mini" duration-ms="18066" started-at="2019-08-14T23:09:46Z" finished-at="2019-08-14T23:10:04Z">
          <reporter-output>
            <line>
              <![CDATA[2019-08-14 23:09:46,761 INFO  uk.co.sytner.hompage.JumpPoint - JumpPoint Alpine - VP: Verify if MINI jump point is displayed
]]>
            </line>
            <line>
              <![CDATA[2019-08-14 23:09:46,959 INFO  uk.co.sytner.hompage.JumpPoint - ===PASSED==
]]>
            </line>
            <line>
              <![CDATA[2019-08-14 23:09:46,960 INFO  uk.co.sytner.hompage.JumpPoint - JumpPoint Alpine - Step 01: Move On MINI jump point
]]>
            </line>
            <line>
              <![CDATA[2019-08-14 23:09:48,308 INFO  uk.co.sytner.hompage.JumpPoint - JumpPoint Alpine - VP: Verify if MINI icon is displayed
]]>
            </line>
            <line>
              <![CDATA[2019-08-14 23:09:48,356 INFO  uk.co.sytner.hompage.JumpPoint - ===PASSED==
]]>
            </line>
            <line>
              <![CDATA[2019-08-14 23:09:48,356 INFO  uk.co.sytner.hompage.JumpPoint - JumpPoint Alpine - Step 02: Click On MINI jump point
]]>
            </line>
            <line>
              <![CDATA[2019-08-14 23:09:57,279 INFO  uk.co.sytner.hompage.JumpPoint - JumpPoint Alpine - VP: Verify if MINI page is displayed
]]>
            </line>
            <line>
              <![CDATA[2019-08-14 23:09:57,538 INFO  uk.co.sytner.hompage.JumpPoint - ===PASSED==
]]>
            </line>
            <line>
              <![CDATA[2019-08-14 23:09:57,538 INFO  uk.co.sytner.hompage.JumpPoint - JumpPoint Alpine - Post-condition: Click to Sytner Logo to back to homepage
]]>
            </line>
          </reporter-output>
        </test-method> <!-- TC_31_JumpPoints_014_Mini -->
        <test-method status="PASS" signature="TC_32_JumpPoints_015_Porsche()[pri:0, instance:uk.co.sytner.hompage.JumpPoint@23e028a9]" name="TC_32_JumpPoints_015_Porsche" duration-ms="18247" started-at="2019-08-14T23:10:04Z" finished-at="2019-08-14T23:10:23Z">
          <reporter-output>
            <line>
              <![CDATA[2019-08-14 23:10:04,827 INFO  uk.co.sytner.hompage.JumpPoint - JumpPoint Alpine - VP: Verify if Porsche jump point is displayed
]]>
            </line>
            <line>
              <![CDATA[2019-08-14 23:10:05,047 INFO  uk.co.sytner.hompage.JumpPoint - ===PASSED==
]]>
            </line>
            <line>
              <![CDATA[2019-08-14 23:10:05,048 INFO  uk.co.sytner.hompage.JumpPoint - JumpPoint Alpine - Step 01: Move On Porsche jump point
]]>
            </line>
            <line>
              <![CDATA[2019-08-14 23:10:06,261 INFO  uk.co.sytner.hompage.JumpPoint - JumpPoint Alpine - VP: Verify if Porsche icon is displayed
]]>
            </line>
            <line>
              <![CDATA[2019-08-14 23:10:06,311 INFO  uk.co.sytner.hompage.JumpPoint - ===PASSED==
]]>
            </line>
            <line>
              <![CDATA[2019-08-14 23:10:06,311 INFO  uk.co.sytner.hompage.JumpPoint - JumpPoint Alpine - Step 02: Click On Porsche jump point
]]>
            </line>
            <line>
              <![CDATA[2019-08-14 23:10:12,751 INFO  uk.co.sytner.hompage.JumpPoint - JumpPoint Alpine - VP: Verify if Porsche page is displayed
]]>
            </line>
            <line>
              <![CDATA[2019-08-14 23:10:12,775 INFO  uk.co.sytner.hompage.JumpPoint - ===PASSED==
]]>
            </line>
            <line>
              <![CDATA[2019-08-14 23:10:12,775 INFO  uk.co.sytner.hompage.JumpPoint - JumpPoint Alpine - Post-condition: Click to Sytner Logo to back to homepage
]]>
            </line>
          </reporter-output>
        </test-method> <!-- TC_32_JumpPoints_015_Porsche -->
        <test-method status="PASS" signature="TC_33_JumpPoints_016_RollsRoyce()[pri:0, instance:uk.co.sytner.hompage.JumpPoint@23e028a9]" name="TC_33_JumpPoints_016_RollsRoyce" duration-ms="12501" started-at="2019-08-14T23:10:23Z" finished-at="2019-08-14T23:10:35Z">
          <reporter-output>
            <line>
              <![CDATA[2019-08-14 23:10:23,076 INFO  uk.co.sytner.hompage.JumpPoint - JumpPoint Alpine - VP: Verify if Rolls Royce jump point is displayed
]]>
            </line>
            <line>
              <![CDATA[2019-08-14 23:10:23,461 INFO  uk.co.sytner.hompage.JumpPoint - ===PASSED==
]]>
            </line>
            <line>
              <![CDATA[2019-08-14 23:10:23,461 INFO  uk.co.sytner.hompage.JumpPoint - JumpPoint Alpine - Step 01: Move On Rolls Royce jump point
]]>
            </line>
            <line>
              <![CDATA[2019-08-14 23:10:24,669 INFO  uk.co.sytner.hompage.JumpPoint - JumpPoint Alpine - VP: Verify if Rolls Royce icon is displayed
]]>
            </line>
            <line>
              <![CDATA[2019-08-14 23:10:24,725 INFO  uk.co.sytner.hompage.JumpPoint - ===PASSED==
]]>
            </line>
            <line>
              <![CDATA[2019-08-14 23:10:24,725 INFO  uk.co.sytner.hompage.JumpPoint - JumpPoint Alpine - Step 02: Click On Rolls Royce jump point
]]>
            </line>
            <line>
              <![CDATA[2019-08-14 23:10:33,089 INFO  uk.co.sytner.hompage.JumpPoint - JumpPoint Alpine - VP: Verify if Rolls Royce page is displayed
]]>
            </line>
            <line>
              <![CDATA[2019-08-14 23:10:33,107 INFO  uk.co.sytner.hompage.JumpPoint - ===PASSED==
]]>
            </line>
            <line>
              <![CDATA[2019-08-14 23:10:33,107 INFO  uk.co.sytner.hompage.JumpPoint - JumpPoint Alpine - Post-condition: Click to Sytner Logo to back to homepage
]]>
            </line>
          </reporter-output>
        </test-method> <!-- TC_33_JumpPoints_016_RollsRoyce -->
        <test-method status="PASS" signature="TC_34_JumpPoints_017_Seat()[pri:0, instance:uk.co.sytner.hompage.JumpPoint@23e028a9]" name="TC_34_JumpPoints_017_Seat" duration-ms="18839" started-at="2019-08-14T23:10:35Z" finished-at="2019-08-14T23:10:54Z">
          <reporter-output>
            <line>
              <![CDATA[2019-08-14 23:10:35,577 INFO  uk.co.sytner.hompage.JumpPoint - JumpPoint Alpine - VP: Verify if SEAT jump point is displayed
]]>
            </line>
            <line>
              <![CDATA[2019-08-14 23:10:37,377 INFO  uk.co.sytner.hompage.JumpPoint - ===PASSED==
]]>
            </line>
            <line>
              <![CDATA[2019-08-14 23:10:37,377 INFO  uk.co.sytner.hompage.JumpPoint - JumpPoint Alpine - Step 01: Move On SEAT jump point
]]>
            </line>
            <line>
              <![CDATA[2019-08-14 23:10:39,914 INFO  uk.co.sytner.hompage.JumpPoint - JumpPoint Alpine - VP: Verify if SEAT icon is displayed
]]>
            </line>
            <line>
              <![CDATA[2019-08-14 23:10:40,075 INFO  uk.co.sytner.hompage.JumpPoint - ===PASSED==
]]>
            </line>
            <line>
              <![CDATA[2019-08-14 23:10:40,075 INFO  uk.co.sytner.hompage.JumpPoint - JumpPoint Alpine - Step 02: Click On SEAT jump point
]]>
            </line>
            <line>
              <![CDATA[2019-08-14 23:10:48,383 INFO  uk.co.sytner.hompage.JumpPoint - JumpPoint Alpine - VP: Verify if SEAT page is displayed
]]>
            </line>
            <line>
              <![CDATA[2019-08-14 23:10:48,392 INFO  uk.co.sytner.hompage.JumpPoint - ===PASSED==
]]>
            </line>
            <line>
              <![CDATA[2019-08-14 23:10:48,392 INFO  uk.co.sytner.hompage.JumpPoint - JumpPoint Alpine - Post-condition: Click to Sytner Logo to back to homepage
]]>
            </line>
          </reporter-output>
        </test-method> <!-- TC_34_JumpPoints_017_Seat -->
        <test-method status="PASS" signature="TC_35_JumpPoints_018_Skoda()[pri:0, instance:uk.co.sytner.hompage.JumpPoint@23e028a9]" name="TC_35_JumpPoints_018_Skoda" duration-ms="14200" started-at="2019-08-14T23:10:54Z" finished-at="2019-08-14T23:11:08Z">
          <reporter-output>
            <line>
              <![CDATA[2019-08-14 23:10:54,418 INFO  uk.co.sytner.hompage.JumpPoint - JumpPoint Alpine - VP: Verify if Skoda jump point is displayed
]]>
            </line>
            <line>
              <![CDATA[2019-08-14 23:10:54,555 INFO  uk.co.sytner.hompage.JumpPoint - ===PASSED==
]]>
            </line>
            <line>
              <![CDATA[2019-08-14 23:10:54,555 INFO  uk.co.sytner.hompage.JumpPoint - JumpPoint Alpine - Step 01: Move On Skoda jump point
]]>
            </line>
            <line>
              <![CDATA[2019-08-14 23:10:55,784 INFO  uk.co.sytner.hompage.JumpPoint - JumpPoint Alpine - VP: Verify if Skoda icon is displayed
]]>
            </line>
            <line>
              <![CDATA[2019-08-14 23:10:55,832 INFO  uk.co.sytner.hompage.JumpPoint - ===PASSED==
]]>
            </line>
            <line>
              <![CDATA[2019-08-14 23:10:55,832 INFO  uk.co.sytner.hompage.JumpPoint - JumpPoint Alpine - Step 02: Click On Skoda jump point
]]>
            </line>
            <line>
              <![CDATA[2019-08-14 23:11:06,281 INFO  uk.co.sytner.hompage.JumpPoint - JumpPoint Alpine - VP: Verify if Skoda page is displayed
]]>
            </line>
            <line>
              <![CDATA[2019-08-14 23:11:06,302 INFO  uk.co.sytner.hompage.JumpPoint - ===PASSED==
]]>
            </line>
            <line>
              <![CDATA[2019-08-14 23:11:06,302 INFO  uk.co.sytner.hompage.JumpPoint - JumpPoint Alpine - Post-condition: Click to Sytner Logo to back to homepage
]]>
            </line>
          </reporter-output>
        </test-method> <!-- TC_35_JumpPoints_018_Skoda -->
        <test-method status="PASS" signature="TC_36_JumpPoints_019_Smart()[pri:0, instance:uk.co.sytner.hompage.JumpPoint@23e028a9]" name="TC_36_JumpPoints_019_Smart" duration-ms="14179" started-at="2019-08-14T23:11:08Z" finished-at="2019-08-14T23:11:22Z">
          <reporter-output>
            <line>
              <![CDATA[2019-08-14 23:11:08,619 INFO  uk.co.sytner.hompage.JumpPoint - JumpPoint Alpine - VP: Verify if smart jump point is displayed
]]>
            </line>
            <line>
              <![CDATA[2019-08-14 23:11:09,687 INFO  uk.co.sytner.hompage.JumpPoint - ===PASSED==
]]>
            </line>
            <line>
              <![CDATA[2019-08-14 23:11:09,687 INFO  uk.co.sytner.hompage.JumpPoint - JumpPoint Alpine - Step 01: Move On smart jump point
]]>
            </line>
            <line>
              <![CDATA[2019-08-14 23:11:12,795 INFO  uk.co.sytner.hompage.JumpPoint - JumpPoint Alpine - VP: Verify if smart icon is displayed
]]>
            </line>
            <line>
              <![CDATA[2019-08-14 23:11:12,969 INFO  uk.co.sytner.hompage.JumpPoint - ===PASSED==
]]>
            </line>
            <line>
              <![CDATA[2019-08-14 23:11:12,969 INFO  uk.co.sytner.hompage.JumpPoint - JumpPoint Alpine - Step 02: Click On smart jump point
]]>
            </line>
            <line>
              <![CDATA[2019-08-14 23:11:19,526 INFO  uk.co.sytner.hompage.JumpPoint - JumpPoint Alpine - VP: Verify if smart page is displayed
]]>
            </line>
            <line>
              <![CDATA[2019-08-14 23:11:19,626 INFO  uk.co.sytner.hompage.JumpPoint - ===PASSED==
]]>
            </line>
            <line>
              <![CDATA[2019-08-14 23:11:19,627 INFO  uk.co.sytner.hompage.JumpPoint - JumpPoint Alpine - Post-condition: Click to Sytner Logo to back to homepage
]]>
            </line>
          </reporter-output>
        </test-method> <!-- TC_36_JumpPoints_019_Smart -->
        <test-method status="PASS" signature="TC_37_JumpPoints_020_Volkswagen()[pri:0, instance:uk.co.sytner.hompage.JumpPoint@23e028a9]" name="TC_37_JumpPoints_020_Volkswagen" duration-ms="12999" started-at="2019-08-14T23:11:22Z" finished-at="2019-08-14T23:11:35Z">
          <reporter-output>
            <line>
              <![CDATA[2019-08-14 23:11:22,799 INFO  uk.co.sytner.hompage.JumpPoint - JumpPoint Alpine - VP: Verify if Volkswagen jump point is displayed
]]>
            </line>
            <line>
              <![CDATA[2019-08-14 23:11:23,879 INFO  uk.co.sytner.hompage.JumpPoint - ===PASSED==
]]>
            </line>
            <line>
              <![CDATA[2019-08-14 23:11:23,879 INFO  uk.co.sytner.hompage.JumpPoint - JumpPoint Alpine - Step 01: Move On Volkswagen jump point
]]>
            </line>
            <line>
              <![CDATA[2019-08-14 23:11:26,601 INFO  uk.co.sytner.hompage.JumpPoint - JumpPoint Alpine - VP: Verify if Volkswagen icon is displayed
]]>
            </line>
            <line>
              <![CDATA[2019-08-14 23:11:26,653 INFO  uk.co.sytner.hompage.JumpPoint - ===PASSED==
]]>
            </line>
            <line>
              <![CDATA[2019-08-14 23:11:26,653 INFO  uk.co.sytner.hompage.JumpPoint - JumpPoint Alpine - Step 02: Click On Volkswagen jump point
]]>
            </line>
            <line>
              <![CDATA[2019-08-14 23:11:29,694 INFO  uk.co.sytner.hompage.JumpPoint - JumpPoint Alpine - VP: Verify if Volkswagen page is displayed
]]>
            </line>
            <line>
              <![CDATA[2019-08-14 23:11:30,034 INFO  uk.co.sytner.hompage.JumpPoint - ===PASSED==
]]>
            </line>
            <line>
              <![CDATA[2019-08-14 23:11:30,035 INFO  uk.co.sytner.hompage.JumpPoint - JumpPoint Alpine - Post-condition: Click to Sytner Logo to back to homepage
]]>
            </line>
          </reporter-output>
        </test-method> <!-- TC_37_JumpPoints_020_Volkswagen -->
        <test-method status="PASS" signature="TC_38_JumpPoints_021_VolkswagenCommercial()[pri:0, instance:uk.co.sytner.hompage.JumpPoint@23e028a9]" name="TC_38_JumpPoints_021_VolkswagenCommercial" duration-ms="13984" started-at="2019-08-14T23:11:35Z" finished-at="2019-08-14T23:11:49Z">
          <reporter-output>
            <line>
              <![CDATA[2019-08-14 23:11:35,799 INFO  uk.co.sytner.hompage.JumpPoint - JumpPoint Alpine - VP: Verify if Volkswagen Commercial jump point is displayed
]]>
            </line>
            <line>
              <![CDATA[2019-08-14 23:11:36,910 INFO  uk.co.sytner.hompage.JumpPoint - ===PASSED==
]]>
            </line>
            <line>
              <![CDATA[2019-08-14 23:11:36,911 INFO  uk.co.sytner.hompage.JumpPoint - JumpPoint Alpine - Step 01: Move On Volkswagen Commercial jump point
]]>
            </line>
            <line>
              <![CDATA[2019-08-14 23:11:40,053 INFO  uk.co.sytner.hompage.JumpPoint - JumpPoint Alpine - VP: Verify if Volkswagen Commercial icon is displayed
]]>
            </line>
            <line>
              <![CDATA[2019-08-14 23:11:40,155 INFO  uk.co.sytner.hompage.JumpPoint - ===PASSED==
]]>
            </line>
            <line>
              <![CDATA[2019-08-14 23:11:40,155 INFO  uk.co.sytner.hompage.JumpPoint - JumpPoint Alpine - Step 02: Click On Volkswagen Commercial jump point
]]>
            </line>
            <line>
              <![CDATA[2019-08-14 23:11:46,981 INFO  uk.co.sytner.hompage.JumpPoint - JumpPoint Alpine - VP: Verify if Volkswagen Commercial page is displayed
]]>
            </line>
            <line>
              <![CDATA[2019-08-14 23:11:47,008 INFO  uk.co.sytner.hompage.JumpPoint - ===PASSED==
]]>
            </line>
            <line>
              <![CDATA[2019-08-14 23:11:47,008 INFO  uk.co.sytner.hompage.JumpPoint - JumpPoint Alpine - Post-condition: Click to Sytner Logo to back to homepage
]]>
            </line>
          </reporter-output>
        </test-method> <!-- TC_38_JumpPoints_021_VolkswagenCommercial -->
        <test-method status="PASS" signature="TC_39_JumpPoints_022_Volvo()[pri:0, instance:uk.co.sytner.hompage.JumpPoint@23e028a9]" name="TC_39_JumpPoints_022_Volvo" duration-ms="14897" started-at="2019-08-14T23:11:49Z" finished-at="2019-08-14T23:12:04Z">
          <reporter-output>
            <line>
              <![CDATA[2019-08-14 23:11:49,785 INFO  uk.co.sytner.hompage.JumpPoint - JumpPoint Alpine - VP: Verify if Volvo jump point is displayed
]]>
            </line>
            <line>
              <![CDATA[2019-08-14 23:11:51,626 INFO  uk.co.sytner.hompage.JumpPoint - ===PASSED==
]]>
            </line>
            <line>
              <![CDATA[2019-08-14 23:11:51,626 INFO  uk.co.sytner.hompage.JumpPoint - JumpPoint Alpine - Step 01: Move On Volvo jump point
]]>
            </line>
            <line>
              <![CDATA[2019-08-14 23:11:54,213 INFO  uk.co.sytner.hompage.JumpPoint - JumpPoint Alpine - VP: Verify if Volvo icon is displayed
]]>
            </line>
            <line>
              <![CDATA[2019-08-14 23:11:54,260 INFO  uk.co.sytner.hompage.JumpPoint - ===PASSED==
]]>
            </line>
            <line>
              <![CDATA[2019-08-14 23:11:54,260 INFO  uk.co.sytner.hompage.JumpPoint - JumpPoint Alpine - Step 02: Click On Volvo jump point
]]>
            </line>
            <line>
              <![CDATA[2019-08-14 23:12:01,940 INFO  uk.co.sytner.hompage.JumpPoint - JumpPoint Alpine - VP: Verify if Volvo page is displayed
]]>
            </line>
            <line>
              <![CDATA[2019-08-14 23:12:02,019 INFO  uk.co.sytner.hompage.JumpPoint - ===PASSED==
]]>
            </line>
            <line>
              <![CDATA[2019-08-14 23:12:02,019 INFO  uk.co.sytner.hompage.JumpPoint - JumpPoint Alpine - Post-condition: Click to Sytner Logo to back to homepage
]]>
            </line>
          </reporter-output>
        </test-method> <!-- TC_39_JumpPoints_022_Volvo -->
        <test-method status="PASS" signature="tearDown()[pri:0, instance:uk.co.sytner.hompage.JumpPoint@23e028a9]" name="tearDown" is-config="true" duration-ms="1550" started-at="2019-08-14T23:12:04Z" finished-at="2019-08-14T23:12:06Z">
          <reporter-output>
            <line>
              <![CDATA[2019-08-14 23:12:04,683 INFO  uk.co.sytner.hompage.JumpPoint - OS Name: windows 10
]]>
            </line>
            <line>
              <![CDATA[2019-08-14 23:12:06,232 INFO  uk.co.sytner.hompage.JumpPoint - -----QUIT BROWSER SUCCESSFULLY-----
]]>
            </line>
          </reporter-output>
        </test-method> <!-- tearDown -->
      </class> <!-- uk.co.sytner.hompage.JumpPoint -->
    </test> <!-- Run test on Chrome browser -->
  </suite> <!-- Register and Verify -->
</testng-results>
