<?xml version="1.0" encoding="UTF-8"?>
<testsuite name="Run test on Chrome browser"
           tests="24"
           failures="1"
           errors="0"
           skipped="2"
           time="359.868">
  <properties />
            <testcase name="TC_25_JumpPoints_008_LandRover" time="17.435" classname="uk.co.sytner.hompage.JumpPoint">
                <failure type="java.lang.AssertionError"
                  message="expected [true] but found [false]"
              >
<![CDATA[java.lang.AssertionError: expected [true] but found [false]
  org.testng.Assert.fail(Assert.java:94)
  org.testng.Assert.failNotEquals(Assert.java:513)
  org.testng.Assert.assertTrue(Assert.java:42)
  org.testng.Assert.assertTrue(Assert.java:52)
  commons.AbstractTest.checkPassed(AbstractTest.java:63)
  commons.AbstractTest.verifyTrue(AbstractTest.java:74)
  uk.co.sytner.hompage.JumpPoint.TC_25_JumpPoints_008_LandRover(JumpPoint.java:187)
  sun.reflect.NativeMethodAccessorImpl.invoke0(Native Method)
  sun.reflect.NativeMethodAccessorImpl.invoke(NativeMethodAccessorImpl.java:62)
  sun.reflect.DelegatingMethodAccessorImpl.invoke(DelegatingMethodAccessorImpl.java:43)
  java.lang.reflect.Method.invoke(Method.java:498)
  org.testng.internal.MethodInvocationHelper.invokeMethod(MethodInvocationHelper.java:86)
  org.testng.internal.Invoker.invokeMethod(Invoker.java:643)
  org.testng.internal.Invoker.retryFailed(Invoker.java:967)
  org.testng.internal.Invoker.invokeTestMethods(Invoker.java:1146)
  org.testng.internal.TestMethodWorker.invokeTestMethods(TestMethodWorker.java:129)
  org.testng.internal.TestMethodWorker.run(TestMethodWorker.java:112)
  org.testng.TestRunner.privateRun(TestRunner.java:782)
  org.testng.TestRunner.run(TestRunner.java:632)
  org.testng.SuiteRunner.runTest(SuiteRunner.java:366)
  org.testng.SuiteRunner.runSequentially(SuiteRunner.java:361)
  org.testng.SuiteRunner.privateRun(SuiteRunner.java:319)
  org.testng.SuiteRunner.run(SuiteRunner.java:268)
  org.testng.SuiteRunnerWorker.runSuite(SuiteRunnerWorker.java:52)
  org.testng.SuiteRunnerWorker.run(SuiteRunnerWorker.java:86)
  org.testng.TestNG.runSuitesSequentially(TestNG.java:1244)
  org.testng.TestNG.runSuitesLocally(TestNG.java:1169)
  org.testng.TestNG.run(TestNG.java:1064)
  org.apache.maven.surefire.testng.TestNGExecutor.run(TestNGExecutor.java:282)
  org.apache.maven.surefire.testng.TestNGXmlTestSuite.execute(TestNGXmlTestSuite.java:83)
  org.apache.maven.surefire.testng.TestNGProvider.invoke(TestNGProvider.java:114)
  org.apache.maven.surefire.booter.ForkedBooter.invokeProviderInSameClassLoader(ForkedBooter.java:286)
  org.apache.maven.surefire.booter.ForkedBooter.runSuitesInProcess(ForkedBooter.java:240)
  org.apache.maven.surefire.booter.ForkedBooter.main(ForkedBooter.java:121)
]]>
      </failure>

          </testcase>
  
            <testcase name="TC_25_JumpPoints_008_LandRover" time="0.0" classname="uk.co.sytner.hompage.JumpPoint">
          <skipped />
    </testcase>
            <testcase name="TC_25_JumpPoints_008_LandRover" time="0.0" classname="uk.co.sytner.hompage.JumpPoint">
          <skipped />
    </testcase>
  
            <testcase name="TC_38_JumpPoints_021_VolkswagenCommercial" time="13.984" classname="uk.co.sytner.hompage.JumpPoint" />
                <testcase name="TC_30_JumpPoints_013_MercedesBenz" time="14.933" classname="uk.co.sytner.hompage.JumpPoint" />
                <testcase name="TC_26_JumpPoints_009_Lamborghini" time="10.654" classname="uk.co.sytner.hompage.JumpPoint" />
                <testcase name="TC_37_JumpPoints_020_Volkswagen" time="12.999" classname="uk.co.sytner.hompage.JumpPoint" />
                <testcase name="TC_35_JumpPoints_018_Skoda" time="14.200" classname="uk.co.sytner.hompage.JumpPoint" />
                <testcase name="TC_28_JumpPoints_011_Maserati" time="17.146" classname="uk.co.sytner.hompage.JumpPoint" />
                <testcase name="TC_31_JumpPoints_014_Mini" time="18.066" classname="uk.co.sytner.hompage.JumpPoint" />
                <testcase name="TC_21_JumpPoints_004_BMW" time="13.301" classname="uk.co.sytner.hompage.JumpPoint" />
                <testcase name="TC_23_JumpPoints_006_AstonMartin" time="10.500" classname="uk.co.sytner.hompage.JumpPoint" />
                <testcase name="TC_22_JumpPoints_005_Ferrari" time="15.083" classname="uk.co.sytner.hompage.JumpPoint" />
                <testcase name="TC_39_JumpPoints_022_Volvo" time="14.897" classname="uk.co.sytner.hompage.JumpPoint" />
                <testcase name="TC_19_JumpPoints_002_Audi" time="17.063" classname="uk.co.sytner.hompage.JumpPoint" />
                <testcase name="TC_29_JumpPoints_012_McLaren" time="17.230" classname="uk.co.sytner.hompage.JumpPoint" />
                <testcase name="TC_34_JumpPoints_017_Seat" time="18.839" classname="uk.co.sytner.hompage.JumpPoint" />
                <testcase name="TC_36_JumpPoints_019_Smart" time="14.179" classname="uk.co.sytner.hompage.JumpPoint" />
                <testcase name="TC_20_JumpPoints_003_Bentley" time="16.580" classname="uk.co.sytner.hompage.JumpPoint" />
                <testcase name="TC_24_JumpPoints_007_Jaguar" time="12.399" classname="uk.co.sytner.hompage.JumpPoint" />
                <testcase name="TC_33_JumpPoints_016_RollsRoyce" time="12.501" classname="uk.co.sytner.hompage.JumpPoint" />
                <testcase name="TC_27_JumpPoints_010_SytnerSelect" time="14.873" classname="uk.co.sytner.hompage.JumpPoint" />
                <testcase name="TC_18_JumpPoints_001_Alpina" time="15.572" classname="uk.co.sytner.hompage.JumpPoint" />
                <testcase name="TC_32_JumpPoints_015_Porsche" time="18.247" classname="uk.co.sytner.hompage.JumpPoint" />
      
</testsuite>
