<?xml version="1.0" encoding="UTF-8"?>
<!-- Generated by org.testng.reporters.JUnitXMLReporter -->
<testsuite hostname="DESKTOP-4H2CDN2" name="Run test on Chrome browser" tests="24" failures="1" timestamp="15 Aug 2019 03:12:06 GMT" time="385.763" errors="0">
  <testcase name="TC_18_JumpPoints_001_Alpina" time="15.572" classname="uk.co.sytner.hompage.JumpPoint"/>
  <testcase name="TC_19_JumpPoints_002_Audi" time="17.063" classname="uk.co.sytner.hompage.JumpPoint"/>
  <testcase name="TC_20_JumpPoints_003_Bentley" time="16.58" classname="uk.co.sytner.hompage.JumpPoint"/>
  <testcase name="TC_21_JumpPoints_004_BMW" time="13.301" classname="uk.co.sytner.hompage.JumpPoint"/>
  <testcase name="TC_22_JumpPoints_005_Ferrari" time="15.083" classname="uk.co.sytner.hompage.JumpPoint"/>
  <testcase name="TC_23_JumpPoints_006_AstonMartin" time="10.5" classname="uk.co.sytner.hompage.JumpPoint"/>
  <testcase name="TC_24_JumpPoints_007_Jaguar" time="12.399" classname="uk.co.sytner.hompage.JumpPoint"/>
  <testcase name="TC_25_JumpPoints_008_LandRover" time="15.111" classname="uk.co.sytner.hompage.JumpPoint">
    <skipped/>
  </testcase> <!-- TC_25_JumpPoints_008_LandRover -->
  <testcase name="TC_25_JumpPoints_008_LandRover" time="14.076" classname="uk.co.sytner.hompage.JumpPoint">
    <skipped/>
  </testcase> <!-- TC_25_JumpPoints_008_LandRover -->
  <testcase name="TC_25_JumpPoints_008_LandRover" time="17.435" classname="uk.co.sytner.hompage.JumpPoint">
    <failure type="java.lang.AssertionError" message="expected [true] but found [false]">
      <![CDATA[java.lang.AssertionError: expected [true] but found [false]
	at commons.AbstractTest.checkPassed(AbstractTest.java:63)
	at commons.AbstractTest.verifyTrue(AbstractTest.java:74)
	at uk.co.sytner.hompage.JumpPoint.TC_25_JumpPoints_008_LandRover(JumpPoint.java:187)
... Removed 31 stack frames]]>
    </failure>
  </testcase> <!-- TC_25_JumpPoints_008_LandRover -->
  <testcase name="TC_26_JumpPoints_009_Lamborghini" time="10.654" classname="uk.co.sytner.hompage.JumpPoint"/>
  <testcase name="TC_27_JumpPoints_010_SytnerSelect" time="14.873" classname="uk.co.sytner.hompage.JumpPoint"/>
  <testcase name="TC_28_JumpPoints_011_Maserati" time="17.146" classname="uk.co.sytner.hompage.JumpPoint"/>
  <testcase name="TC_29_JumpPoints_012_McLaren" time="17.23" classname="uk.co.sytner.hompage.JumpPoint"/>
  <testcase name="TC_30_JumpPoints_013_MercedesBenz" time="14.933" classname="uk.co.sytner.hompage.JumpPoint"/>
  <testcase name="TC_31_JumpPoints_014_Mini" time="18.066" classname="uk.co.sytner.hompage.JumpPoint"/>
  <testcase name="TC_32_JumpPoints_015_Porsche" time="18.247" classname="uk.co.sytner.hompage.JumpPoint"/>
  <testcase name="TC_33_JumpPoints_016_RollsRoyce" time="12.501" classname="uk.co.sytner.hompage.JumpPoint"/>
  <testcase name="TC_34_JumpPoints_017_Seat" time="18.839" classname="uk.co.sytner.hompage.JumpPoint"/>
  <testcase name="TC_35_JumpPoints_018_Skoda" time="14.2" classname="uk.co.sytner.hompage.JumpPoint"/>
  <testcase name="TC_36_JumpPoints_019_Smart" time="14.179" classname="uk.co.sytner.hompage.JumpPoint"/>
  <testcase name="TC_37_JumpPoints_020_Volkswagen" time="12.999" classname="uk.co.sytner.hompage.JumpPoint"/>
  <testcase name="TC_38_JumpPoints_021_VolkswagenCommercial" time="13.984" classname="uk.co.sytner.hompage.JumpPoint"/>
  <testcase name="TC_39_JumpPoints_022_Volvo" time="14.897" classname="uk.co.sytner.hompage.JumpPoint"/>
</testsuite> <!-- Run test on Chrome browser -->
